CRITICAL - 2023-01-09 09:51:26 --> Call to undefined method App\Models\ModelPengingatTemp::tampilDataTemp
#0 C:\xampp\htdocs\ino\app\Controllers\Pengingat.php(318): CodeIgniter\Model->__call('tampilDataTemp', Array)
#1 C:\xampp\htdocs\ino\system\CodeIgniter.php(832): App\Controllers\Pengingat->selesaiPengingat()
#2 C:\xampp\htdocs\ino\system\CodeIgniter.php(419): CodeIgniter\CodeIgniter->runController(Object(App\Controllers\Pengingat))
#3 C:\xampp\htdocs\ino\system\CodeIgniter.php(326): CodeIgniter\CodeIgniter->handleRequest(NULL, Object(Config\Cache), false)
#4 C:\xampp\htdocs\ino\public\index.php(37): CodeIgniter\CodeIgniter->run()
#5 {main}
CRITICAL - 2023-01-09 09:51:39 --> Call to undefined method App\Models\ModelPengingatTemp::tampilDataTemp
#0 C:\xampp\htdocs\ino\app\Controllers\Pengingat.php(318): CodeIgniter\Model->__call('tampilDataTemp', Array)
#1 C:\xampp\htdocs\ino\system\CodeIgniter.php(832): App\Controllers\Pengingat->selesaiPengingat()
#2 C:\xampp\htdocs\ino\system\CodeIgniter.php(419): CodeIgniter\CodeIgniter->runController(Object(App\Controllers\Pengingat))
#3 C:\xampp\htdocs\ino\system\CodeIgniter.php(326): CodeIgniter\CodeIgniter->handleRequest(NULL, Object(Config\Cache), false)
#4 C:\xampp\htdocs\ino\public\index.php(37): CodeIgniter\CodeIgniter->run()
#5 {main}
CRITICAL - 2023-01-09 09:53:59 --> Undefined property: stdClass::$ingatid
#0 C:\xampp\htdocs\ino\app\Controllers\Pengingat.php(43): CodeIgniter\Debug\Exceptions->errorHandler(2, 'Undefined prope...', 'C:\\xampp\\htdocs...', 43)
#1 C:\xampp\htdocs\ino\system\CodeIgniter.php(832): App\Controllers\Pengingat->listData()
#2 C:\xampp\htdocs\ino\system\CodeIgniter.php(419): CodeIgniter\CodeIgniter->runController(Object(App\Controllers\Pengingat))
#3 C:\xampp\htdocs\ino\system\CodeIgniter.php(326): CodeIgniter\CodeIgniter->handleRequest(NULL, Object(Config\Cache), false)
#4 C:\xampp\htdocs\ino\public\index.php(37): CodeIgniter\CodeIgniter->run()
#5 {main}
CRITICAL - 2023-01-09 10:36:02 --> Undefined property: stdClass::$ingatid
#0 C:\xampp\htdocs\ino\app\Controllers\Pengingat.php(43): CodeIgniter\Debug\Exceptions->errorHandler(2, 'Undefined prope...', 'C:\\xampp\\htdocs...', 43)
#1 C:\xampp\htdocs\ino\system\CodeIgniter.php(832): App\Controllers\Pengingat->listData()
#2 C:\xampp\htdocs\ino\system\CodeIgniter.php(419): CodeIgniter\CodeIgniter->runController(Object(App\Controllers\Pengingat))
#3 C:\xampp\htdocs\ino\system\CodeIgniter.php(326): CodeIgniter\CodeIgniter->handleRequest(NULL, Object(Config\Cache), false)
#4 C:\xampp\htdocs\ino\public\index.php(37): CodeIgniter\CodeIgniter->run()
#5 {main}
CRITICAL - 2023-01-09 10:36:16 --> Undefined property: stdClass::$ingatid
#0 C:\xampp\htdocs\ino\app\Controllers\Pengingat.php(43): CodeIgniter\Debug\Exceptions->errorHandler(2, 'Undefined prope...', 'C:\\xampp\\htdocs...', 43)
#1 C:\xampp\htdocs\ino\system\CodeIgniter.php(832): App\Controllers\Pengingat->listData()
#2 C:\xampp\htdocs\ino\system\CodeIgniter.php(419): CodeIgniter\CodeIgniter->runController(Object(App\Controllers\Pengingat))
#3 C:\xampp\htdocs\ino\system\CodeIgniter.php(326): CodeIgniter\CodeIgniter->handleRequest(NULL, Object(Config\Cache), false)
#4 C:\xampp\htdocs\ino\public\index.php(37): CodeIgniter\CodeIgniter->run()
#5 {main}
ERROR - 2023-01-09 10:43:21 --> Unknown column 'pgtbrgkode' in 'order clause'
CRITICAL - 2023-01-09 10:43:21 --> Unknown column 'pgtbrgkode' in 'order clause'
#0 C:\xampp\htdocs\ino\system\Database\MySQLi\Connection.php(292): mysqli->query('SELECT *\nFROM `...', 0)
#1 C:\xampp\htdocs\ino\system\Database\BaseConnection.php(670): CodeIgniter\Database\MySQLi\Connection->execute('SELECT *\nFROM `...')
#2 C:\xampp\htdocs\ino\system\Database\BaseConnection.php(598): CodeIgniter\Database\BaseConnection->simpleQuery('SELECT *\nFROM `...')
#3 C:\xampp\htdocs\ino\system\Database\BaseBuilder.php(1455): CodeIgniter\Database\BaseConnection->query('SELECT *\nFROM `...', Array, false)
#4 C:\xampp\htdocs\ino\app\Models\ModelPengingatPagination.php(55): CodeIgniter\Database\BaseBuilder->get()
#5 C:\xampp\htdocs\ino\app\Controllers\Pengingat.php(36): App\Models\ModelPengingatPagination->get_datatables()
#6 C:\xampp\htdocs\ino\system\CodeIgniter.php(832): App\Controllers\Pengingat->listData()
#7 C:\xampp\htdocs\ino\system\CodeIgniter.php(419): CodeIgniter\CodeIgniter->runController(Object(App\Controllers\Pengingat))
#8 C:\xampp\htdocs\ino\system\CodeIgniter.php(326): CodeIgniter\CodeIgniter->handleRequest(NULL, Object(Config\Cache), false)
#9 C:\xampp\htdocs\ino\public\index.php(37): CodeIgniter\CodeIgniter->run()
#10 {main}
