CRITICAL - 2022-05-11 10:00:40 --> Allowed fields must be specified for model: App\Models\ModelBiodataKtp
#0 C:\xampp\htdocs\ino\system\BaseModel.php(1138): CodeIgniter\Database\Exceptions\DataException::forInvalidAllowedFields('App\\Models\\Mode...')
#1 C:\xampp\htdocs\ino\system\BaseModel.php(713): CodeIgniter\BaseModel->doProtectFields(Array)
#2 C:\xampp\htdocs\ino\system\Model.php(625): CodeIgniter\BaseModel->insert(Array, true)
#3 C:\xampp\htdocs\ino\app\Controllers\BiodataKtp.php(180): CodeIgniter\Model->insert(Array)
#4 C:\xampp\htdocs\ino\system\CodeIgniter.php(832): App\Controllers\BiodataKtp->simpan()
#5 C:\xampp\htdocs\ino\system\CodeIgniter.php(419): CodeIgniter\CodeIgniter->runController(Object(App\Controllers\BiodataKtp))
#6 C:\xampp\htdocs\ino\system\CodeIgniter.php(326): CodeIgniter\CodeIgniter->handleRequest(NULL, Object(Config\Cache), false)
#7 C:\xampp\htdocs\ino\public\index.php(37): CodeIgniter\CodeIgniter->run()
#8 C:\xampp\htdocs\ino\system\Commands\Server\rewrite.php(43): require_once('C:\\xampp\\htdocs...')
#9 {main}
CRITICAL - 2022-05-11 11:31:35 --> Undefined index: gambar
#0 C:\xampp\htdocs\ino\app\Controllers\BiodataKtp.php(190): CodeIgniter\Debug\Exceptions->errorHandler(8, 'Undefined index...', 'C:\\xampp\\htdocs...', 190, Array)
#1 C:\xampp\htdocs\ino\system\CodeIgniter.php(832): App\Controllers\BiodataKtp->simpan()
#2 C:\xampp\htdocs\ino\system\CodeIgniter.php(419): CodeIgniter\CodeIgniter->runController(Object(App\Controllers\BiodataKtp))
#3 C:\xampp\htdocs\ino\system\CodeIgniter.php(326): CodeIgniter\CodeIgniter->handleRequest(NULL, Object(Config\Cache), false)
#4 C:\xampp\htdocs\ino\public\index.php(37): CodeIgniter\CodeIgniter->run()
#5 C:\xampp\htdocs\ino\system\Commands\Server\rewrite.php(43): require_once('C:\\xampp\\htdocs...')
#6 {main}
CRITICAL - 2022-05-11 11:32:41 --> Undefined index: gambar
#0 C:\xampp\htdocs\ino\app\Controllers\BiodataKtp.php(190): CodeIgniter\Debug\Exceptions->errorHandler(8, 'Undefined index...', 'C:\\xampp\\htdocs...', 190, Array)
#1 C:\xampp\htdocs\ino\system\CodeIgniter.php(832): App\Controllers\BiodataKtp->simpan()
#2 C:\xampp\htdocs\ino\system\CodeIgniter.php(419): CodeIgniter\CodeIgniter->runController(Object(App\Controllers\BiodataKtp))
#3 C:\xampp\htdocs\ino\system\CodeIgniter.php(326): CodeIgniter\CodeIgniter->handleRequest(NULL, Object(Config\Cache), false)
#4 C:\xampp\htdocs\ino\public\index.php(37): CodeIgniter\CodeIgniter->run()
#5 C:\xampp\htdocs\ino\system\Commands\Server\rewrite.php(43): require_once('C:\\xampp\\htdocs...')
#6 {main}
CRITICAL - 2022-05-11 11:41:47 --> Undefined index: gambar
#0 C:\xampp\htdocs\ino\app\Controllers\BiodataKtp.php(189): CodeIgniter\Debug\Exceptions->errorHandler(8, 'Undefined index...', 'C:\\xampp\\htdocs...', 189, Array)
#1 C:\xampp\htdocs\ino\system\CodeIgniter.php(832): App\Controllers\BiodataKtp->simpan()
#2 C:\xampp\htdocs\ino\system\CodeIgniter.php(419): CodeIgniter\CodeIgniter->runController(Object(App\Controllers\BiodataKtp))
#3 C:\xampp\htdocs\ino\system\CodeIgniter.php(326): CodeIgniter\CodeIgniter->handleRequest(NULL, Object(Config\Cache), false)
#4 C:\xampp\htdocs\ino\public\index.php(37): CodeIgniter\CodeIgniter->run()
#5 C:\xampp\htdocs\ino\system\Commands\Server\rewrite.php(43): require_once('C:\\xampp\\htdocs...')
#6 {main}
CRITICAL - 2022-05-11 11:43:35 --> Undefined index: gambar
#0 C:\xampp\htdocs\ino\app\Controllers\BiodataKtp.php(190): CodeIgniter\Debug\Exceptions->errorHandler(8, 'Undefined index...', 'C:\\xampp\\htdocs...', 190, Array)
#1 C:\xampp\htdocs\ino\system\CodeIgniter.php(832): App\Controllers\BiodataKtp->simpan()
#2 C:\xampp\htdocs\ino\system\CodeIgniter.php(419): CodeIgniter\CodeIgniter->runController(Object(App\Controllers\BiodataKtp))
#3 C:\xampp\htdocs\ino\system\CodeIgniter.php(326): CodeIgniter\CodeIgniter->handleRequest(NULL, Object(Config\Cache), false)
#4 C:\xampp\htdocs\ino\public\index.php(37): CodeIgniter\CodeIgniter->run()
#5 C:\xampp\htdocs\ino\system\Commands\Server\rewrite.php(43): require_once('C:\\xampp\\htdocs...')
#6 {main}
CRITICAL - 2022-05-11 11:56:50 --> Undefined index: gambar
#0 C:\xampp\htdocs\ino\app\Controllers\BiodataKtp.php(191): CodeIgniter\Debug\Exceptions->errorHandler(8, 'Undefined index...', 'C:\\xampp\\htdocs...', 191, Array)
#1 C:\xampp\htdocs\ino\system\CodeIgniter.php(832): App\Controllers\BiodataKtp->simpan()
#2 C:\xampp\htdocs\ino\system\CodeIgniter.php(419): CodeIgniter\CodeIgniter->runController(Object(App\Controllers\BiodataKtp))
#3 C:\xampp\htdocs\ino\system\CodeIgniter.php(326): CodeIgniter\CodeIgniter->handleRequest(NULL, Object(Config\Cache), false)
#4 C:\xampp\htdocs\ino\public\index.php(37): CodeIgniter\CodeIgniter->run()
#5 C:\xampp\htdocs\ino\system\Commands\Server\rewrite.php(43): require_once('C:\\xampp\\htdocs...')
#6 {main}
CRITICAL - 2022-05-11 11:58:47 --> Undefined index: gambar
#0 C:\xampp\htdocs\ino\app\Controllers\BiodataKtp.php(191): CodeIgniter\Debug\Exceptions->errorHandler(8, 'Undefined index...', 'C:\\xampp\\htdocs...', 191, Array)
#1 C:\xampp\htdocs\ino\system\CodeIgniter.php(832): App\Controllers\BiodataKtp->simpan()
#2 C:\xampp\htdocs\ino\system\CodeIgniter.php(419): CodeIgniter\CodeIgniter->runController(Object(App\Controllers\BiodataKtp))
#3 C:\xampp\htdocs\ino\system\CodeIgniter.php(326): CodeIgniter\CodeIgniter->handleRequest(NULL, Object(Config\Cache), false)
#4 C:\xampp\htdocs\ino\public\index.php(37): CodeIgniter\CodeIgniter->run()
#5 C:\xampp\htdocs\ino\system\Commands\Server\rewrite.php(43): require_once('C:\\xampp\\htdocs...')
#6 {main}
