ERROR - 2022-05-19 08:07:26 --> Error connecting to the database: No connection could be made because the target machine actively refused it.

CRITICAL - 2022-05-19 08:07:26 --> Unable to connect to the database.
Main connection [MySQLi]: No connection could be made because the target machine actively refused it.

#0 C:\xampp\htdocs\ino\system\Database\BaseConnection.php(577): CodeIgniter\Database\BaseConnection->initialize()
#1 C:\xampp\htdocs\ino\system\Database\BaseBuilder.php(1455): CodeIgniter\Database\BaseConnection->query('SELECT *\nFROM `...', Array, false)
#2 C:\xampp\htdocs\ino\system\Model.php(142): CodeIgniter\Database\BaseBuilder->get()
#3 C:\xampp\htdocs\ino\system\BaseModel.php(523): CodeIgniter\Model->doFind(true, 'admin')
#4 C:\xampp\htdocs\ino\app\Controllers\Login.php(56): CodeIgniter\BaseModel->find('admin')
#5 C:\xampp\htdocs\ino\system\CodeIgniter.php(832): App\Controllers\Login->cekUser()
#6 C:\xampp\htdocs\ino\system\CodeIgniter.php(419): CodeIgniter\CodeIgniter->runController(Object(App\Controllers\Login))
#7 C:\xampp\htdocs\ino\system\CodeIgniter.php(326): CodeIgniter\CodeIgniter->handleRequest(NULL, Object(Config\Cache), false)
#8 C:\xampp\htdocs\ino\public\index.php(37): CodeIgniter\CodeIgniter->run()
#9 C:\xampp\htdocs\ino\system\Commands\Server\rewrite.php(43): require_once('C:\\xampp\\htdocs...')
#10 {main}
CRITICAL - 2022-05-19 08:07:42 --> Call to undefined method App\Models\ModelBiodataKtp::getResultArray
#0 C:\xampp\htdocs\ino\app\Views\biodataktp\formedit.php(35): CodeIgniter\Model->__call('getResultArray', Array)
#1 C:\xampp\htdocs\ino\system\View\View.php(210): include('C:\\xampp\\htdocs...')
#2 C:\xampp\htdocs\ino\system\View\View.php(213): CodeIgniter\View\View->CodeIgniter\View\{closure}()
#3 C:\xampp\htdocs\ino\system\Common.php(1089): CodeIgniter\View\View->render('biodataktp/form...', Array, true)
#4 C:\xampp\htdocs\ino\app\Controllers\BiodataKtp.php(227): view('biodataktp/form...', Array)
#5 C:\xampp\htdocs\ino\system\CodeIgniter.php(832): App\Controllers\BiodataKtp->edit('135435435435435...')
#6 C:\xampp\htdocs\ino\system\CodeIgniter.php(419): CodeIgniter\CodeIgniter->runController(Object(App\Controllers\BiodataKtp))
#7 C:\xampp\htdocs\ino\system\CodeIgniter.php(326): CodeIgniter\CodeIgniter->handleRequest(NULL, Object(Config\Cache), false)
#8 C:\xampp\htdocs\ino\public\index.php(37): CodeIgniter\CodeIgniter->run()
#9 C:\xampp\htdocs\ino\system\Commands\Server\rewrite.php(43): require_once('C:\\xampp\\htdocs...')
#10 {main}
CRITICAL - 2022-05-19 08:25:32 --> Undefined variable: kelurahan
#0 C:\xampp\htdocs\ino\app\Views\biodataktp\formedit.php(128): CodeIgniter\Debug\Exceptions->errorHandler(8, 'Undefined varia...', 'C:\\xampp\\htdocs...', 128, Array)
#1 C:\xampp\htdocs\ino\system\View\View.php(210): include('C:\\xampp\\htdocs...')
#2 C:\xampp\htdocs\ino\system\View\View.php(213): CodeIgniter\View\View->CodeIgniter\View\{closure}()
#3 C:\xampp\htdocs\ino\system\Common.php(1089): CodeIgniter\View\View->render('biodataktp/form...', Array, true)
#4 C:\xampp\htdocs\ino\app\Controllers\BiodataKtp.php(239): view('biodataktp/form...', Array)
#5 C:\xampp\htdocs\ino\system\CodeIgniter.php(832): App\Controllers\BiodataKtp->edit('135435435435435...')
#6 C:\xampp\htdocs\ino\system\CodeIgniter.php(419): CodeIgniter\CodeIgniter->runController(Object(App\Controllers\BiodataKtp))
#7 C:\xampp\htdocs\ino\system\CodeIgniter.php(326): CodeIgniter\CodeIgniter->handleRequest(NULL, Object(Config\Cache), false)
#8 C:\xampp\htdocs\ino\public\index.php(37): CodeIgniter\CodeIgniter->run()
#9 C:\xampp\htdocs\ino\system\Commands\Server\rewrite.php(43): require_once('C:\\xampp\\htdocs...')
#10 {main}
CRITICAL - 2022-05-19 08:26:17 --> Cannot use object of type App\Models\ModelBiodataKtp as array
#0 C:\xampp\htdocs\ino\system\CodeIgniter.php(832): App\Controllers\BiodataKtp->edit('135435435435435...')
#1 C:\xampp\htdocs\ino\system\CodeIgniter.php(419): CodeIgniter\CodeIgniter->runController(Object(App\Controllers\BiodataKtp))
#2 C:\xampp\htdocs\ino\system\CodeIgniter.php(326): CodeIgniter\CodeIgniter->handleRequest(NULL, Object(Config\Cache), false)
#3 C:\xampp\htdocs\ino\public\index.php(37): CodeIgniter\CodeIgniter->run()
#4 C:\xampp\htdocs\ino\system\Commands\Server\rewrite.php(43): require_once('C:\\xampp\\htdocs...')
#5 {main}
CRITICAL - 2022-05-19 08:27:18 --> Cannot use object of type CodeIgniter\Database\MySQLi\Result as array
#0 C:\xampp\htdocs\ino\system\CodeIgniter.php(832): App\Controllers\BiodataKtp->edit('135435435435435...')
#1 C:\xampp\htdocs\ino\system\CodeIgniter.php(419): CodeIgniter\CodeIgniter->runController(Object(App\Controllers\BiodataKtp))
#2 C:\xampp\htdocs\ino\system\CodeIgniter.php(326): CodeIgniter\CodeIgniter->handleRequest(NULL, Object(Config\Cache), false)
#3 C:\xampp\htdocs\ino\public\index.php(37): CodeIgniter\CodeIgniter->run()
#4 C:\xampp\htdocs\ino\system\Commands\Server\rewrite.php(43): require_once('C:\\xampp\\htdocs...')
#5 {main}
CRITICAL - 2022-05-19 08:58:19 --> Call to undefined method CodeIgniter\Database\MySQLi\Result::result()
#0 C:\xampp\htdocs\ino\system\CodeIgniter.php(832): App\Controllers\BiodataKtp->edit('135435435435435...')
#1 C:\xampp\htdocs\ino\system\CodeIgniter.php(419): CodeIgniter\CodeIgniter->runController(Object(App\Controllers\BiodataKtp))
#2 C:\xampp\htdocs\ino\system\CodeIgniter.php(326): CodeIgniter\CodeIgniter->handleRequest(NULL, Object(Config\Cache), false)
#3 C:\xampp\htdocs\ino\public\index.php(37): CodeIgniter\CodeIgniter->run()
#4 C:\xampp\htdocs\ino\system\Commands\Server\rewrite.php(43): require_once('C:\\xampp\\htdocs...')
#5 {main}
CRITICAL - 2022-05-19 08:58:30 --> Cannot use object of type CodeIgniter\Database\MySQLi\Result as array
#0 C:\xampp\htdocs\ino\system\CodeIgniter.php(832): App\Controllers\BiodataKtp->edit('135435435435435...')
#1 C:\xampp\htdocs\ino\system\CodeIgniter.php(419): CodeIgniter\CodeIgniter->runController(Object(App\Controllers\BiodataKtp))
#2 C:\xampp\htdocs\ino\system\CodeIgniter.php(326): CodeIgniter\CodeIgniter->handleRequest(NULL, Object(Config\Cache), false)
#3 C:\xampp\htdocs\ino\public\index.php(37): CodeIgniter\CodeIgniter->run()
#4 C:\xampp\htdocs\ino\system\Commands\Server\rewrite.php(43): require_once('C:\\xampp\\htdocs...')
#5 {main}
CRITICAL - 2022-05-19 08:58:43 --> Undefined property: CodeIgniter\Database\MySQLi\Result::$ktp_nomor
#0 C:\xampp\htdocs\ino\app\Controllers\BiodataKtp.php(226): CodeIgniter\Debug\Exceptions->errorHandler(8, 'Undefined prope...', 'C:\\xampp\\htdocs...', 226, Array)
#1 C:\xampp\htdocs\ino\system\CodeIgniter.php(832): App\Controllers\BiodataKtp->edit('135435435435435...')
#2 C:\xampp\htdocs\ino\system\CodeIgniter.php(419): CodeIgniter\CodeIgniter->runController(Object(App\Controllers\BiodataKtp))
#3 C:\xampp\htdocs\ino\system\CodeIgniter.php(326): CodeIgniter\CodeIgniter->handleRequest(NULL, Object(Config\Cache), false)
#4 C:\xampp\htdocs\ino\public\index.php(37): CodeIgniter\CodeIgniter->run()
#5 C:\xampp\htdocs\ino\system\Commands\Server\rewrite.php(43): require_once('C:\\xampp\\htdocs...')
#6 {main}
CRITICAL - 2022-05-19 08:59:02 --> Undefined variable: kelurahan
#0 C:\xampp\htdocs\ino\app\Views\biodataktp\formedit.php(128): CodeIgniter\Debug\Exceptions->errorHandler(8, 'Undefined varia...', 'C:\\xampp\\htdocs...', 128, Array)
#1 C:\xampp\htdocs\ino\system\View\View.php(210): include('C:\\xampp\\htdocs...')
#2 C:\xampp\htdocs\ino\system\View\View.php(213): CodeIgniter\View\View->CodeIgniter\View\{closure}()
#3 C:\xampp\htdocs\ino\system\Common.php(1089): CodeIgniter\View\View->render('biodataktp/form...', Array, true)
#4 C:\xampp\htdocs\ino\app\Controllers\BiodataKtp.php(239): view('biodataktp/form...', Array)
#5 C:\xampp\htdocs\ino\system\CodeIgniter.php(832): App\Controllers\BiodataKtp->edit('135435435435435...')
#6 C:\xampp\htdocs\ino\system\CodeIgniter.php(419): CodeIgniter\CodeIgniter->runController(Object(App\Controllers\BiodataKtp))
#7 C:\xampp\htdocs\ino\system\CodeIgniter.php(326): CodeIgniter\CodeIgniter->handleRequest(NULL, Object(Config\Cache), false)
#8 C:\xampp\htdocs\ino\public\index.php(37): CodeIgniter\CodeIgniter->run()
#9 C:\xampp\htdocs\ino\system\Commands\Server\rewrite.php(43): require_once('C:\\xampp\\htdocs...')
#10 {main}
CRITICAL - 2022-05-19 09:01:35 --> Trying to access array offset on value of type null
#0 C:\xampp\htdocs\ino\app\Controllers\BiodataKtp.php(240): CodeIgniter\Debug\Exceptions->errorHandler(8, 'Trying to acces...', 'C:\\xampp\\htdocs...', 240, Array)
#1 C:\xampp\htdocs\ino\system\CodeIgniter.php(832): App\Controllers\BiodataKtp->edit('135435435435435...')
#2 C:\xampp\htdocs\ino\system\CodeIgniter.php(419): CodeIgniter\CodeIgniter->runController(Object(App\Controllers\BiodataKtp))
#3 C:\xampp\htdocs\ino\system\CodeIgniter.php(326): CodeIgniter\CodeIgniter->handleRequest(NULL, Object(Config\Cache), false)
#4 C:\xampp\htdocs\ino\public\index.php(37): CodeIgniter\CodeIgniter->run()
#5 C:\xampp\htdocs\ino\system\Commands\Server\rewrite.php(43): require_once('C:\\xampp\\htdocs...')
#6 {main}
CRITICAL - 2022-05-19 09:02:50 --> Cannot use object of type App\Models\ModelWilayah as array
#0 C:\xampp\htdocs\ino\system\CodeIgniter.php(832): App\Controllers\BiodataKtp->edit('135435435435435...')
#1 C:\xampp\htdocs\ino\system\CodeIgniter.php(419): CodeIgniter\CodeIgniter->runController(Object(App\Controllers\BiodataKtp))
#2 C:\xampp\htdocs\ino\system\CodeIgniter.php(326): CodeIgniter\CodeIgniter->handleRequest(NULL, Object(Config\Cache), false)
#3 C:\xampp\htdocs\ino\public\index.php(37): CodeIgniter\CodeIgniter->run()
#4 C:\xampp\htdocs\ino\system\Commands\Server\rewrite.php(43): require_once('C:\\xampp\\htdocs...')
#5 {main}
CRITICAL - 2022-05-19 09:14:20 --> Undefined property: CodeIgniter\View\View::$db
#0 C:\xampp\htdocs\ino\app\Views\biodataktp\formedit.php(36): CodeIgniter\Debug\Exceptions->errorHandler(8, 'Undefined prope...', 'C:\\xampp\\htdocs...', 36, Array)
#1 C:\xampp\htdocs\ino\system\View\View.php(210): include('C:\\xampp\\htdocs...')
#2 C:\xampp\htdocs\ino\system\View\View.php(213): CodeIgniter\View\View->CodeIgniter\View\{closure}()
#3 C:\xampp\htdocs\ino\system\Common.php(1089): CodeIgniter\View\View->render('biodataktp/form...', Array, true)
#4 C:\xampp\htdocs\ino\app\Controllers\BiodataKtp.php(246): view('biodataktp/form...', Array)
#5 C:\xampp\htdocs\ino\system\CodeIgniter.php(832): App\Controllers\BiodataKtp->edit('135435435435435...')
#6 C:\xampp\htdocs\ino\system\CodeIgniter.php(419): CodeIgniter\CodeIgniter->runController(Object(App\Controllers\BiodataKtp))
#7 C:\xampp\htdocs\ino\system\CodeIgniter.php(326): CodeIgniter\CodeIgniter->handleRequest(NULL, Object(Config\Cache), false)
#8 C:\xampp\htdocs\ino\public\index.php(37): CodeIgniter\CodeIgniter->run()
#9 C:\xampp\htdocs\ino\system\Commands\Server\rewrite.php(43): require_once('C:\\xampp\\htdocs...')
#10 {main}
CRITICAL - 2022-05-19 09:14:21 --> Undefined property: CodeIgniter\View\View::$db
#0 C:\xampp\htdocs\ino\app\Views\biodataktp\formedit.php(36): CodeIgniter\Debug\Exceptions->errorHandler(8, 'Undefined prope...', 'C:\\xampp\\htdocs...', 36, Array)
#1 C:\xampp\htdocs\ino\system\View\View.php(210): include('C:\\xampp\\htdocs...')
#2 C:\xampp\htdocs\ino\system\View\View.php(213): CodeIgniter\View\View->CodeIgniter\View\{closure}()
#3 C:\xampp\htdocs\ino\system\Common.php(1089): CodeIgniter\View\View->render('biodataktp/form...', Array, true)
#4 C:\xampp\htdocs\ino\app\Controllers\BiodataKtp.php(246): view('biodataktp/form...', Array)
#5 C:\xampp\htdocs\ino\system\CodeIgniter.php(832): App\Controllers\BiodataKtp->edit('135435435435435...')
#6 C:\xampp\htdocs\ino\system\CodeIgniter.php(419): CodeIgniter\CodeIgniter->runController(Object(App\Controllers\BiodataKtp))
#7 C:\xampp\htdocs\ino\system\CodeIgniter.php(326): CodeIgniter\CodeIgniter->handleRequest(NULL, Object(Config\Cache), false)
#8 C:\xampp\htdocs\ino\public\index.php(37): CodeIgniter\CodeIgniter->run()
#9 C:\xampp\htdocs\ino\system\Commands\Server\rewrite.php(43): require_once('C:\\xampp\\htdocs...')
#10 {main}
CRITICAL - 2022-05-19 09:20:38 --> Call to undefined method App\Models\ModelWilayah::cariData
#0 C:\xampp\htdocs\ino\app\Controllers\BiodataKtp.php(224): CodeIgniter\Model->__call('cariData', Array)
#1 C:\xampp\htdocs\ino\system\CodeIgniter.php(832): App\Controllers\BiodataKtp->edit('180805120192000...')
#2 C:\xampp\htdocs\ino\system\CodeIgniter.php(419): CodeIgniter\CodeIgniter->runController(Object(App\Controllers\BiodataKtp))
#3 C:\xampp\htdocs\ino\system\CodeIgniter.php(326): CodeIgniter\CodeIgniter->handleRequest(NULL, Object(Config\Cache), false)
#4 C:\xampp\htdocs\ino\public\index.php(37): CodeIgniter\CodeIgniter->run()
#5 C:\xampp\htdocs\ino\system\Commands\Server\rewrite.php(43): require_once('C:\\xampp\\htdocs...')
#6 {main}
CRITICAL - 2022-05-19 09:20:52 --> Call to undefined method App\Models\ModelWilayah::cariData
#0 C:\xampp\htdocs\ino\app\Controllers\BiodataKtp.php(224): CodeIgniter\Model->__call('cariData', Array)
#1 C:\xampp\htdocs\ino\system\CodeIgniter.php(832): App\Controllers\BiodataKtp->edit('180805120192000...')
#2 C:\xampp\htdocs\ino\system\CodeIgniter.php(419): CodeIgniter\CodeIgniter->runController(Object(App\Controllers\BiodataKtp))
#3 C:\xampp\htdocs\ino\system\CodeIgniter.php(326): CodeIgniter\CodeIgniter->handleRequest(NULL, Object(Config\Cache), false)
#4 C:\xampp\htdocs\ino\public\index.php(37): CodeIgniter\CodeIgniter->run()
#5 C:\xampp\htdocs\ino\system\Commands\Server\rewrite.php(43): require_once('C:\\xampp\\htdocs...')
#6 {main}
CRITICAL - 2022-05-19 09:21:41 --> Call to undefined method App\Models\ModelWilayah::cariData
#0 C:\xampp\htdocs\ino\app\Controllers\BiodataKtp.php(224): CodeIgniter\Model->__call('cariData', Array)
#1 C:\xampp\htdocs\ino\system\CodeIgniter.php(832): App\Controllers\BiodataKtp->edit('180805120192000...')
#2 C:\xampp\htdocs\ino\system\CodeIgniter.php(419): CodeIgniter\CodeIgniter->runController(Object(App\Controllers\BiodataKtp))
#3 C:\xampp\htdocs\ino\system\CodeIgniter.php(326): CodeIgniter\CodeIgniter->handleRequest(NULL, Object(Config\Cache), false)
#4 C:\xampp\htdocs\ino\public\index.php(37): CodeIgniter\CodeIgniter->run()
#5 C:\xampp\htdocs\ino\system\Commands\Server\rewrite.php(43): require_once('C:\\xampp\\htdocs...')
#6 {main}
CRITICAL - 2022-05-19 09:21:42 --> Call to undefined method App\Models\ModelWilayah::cariData
#0 C:\xampp\htdocs\ino\app\Controllers\BiodataKtp.php(224): CodeIgniter\Model->__call('cariData', Array)
#1 C:\xampp\htdocs\ino\system\CodeIgniter.php(832): App\Controllers\BiodataKtp->edit('180805120192000...')
#2 C:\xampp\htdocs\ino\system\CodeIgniter.php(419): CodeIgniter\CodeIgniter->runController(Object(App\Controllers\BiodataKtp))
#3 C:\xampp\htdocs\ino\system\CodeIgniter.php(326): CodeIgniter\CodeIgniter->handleRequest(NULL, Object(Config\Cache), false)
#4 C:\xampp\htdocs\ino\public\index.php(37): CodeIgniter\CodeIgniter->run()
#5 C:\xampp\htdocs\ino\system\Commands\Server\rewrite.php(43): require_once('C:\\xampp\\htdocs...')
#6 {main}
CRITICAL - 2022-05-19 09:21:42 --> Call to undefined method App\Models\ModelWilayah::cariData
#0 C:\xampp\htdocs\ino\app\Controllers\BiodataKtp.php(224): CodeIgniter\Model->__call('cariData', Array)
#1 C:\xampp\htdocs\ino\system\CodeIgniter.php(832): App\Controllers\BiodataKtp->edit('180805120192000...')
#2 C:\xampp\htdocs\ino\system\CodeIgniter.php(419): CodeIgniter\CodeIgniter->runController(Object(App\Controllers\BiodataKtp))
#3 C:\xampp\htdocs\ino\system\CodeIgniter.php(326): CodeIgniter\CodeIgniter->handleRequest(NULL, Object(Config\Cache), false)
#4 C:\xampp\htdocs\ino\public\index.php(37): CodeIgniter\CodeIgniter->run()
#5 C:\xampp\htdocs\ino\system\Commands\Server\rewrite.php(43): require_once('C:\\xampp\\htdocs...')
#6 {main}
CRITICAL - 2022-05-19 09:21:42 --> Call to undefined method App\Models\ModelWilayah::cariData
#0 C:\xampp\htdocs\ino\app\Controllers\BiodataKtp.php(224): CodeIgniter\Model->__call('cariData', Array)
#1 C:\xampp\htdocs\ino\system\CodeIgniter.php(832): App\Controllers\BiodataKtp->edit('180805120192000...')
#2 C:\xampp\htdocs\ino\system\CodeIgniter.php(419): CodeIgniter\CodeIgniter->runController(Object(App\Controllers\BiodataKtp))
#3 C:\xampp\htdocs\ino\system\CodeIgniter.php(326): CodeIgniter\CodeIgniter->handleRequest(NULL, Object(Config\Cache), false)
#4 C:\xampp\htdocs\ino\public\index.php(37): CodeIgniter\CodeIgniter->run()
#5 C:\xampp\htdocs\ino\system\Commands\Server\rewrite.php(43): require_once('C:\\xampp\\htdocs...')
#6 {main}
CRITICAL - 2022-05-19 09:21:43 --> Call to undefined method App\Models\ModelWilayah::cariData
#0 C:\xampp\htdocs\ino\app\Controllers\BiodataKtp.php(224): CodeIgniter\Model->__call('cariData', Array)
#1 C:\xampp\htdocs\ino\system\CodeIgniter.php(832): App\Controllers\BiodataKtp->edit('180805120192000...')
#2 C:\xampp\htdocs\ino\system\CodeIgniter.php(419): CodeIgniter\CodeIgniter->runController(Object(App\Controllers\BiodataKtp))
#3 C:\xampp\htdocs\ino\system\CodeIgniter.php(326): CodeIgniter\CodeIgniter->handleRequest(NULL, Object(Config\Cache), false)
#4 C:\xampp\htdocs\ino\public\index.php(37): CodeIgniter\CodeIgniter->run()
#5 C:\xampp\htdocs\ino\system\Commands\Server\rewrite.php(43): require_once('C:\\xampp\\htdocs...')
#6 {main}
CRITICAL - 2022-05-19 09:21:46 --> Call to undefined method App\Models\ModelWilayah::cariData
#0 C:\xampp\htdocs\ino\app\Controllers\BiodataKtp.php(224): CodeIgniter\Model->__call('cariData', Array)
#1 C:\xampp\htdocs\ino\system\CodeIgniter.php(832): App\Controllers\BiodataKtp->edit('180805120192000...')
#2 C:\xampp\htdocs\ino\system\CodeIgniter.php(419): CodeIgniter\CodeIgniter->runController(Object(App\Controllers\BiodataKtp))
#3 C:\xampp\htdocs\ino\system\CodeIgniter.php(326): CodeIgniter\CodeIgniter->handleRequest(NULL, Object(Config\Cache), false)
#4 C:\xampp\htdocs\ino\public\index.php(37): CodeIgniter\CodeIgniter->run()
#5 C:\xampp\htdocs\ino\system\Commands\Server\rewrite.php(43): require_once('C:\\xampp\\htdocs...')
#6 {main}
CRITICAL - 2022-05-19 09:23:49 --> There is no data to update.
#0 C:\xampp\htdocs\ino\system\BaseModel.php(1574): CodeIgniter\Database\Exceptions\DataException::forEmptyDataset('update')
#1 C:\xampp\htdocs\ino\system\BaseModel.php(832): CodeIgniter\BaseModel->transformDataToArray(NULL, 'update')
#2 C:\xampp\htdocs\ino\system\Model.php(651): CodeIgniter\BaseModel->update(Array, NULL)
#3 C:\xampp\htdocs\ino\app\Controllers\BiodataKtp.php(415): CodeIgniter\Model->update(Array)
#4 C:\xampp\htdocs\ino\system\CodeIgniter.php(832): App\Controllers\BiodataKtp->update()
#5 C:\xampp\htdocs\ino\system\CodeIgniter.php(419): CodeIgniter\CodeIgniter->runController(Object(App\Controllers\BiodataKtp))
#6 C:\xampp\htdocs\ino\system\CodeIgniter.php(326): CodeIgniter\CodeIgniter->handleRequest(NULL, Object(Config\Cache), false)
#7 C:\xampp\htdocs\ino\public\index.php(37): CodeIgniter\CodeIgniter->run()
#8 C:\xampp\htdocs\ino\system\Commands\Server\rewrite.php(43): require_once('C:\\xampp\\htdocs...')
#9 {main}
CRITICAL - 2022-05-19 09:24:38 --> There is no data to update.
#0 C:\xampp\htdocs\ino\system\BaseModel.php(1574): CodeIgniter\Database\Exceptions\DataException::forEmptyDataset('update')
#1 C:\xampp\htdocs\ino\system\BaseModel.php(832): CodeIgniter\BaseModel->transformDataToArray(NULL, 'update')
#2 C:\xampp\htdocs\ino\system\Model.php(651): CodeIgniter\BaseModel->update(Array, NULL)
#3 C:\xampp\htdocs\ino\app\Controllers\BiodataKtp.php(415): CodeIgniter\Model->update(Array)
#4 C:\xampp\htdocs\ino\system\CodeIgniter.php(832): App\Controllers\BiodataKtp->update()
#5 C:\xampp\htdocs\ino\system\CodeIgniter.php(419): CodeIgniter\CodeIgniter->runController(Object(App\Controllers\BiodataKtp))
#6 C:\xampp\htdocs\ino\system\CodeIgniter.php(326): CodeIgniter\CodeIgniter->handleRequest(NULL, Object(Config\Cache), false)
#7 C:\xampp\htdocs\ino\public\index.php(37): CodeIgniter\CodeIgniter->run()
#8 C:\xampp\htdocs\ino\system\Commands\Server\rewrite.php(43): require_once('C:\\xampp\\htdocs...')
#9 {main}
CRITICAL - 2022-05-19 09:30:05 --> Trying to access array offset on value of type null
#0 C:\xampp\htdocs\ino\app\Controllers\BiodataKtp.php(410): CodeIgniter\Debug\Exceptions->errorHandler(8, 'Trying to acces...', 'C:\\xampp\\htdocs...', 410, Array)
#1 C:\xampp\htdocs\ino\system\CodeIgniter.php(832): App\Controllers\BiodataKtp->update()
#2 C:\xampp\htdocs\ino\system\CodeIgniter.php(419): CodeIgniter\CodeIgniter->runController(Object(App\Controllers\BiodataKtp))
#3 C:\xampp\htdocs\ino\system\CodeIgniter.php(326): CodeIgniter\CodeIgniter->handleRequest(NULL, Object(Config\Cache), false)
#4 C:\xampp\htdocs\ino\public\index.php(37): CodeIgniter\CodeIgniter->run()
#5 C:\xampp\htdocs\ino\system\Commands\Server\rewrite.php(43): require_once('C:\\xampp\\htdocs...')
#6 {main}
CRITICAL - 2022-05-19 09:30:07 --> Trying to access array offset on value of type null
#0 C:\xampp\htdocs\ino\app\Controllers\BiodataKtp.php(224): CodeIgniter\Debug\Exceptions->errorHandler(8, 'Trying to acces...', 'C:\\xampp\\htdocs...', 224, Array)
#1 C:\xampp\htdocs\ino\system\CodeIgniter.php(832): App\Controllers\BiodataKtp->edit('135435435435435...')
#2 C:\xampp\htdocs\ino\system\CodeIgniter.php(419): CodeIgniter\CodeIgniter->runController(Object(App\Controllers\BiodataKtp))
#3 C:\xampp\htdocs\ino\system\CodeIgniter.php(326): CodeIgniter\CodeIgniter->handleRequest(NULL, Object(Config\Cache), false)
#4 C:\xampp\htdocs\ino\public\index.php(37): CodeIgniter\CodeIgniter->run()
#5 C:\xampp\htdocs\ino\system\Commands\Server\rewrite.php(43): require_once('C:\\xampp\\htdocs...')
#6 {main}
CRITICAL - 2022-05-19 09:30:09 --> Trying to access array offset on value of type null
#0 C:\xampp\htdocs\ino\app\Controllers\BiodataKtp.php(224): CodeIgniter\Debug\Exceptions->errorHandler(8, 'Trying to acces...', 'C:\\xampp\\htdocs...', 224, Array)
#1 C:\xampp\htdocs\ino\system\CodeIgniter.php(832): App\Controllers\BiodataKtp->edit('135435435435435...')
#2 C:\xampp\htdocs\ino\system\CodeIgniter.php(419): CodeIgniter\CodeIgniter->runController(Object(App\Controllers\BiodataKtp))
#3 C:\xampp\htdocs\ino\system\CodeIgniter.php(326): CodeIgniter\CodeIgniter->handleRequest(NULL, Object(Config\Cache), false)
#4 C:\xampp\htdocs\ino\public\index.php(37): CodeIgniter\CodeIgniter->run()
#5 C:\xampp\htdocs\ino\system\Commands\Server\rewrite.php(43): require_once('C:\\xampp\\htdocs...')
#6 {main}
CRITICAL - 2022-05-19 09:30:10 --> Trying to access array offset on value of type null
#0 C:\xampp\htdocs\ino\app\Controllers\BiodataKtp.php(224): CodeIgniter\Debug\Exceptions->errorHandler(8, 'Trying to acces...', 'C:\\xampp\\htdocs...', 224, Array)
#1 C:\xampp\htdocs\ino\system\CodeIgniter.php(832): App\Controllers\BiodataKtp->edit('135435435435435...')
#2 C:\xampp\htdocs\ino\system\CodeIgniter.php(419): CodeIgniter\CodeIgniter->runController(Object(App\Controllers\BiodataKtp))
#3 C:\xampp\htdocs\ino\system\CodeIgniter.php(326): CodeIgniter\CodeIgniter->handleRequest(NULL, Object(Config\Cache), false)
#4 C:\xampp\htdocs\ino\public\index.php(37): CodeIgniter\CodeIgniter->run()
#5 C:\xampp\htdocs\ino\system\Commands\Server\rewrite.php(43): require_once('C:\\xampp\\htdocs...')
#6 {main}
CRITICAL - 2022-05-19 09:31:07 --> Trying to access array offset on value of type null
#0 C:\xampp\htdocs\ino\app\Controllers\BiodataKtp.php(410): CodeIgniter\Debug\Exceptions->errorHandler(8, 'Trying to acces...', 'C:\\xampp\\htdocs...', 410, Array)
#1 C:\xampp\htdocs\ino\system\CodeIgniter.php(832): App\Controllers\BiodataKtp->update()
#2 C:\xampp\htdocs\ino\system\CodeIgniter.php(419): CodeIgniter\CodeIgniter->runController(Object(App\Controllers\BiodataKtp))
#3 C:\xampp\htdocs\ino\system\CodeIgniter.php(326): CodeIgniter\CodeIgniter->handleRequest(NULL, Object(Config\Cache), false)
#4 C:\xampp\htdocs\ino\public\index.php(37): CodeIgniter\CodeIgniter->run()
#5 C:\xampp\htdocs\ino\system\Commands\Server\rewrite.php(43): require_once('C:\\xampp\\htdocs...')
#6 {main}
CRITICAL - 2022-05-19 09:33:01 --> Trying to access array offset on value of type null
#0 C:\xampp\htdocs\ino\app\Controllers\BiodataKtp.php(224): CodeIgniter\Debug\Exceptions->errorHandler(8, 'Trying to acces...', 'C:\\xampp\\htdocs...', 224, Array)
#1 C:\xampp\htdocs\ino\system\CodeIgniter.php(832): App\Controllers\BiodataKtp->edit('123456789012345...')
#2 C:\xampp\htdocs\ino\system\CodeIgniter.php(419): CodeIgniter\CodeIgniter->runController(Object(App\Controllers\BiodataKtp))
#3 C:\xampp\htdocs\ino\system\CodeIgniter.php(326): CodeIgniter\CodeIgniter->handleRequest(NULL, Object(Config\Cache), false)
#4 C:\xampp\htdocs\ino\public\index.php(37): CodeIgniter\CodeIgniter->run()
#5 C:\xampp\htdocs\ino\system\Commands\Server\rewrite.php(43): require_once('C:\\xampp\\htdocs...')
#6 {main}
CRITICAL - 2022-05-19 09:33:03 --> Trying to access array offset on value of type null
#0 C:\xampp\htdocs\ino\app\Controllers\BiodataKtp.php(224): CodeIgniter\Debug\Exceptions->errorHandler(8, 'Trying to acces...', 'C:\\xampp\\htdocs...', 224, Array)
#1 C:\xampp\htdocs\ino\system\CodeIgniter.php(832): App\Controllers\BiodataKtp->edit('123456789012345...')
#2 C:\xampp\htdocs\ino\system\CodeIgniter.php(419): CodeIgniter\CodeIgniter->runController(Object(App\Controllers\BiodataKtp))
#3 C:\xampp\htdocs\ino\system\CodeIgniter.php(326): CodeIgniter\CodeIgniter->handleRequest(NULL, Object(Config\Cache), false)
#4 C:\xampp\htdocs\ino\public\index.php(37): CodeIgniter\CodeIgniter->run()
#5 C:\xampp\htdocs\ino\system\Commands\Server\rewrite.php(43): require_once('C:\\xampp\\htdocs...')
#6 {main}
CRITICAL - 2022-05-19 09:33:03 --> Trying to access array offset on value of type null
#0 C:\xampp\htdocs\ino\app\Controllers\BiodataKtp.php(224): CodeIgniter\Debug\Exceptions->errorHandler(8, 'Trying to acces...', 'C:\\xampp\\htdocs...', 224, Array)
#1 C:\xampp\htdocs\ino\system\CodeIgniter.php(832): App\Controllers\BiodataKtp->edit('123456789012345...')
#2 C:\xampp\htdocs\ino\system\CodeIgniter.php(419): CodeIgniter\CodeIgniter->runController(Object(App\Controllers\BiodataKtp))
#3 C:\xampp\htdocs\ino\system\CodeIgniter.php(326): CodeIgniter\CodeIgniter->handleRequest(NULL, Object(Config\Cache), false)
#4 C:\xampp\htdocs\ino\public\index.php(37): CodeIgniter\CodeIgniter->run()
#5 C:\xampp\htdocs\ino\system\Commands\Server\rewrite.php(43): require_once('C:\\xampp\\htdocs...')
#6 {main}
CRITICAL - 2022-05-19 09:33:10 --> There is no data to update.
#0 C:\xampp\htdocs\ino\system\BaseModel.php(1574): CodeIgniter\Database\Exceptions\DataException::forEmptyDataset('update')
#1 C:\xampp\htdocs\ino\system\BaseModel.php(832): CodeIgniter\BaseModel->transformDataToArray(NULL, 'update')
#2 C:\xampp\htdocs\ino\system\Model.php(651): CodeIgniter\BaseModel->update(Array, NULL)
#3 C:\xampp\htdocs\ino\app\Controllers\BiodataKtp.php(416): CodeIgniter\Model->update(Array)
#4 C:\xampp\htdocs\ino\system\CodeIgniter.php(832): App\Controllers\BiodataKtp->update()
#5 C:\xampp\htdocs\ino\system\CodeIgniter.php(419): CodeIgniter\CodeIgniter->runController(Object(App\Controllers\BiodataKtp))
#6 C:\xampp\htdocs\ino\system\CodeIgniter.php(326): CodeIgniter\CodeIgniter->handleRequest(NULL, Object(Config\Cache), false)
#7 C:\xampp\htdocs\ino\public\index.php(37): CodeIgniter\CodeIgniter->run()
#8 C:\xampp\htdocs\ino\system\Commands\Server\rewrite.php(43): require_once('C:\\xampp\\htdocs...')
#9 {main}
CRITICAL - 2022-05-19 09:45:43 --> Trying to access array offset on value of type null
#0 C:\xampp\htdocs\ino\app\Controllers\BiodataKtp.php(410): CodeIgniter\Debug\Exceptions->errorHandler(8, 'Trying to acces...', 'C:\\xampp\\htdocs...', 410, Array)
#1 C:\xampp\htdocs\ino\system\CodeIgniter.php(832): App\Controllers\BiodataKtp->update()
#2 C:\xampp\htdocs\ino\system\CodeIgniter.php(419): CodeIgniter\CodeIgniter->runController(Object(App\Controllers\BiodataKtp))
#3 C:\xampp\htdocs\ino\system\CodeIgniter.php(326): CodeIgniter\CodeIgniter->handleRequest(NULL, Object(Config\Cache), false)
#4 C:\xampp\htdocs\ino\public\index.php(37): CodeIgniter\CodeIgniter->run()
#5 C:\xampp\htdocs\ino\system\Commands\Server\rewrite.php(43): require_once('C:\\xampp\\htdocs...')
#6 {main}
CRITICAL - 2022-05-19 09:56:20 --> There is no data to update.
#0 C:\xampp\htdocs\ino\system\BaseModel.php(1574): CodeIgniter\Database\Exceptions\DataException::forEmptyDataset('update')
#1 C:\xampp\htdocs\ino\system\BaseModel.php(832): CodeIgniter\BaseModel->transformDataToArray(NULL, 'update')
#2 C:\xampp\htdocs\ino\system\Model.php(651): CodeIgniter\BaseModel->update(Array, NULL)
#3 C:\xampp\htdocs\ino\app\Controllers\BiodataKtp.php(420): CodeIgniter\Model->update(Array)
#4 C:\xampp\htdocs\ino\system\CodeIgniter.php(832): App\Controllers\BiodataKtp->update()
#5 C:\xampp\htdocs\ino\system\CodeIgniter.php(419): CodeIgniter\CodeIgniter->runController(Object(App\Controllers\BiodataKtp))
#6 C:\xampp\htdocs\ino\system\CodeIgniter.php(326): CodeIgniter\CodeIgniter->handleRequest(NULL, Object(Config\Cache), false)
#7 C:\xampp\htdocs\ino\public\index.php(37): CodeIgniter\CodeIgniter->run()
#8 C:\xampp\htdocs\ino\system\Commands\Server\rewrite.php(43): require_once('C:\\xampp\\htdocs...')
#9 {main}
CRITICAL - 2022-05-19 10:01:14 --> Undefined variable: session
#0 C:\xampp\htdocs\ino\app\Views\biodataktp\formedit.php(37): CodeIgniter\Debug\Exceptions->errorHandler(8, 'Undefined varia...', 'C:\\xampp\\htdocs...', 37, Array)
#1 C:\xampp\htdocs\ino\system\View\View.php(210): include('C:\\xampp\\htdocs...')
#2 C:\xampp\htdocs\ino\system\View\View.php(213): CodeIgniter\View\View->CodeIgniter\View\{closure}()
#3 C:\xampp\htdocs\ino\system\Common.php(1089): CodeIgniter\View\View->render('biodataktp/form...', Array, true)
#4 C:\xampp\htdocs\ino\app\Controllers\BiodataKtp.php(269): view('biodataktp/form...', Array)
#5 C:\xampp\htdocs\ino\system\CodeIgniter.php(832): App\Controllers\BiodataKtp->edit('123456789012345...')
#6 C:\xampp\htdocs\ino\system\CodeIgniter.php(419): CodeIgniter\CodeIgniter->runController(Object(App\Controllers\BiodataKtp))
#7 C:\xampp\htdocs\ino\system\CodeIgniter.php(326): CodeIgniter\CodeIgniter->handleRequest(NULL, Object(Config\Cache), false)
#8 C:\xampp\htdocs\ino\public\index.php(37): CodeIgniter\CodeIgniter->run()
#9 C:\xampp\htdocs\ino\system\Commands\Server\rewrite.php(43): require_once('C:\\xampp\\htdocs...')
#10 {main}
CRITICAL - 2022-05-19 10:02:48 --> Undefined variable: userid
#0 C:\xampp\htdocs\ino\app\Views\biodataktp\formedit.php(37): CodeIgniter\Debug\Exceptions->errorHandler(8, 'Undefined varia...', 'C:\\xampp\\htdocs...', 37, Array)
#1 C:\xampp\htdocs\ino\system\View\View.php(210): include('C:\\xampp\\htdocs...')
#2 C:\xampp\htdocs\ino\system\View\View.php(213): CodeIgniter\View\View->CodeIgniter\View\{closure}()
#3 C:\xampp\htdocs\ino\system\Common.php(1089): CodeIgniter\View\View->render('biodataktp/form...', Array, true)
#4 C:\xampp\htdocs\ino\app\Controllers\BiodataKtp.php(269): view('biodataktp/form...', Array)
#5 C:\xampp\htdocs\ino\system\CodeIgniter.php(832): App\Controllers\BiodataKtp->edit('123456789012345...')
#6 C:\xampp\htdocs\ino\system\CodeIgniter.php(419): CodeIgniter\CodeIgniter->runController(Object(App\Controllers\BiodataKtp))
#7 C:\xampp\htdocs\ino\system\CodeIgniter.php(326): CodeIgniter\CodeIgniter->handleRequest(NULL, Object(Config\Cache), false)
#8 C:\xampp\htdocs\ino\public\index.php(37): CodeIgniter\CodeIgniter->run()
#9 C:\xampp\htdocs\ino\system\Commands\Server\rewrite.php(43): require_once('C:\\xampp\\htdocs...')
#10 {main}
CRITICAL - 2022-05-19 10:09:35 --> Trying to access array offset on value of type null
#0 C:\xampp\htdocs\ino\app\Controllers\BiodataKtp.php(249): CodeIgniter\Debug\Exceptions->errorHandler(8, 'Trying to acces...', 'C:\\xampp\\htdocs...', 249, Array)
#1 C:\xampp\htdocs\ino\system\CodeIgniter.php(832): App\Controllers\BiodataKtp->edit('123456789012345...')
#2 C:\xampp\htdocs\ino\system\CodeIgniter.php(419): CodeIgniter\CodeIgniter->runController(Object(App\Controllers\BiodataKtp))
#3 C:\xampp\htdocs\ino\system\CodeIgniter.php(326): CodeIgniter\CodeIgniter->handleRequest(NULL, Object(Config\Cache), false)
#4 C:\xampp\htdocs\ino\public\index.php(37): CodeIgniter\CodeIgniter->run()
#5 C:\xampp\htdocs\ino\system\Commands\Server\rewrite.php(43): require_once('C:\\xampp\\htdocs...')
#6 {main}
CRITICAL - 2022-05-19 11:36:36 --> filterUser filter must have a matching alias defined.
#0 C:\xampp\htdocs\ino\system\Filters\Filters.php(493): CodeIgniter\Filters\Exceptions\FilterException::forNoAlias('filterUser')
#1 C:\xampp\htdocs\ino\system\Filters\Filters.php(243): CodeIgniter\Filters\Filters->processAliasesToClass('before')
#2 C:\xampp\htdocs\ino\system\Filters\Filters.php(163): CodeIgniter\Filters\Filters->initialize('profil/index')
#3 C:\xampp\htdocs\ino\system\CodeIgniter.php(393): CodeIgniter\Filters\Filters->run('profil/index', 'before')
#4 C:\xampp\htdocs\ino\system\CodeIgniter.php(326): CodeIgniter\CodeIgniter->handleRequest(NULL, Object(Config\Cache), false)
#5 C:\xampp\htdocs\ino\public\index.php(37): CodeIgniter\CodeIgniter->run()
#6 C:\xampp\htdocs\ino\system\Commands\Server\rewrite.php(43): require_once('C:\\xampp\\htdocs...')
#7 {main}
CRITICAL - 2022-05-19 11:36:41 --> filterUser filter must have a matching alias defined.
#0 C:\xampp\htdocs\ino\system\Filters\Filters.php(493): CodeIgniter\Filters\Exceptions\FilterException::forNoAlias('filterUser')
#1 C:\xampp\htdocs\ino\system\Filters\Filters.php(243): CodeIgniter\Filters\Filters->processAliasesToClass('before')
#2 C:\xampp\htdocs\ino\system\Filters\Filters.php(163): CodeIgniter\Filters\Filters->initialize('main/index')
#3 C:\xampp\htdocs\ino\system\CodeIgniter.php(393): CodeIgniter\Filters\Filters->run('main/index', 'before')
#4 C:\xampp\htdocs\ino\system\CodeIgniter.php(326): CodeIgniter\CodeIgniter->handleRequest(NULL, Object(Config\Cache), false)
#5 C:\xampp\htdocs\ino\public\index.php(37): CodeIgniter\CodeIgniter->run()
#6 C:\xampp\htdocs\ino\system\Commands\Server\rewrite.php(43): require_once('C:\\xampp\\htdocs...')
#7 {main}
CRITICAL - 2022-05-19 11:36:42 --> filterUser filter must have a matching alias defined.
#0 C:\xampp\htdocs\ino\system\Filters\Filters.php(493): CodeIgniter\Filters\Exceptions\FilterException::forNoAlias('filterUser')
#1 C:\xampp\htdocs\ino\system\Filters\Filters.php(243): CodeIgniter\Filters\Filters->processAliasesToClass('before')
#2 C:\xampp\htdocs\ino\system\Filters\Filters.php(163): CodeIgniter\Filters\Filters->initialize('main/index')
#3 C:\xampp\htdocs\ino\system\CodeIgniter.php(393): CodeIgniter\Filters\Filters->run('main/index', 'before')
#4 C:\xampp\htdocs\ino\system\CodeIgniter.php(326): CodeIgniter\CodeIgniter->handleRequest(NULL, Object(Config\Cache), false)
#5 C:\xampp\htdocs\ino\public\index.php(37): CodeIgniter\CodeIgniter->run()
#6 C:\xampp\htdocs\ino\system\Commands\Server\rewrite.php(43): require_once('C:\\xampp\\htdocs...')
#7 {main}
CRITICAL - 2022-05-19 11:36:44 --> filterUser filter must have a matching alias defined.
#0 C:\xampp\htdocs\ino\system\Filters\Filters.php(493): CodeIgniter\Filters\Exceptions\FilterException::forNoAlias('filterUser')
#1 C:\xampp\htdocs\ino\system\Filters\Filters.php(243): CodeIgniter\Filters\Filters->processAliasesToClass('before')
#2 C:\xampp\htdocs\ino\system\Filters\Filters.php(163): CodeIgniter\Filters\Filters->initialize('biodataktp/inde...')
#3 C:\xampp\htdocs\ino\system\CodeIgniter.php(393): CodeIgniter\Filters\Filters->run('biodataktp/inde...', 'before')
#4 C:\xampp\htdocs\ino\system\CodeIgniter.php(326): CodeIgniter\CodeIgniter->handleRequest(NULL, Object(Config\Cache), false)
#5 C:\xampp\htdocs\ino\public\index.php(37): CodeIgniter\CodeIgniter->run()
#6 C:\xampp\htdocs\ino\system\Commands\Server\rewrite.php(43): require_once('C:\\xampp\\htdocs...')
#7 {main}
CRITICAL - 2022-05-19 11:36:45 --> filterUser filter must have a matching alias defined.
#0 C:\xampp\htdocs\ino\system\Filters\Filters.php(493): CodeIgniter\Filters\Exceptions\FilterException::forNoAlias('filterUser')
#1 C:\xampp\htdocs\ino\system\Filters\Filters.php(243): CodeIgniter\Filters\Filters->processAliasesToClass('before')
#2 C:\xampp\htdocs\ino\system\Filters\Filters.php(163): CodeIgniter\Filters\Filters->initialize('biodataktp/edit...')
#3 C:\xampp\htdocs\ino\system\CodeIgniter.php(393): CodeIgniter\Filters\Filters->run('biodataktp/edit...', 'before')
#4 C:\xampp\htdocs\ino\system\CodeIgniter.php(326): CodeIgniter\CodeIgniter->handleRequest(NULL, Object(Config\Cache), false)
#5 C:\xampp\htdocs\ino\public\index.php(37): CodeIgniter\CodeIgniter->run()
#6 C:\xampp\htdocs\ino\system\Commands\Server\rewrite.php(43): require_once('C:\\xampp\\htdocs...')
#7 {main}
CRITICAL - 2022-05-19 11:36:46 --> filterUser filter must have a matching alias defined.
#0 C:\xampp\htdocs\ino\system\Filters\Filters.php(493): CodeIgniter\Filters\Exceptions\FilterException::forNoAlias('filterUser')
#1 C:\xampp\htdocs\ino\system\Filters\Filters.php(243): CodeIgniter\Filters\Filters->processAliasesToClass('before')
#2 C:\xampp\htdocs\ino\system\Filters\Filters.php(163): CodeIgniter\Filters\Filters->initialize('biodataktp/edit...')
#3 C:\xampp\htdocs\ino\system\CodeIgniter.php(393): CodeIgniter\Filters\Filters->run('biodataktp/edit...', 'before')
#4 C:\xampp\htdocs\ino\system\CodeIgniter.php(326): CodeIgniter\CodeIgniter->handleRequest(NULL, Object(Config\Cache), false)
#5 C:\xampp\htdocs\ino\public\index.php(37): CodeIgniter\CodeIgniter->run()
#6 C:\xampp\htdocs\ino\system\Commands\Server\rewrite.php(43): require_once('C:\\xampp\\htdocs...')
#7 {main}
CRITICAL - 2022-05-19 11:36:47 --> filterUser filter must have a matching alias defined.
#0 C:\xampp\htdocs\ino\system\Filters\Filters.php(493): CodeIgniter\Filters\Exceptions\FilterException::forNoAlias('filterUser')
#1 C:\xampp\htdocs\ino\system\Filters\Filters.php(243): CodeIgniter\Filters\Filters->processAliasesToClass('before')
#2 C:\xampp\htdocs\ino\system\Filters\Filters.php(163): CodeIgniter\Filters\Filters->initialize('biodataktp/edit...')
#3 C:\xampp\htdocs\ino\system\CodeIgniter.php(393): CodeIgniter\Filters\Filters->run('biodataktp/edit...', 'before')
#4 C:\xampp\htdocs\ino\system\CodeIgniter.php(326): CodeIgniter\CodeIgniter->handleRequest(NULL, Object(Config\Cache), false)
#5 C:\xampp\htdocs\ino\public\index.php(37): CodeIgniter\CodeIgniter->run()
#6 C:\xampp\htdocs\ino\system\Commands\Server\rewrite.php(43): require_once('C:\\xampp\\htdocs...')
#7 {main}
CRITICAL - 2022-05-19 11:38:26 --> syntax error, unexpected ''toolbar'' (T_CONSTANT_ENCAPSED_STRING), expecting ']'
#0 C:\xampp\htdocs\ino\system\Autoloader\Autoloader.php(241): CodeIgniter\Autoloader\Autoloader->includeFile('C:\\xampp\\htdocs...')
#1 C:\xampp\htdocs\ino\system\Autoloader\Autoloader.php(219): CodeIgniter\Autoloader\Autoloader->loadInNamespace('Config\\Filters')
#2 [internal function]: CodeIgniter\Autoloader\Autoloader->loadClass('Config\\Filters')
#3 [internal function]: spl_autoload_call('Config\\Filters')
#4 C:\xampp\htdocs\ino\system\Config\Factories.php(136): class_exists('Config\\Filters')
#5 C:\xampp\htdocs\ino\system\Config\Factories.php(106): CodeIgniter\Config\Factories::locateClass(Array, 'Filters')
#6 C:\xampp\htdocs\ino\system\Common.php(198): CodeIgniter\Config\Factories::__callStatic('config', Array)
#7 C:\xampp\htdocs\ino\system\Config\Services.php(258): config('Filters')
#8 C:\xampp\htdocs\ino\system\Config\BaseService.php(248): CodeIgniter\Config\Services::filters(NULL, false)
#9 C:\xampp\htdocs\ino\system\Config\BaseService.php(189): CodeIgniter\Config\BaseService::__callStatic('filters', Array)
#10 C:\xampp\htdocs\ino\system\Config\Services.php(255): CodeIgniter\Config\BaseService::getSharedInstance('filters', NULL)
#11 C:\xampp\htdocs\ino\system\Config\BaseService.php(248): CodeIgniter\Config\Services::filters()
#12 C:\xampp\htdocs\ino\system\CodeIgniter.php(373): CodeIgniter\Config\BaseService::__callStatic('filters', Array)
#13 C:\xampp\htdocs\ino\system\CodeIgniter.php(326): CodeIgniter\CodeIgniter->handleRequest(NULL, Object(Config\Cache), false)
#14 C:\xampp\htdocs\ino\public\index.php(37): CodeIgniter\CodeIgniter->run()
#15 C:\xampp\htdocs\ino\system\Commands\Server\rewrite.php(43): require_once('C:\\xampp\\htdocs...')
#16 {main}
CRITICAL - 2022-05-19 11:38:33 --> filterUser filter must have a matching alias defined.
#0 C:\xampp\htdocs\ino\system\Filters\Filters.php(493): CodeIgniter\Filters\Exceptions\FilterException::forNoAlias('filterUser')
#1 C:\xampp\htdocs\ino\system\Filters\Filters.php(243): CodeIgniter\Filters\Filters->processAliasesToClass('before')
#2 C:\xampp\htdocs\ino\system\Filters\Filters.php(163): CodeIgniter\Filters\Filters->initialize('biodataktp/inde...')
#3 C:\xampp\htdocs\ino\system\CodeIgniter.php(393): CodeIgniter\Filters\Filters->run('biodataktp/inde...', 'before')
#4 C:\xampp\htdocs\ino\system\CodeIgniter.php(326): CodeIgniter\CodeIgniter->handleRequest(NULL, Object(Config\Cache), false)
#5 C:\xampp\htdocs\ino\public\index.php(37): CodeIgniter\CodeIgniter->run()
#6 C:\xampp\htdocs\ino\system\Commands\Server\rewrite.php(43): require_once('C:\\xampp\\htdocs...')
#7 {main}
CRITICAL - 2022-05-19 11:39:19 --> filterUser filter must have a matching alias defined.
#0 C:\xampp\htdocs\ino\system\Filters\Filters.php(493): CodeIgniter\Filters\Exceptions\FilterException::forNoAlias('filterUser')
#1 C:\xampp\htdocs\ino\system\Filters\Filters.php(243): CodeIgniter\Filters\Filters->processAliasesToClass('before')
#2 C:\xampp\htdocs\ino\system\Filters\Filters.php(163): CodeIgniter\Filters\Filters->initialize('users/index')
#3 C:\xampp\htdocs\ino\system\CodeIgniter.php(393): CodeIgniter\Filters\Filters->run('users/index', 'before')
#4 C:\xampp\htdocs\ino\system\CodeIgniter.php(326): CodeIgniter\CodeIgniter->handleRequest(NULL, Object(Config\Cache), false)
#5 C:\xampp\htdocs\ino\public\index.php(37): CodeIgniter\CodeIgniter->run()
#6 C:\xampp\htdocs\ino\system\Commands\Server\rewrite.php(43): require_once('C:\\xampp\\htdocs...')
#7 {main}
CRITICAL - 2022-05-19 11:39:23 --> filterUser filter must have a matching alias defined.
#0 C:\xampp\htdocs\ino\system\Filters\Filters.php(493): CodeIgniter\Filters\Exceptions\FilterException::forNoAlias('filterUser')
#1 C:\xampp\htdocs\ino\system\Filters\Filters.php(243): CodeIgniter\Filters\Filters->processAliasesToClass('before')
#2 C:\xampp\htdocs\ino\system\Filters\Filters.php(163): CodeIgniter\Filters\Filters->initialize('biodataktp/edit...')
#3 C:\xampp\htdocs\ino\system\CodeIgniter.php(393): CodeIgniter\Filters\Filters->run('biodataktp/edit...', 'before')
#4 C:\xampp\htdocs\ino\system\CodeIgniter.php(326): CodeIgniter\CodeIgniter->handleRequest(NULL, Object(Config\Cache), false)
#5 C:\xampp\htdocs\ino\public\index.php(37): CodeIgniter\CodeIgniter->run()
#6 C:\xampp\htdocs\ino\system\Commands\Server\rewrite.php(43): require_once('C:\\xampp\\htdocs...')
#7 {main}
CRITICAL - 2022-05-19 11:39:29 --> filterUser filter must have a matching alias defined.
#0 C:\xampp\htdocs\ino\system\Filters\Filters.php(493): CodeIgniter\Filters\Exceptions\FilterException::forNoAlias('filterUser')
#1 C:\xampp\htdocs\ino\system\Filters\Filters.php(244): CodeIgniter\Filters\Filters->processAliasesToClass('after')
#2 C:\xampp\htdocs\ino\system\Filters\Filters.php(163): CodeIgniter\Filters\Filters->initialize('/')
#3 C:\xampp\htdocs\ino\system\CodeIgniter.php(393): CodeIgniter\Filters\Filters->run('/', 'before')
#4 C:\xampp\htdocs\ino\system\CodeIgniter.php(326): CodeIgniter\CodeIgniter->handleRequest(NULL, Object(Config\Cache), false)
#5 C:\xampp\htdocs\ino\public\index.php(37): CodeIgniter\CodeIgniter->run()
#6 C:\xampp\htdocs\ino\system\Commands\Server\rewrite.php(43): require_once('C:\\xampp\\htdocs...')
#7 {main}
CRITICAL - 2022-05-19 11:39:32 --> filterUser filter must have a matching alias defined.
#0 C:\xampp\htdocs\ino\system\Filters\Filters.php(493): CodeIgniter\Filters\Exceptions\FilterException::forNoAlias('filterUser')
#1 C:\xampp\htdocs\ino\system\Filters\Filters.php(244): CodeIgniter\Filters\Filters->processAliasesToClass('after')
#2 C:\xampp\htdocs\ino\system\Filters\Filters.php(163): CodeIgniter\Filters\Filters->initialize('/')
#3 C:\xampp\htdocs\ino\system\CodeIgniter.php(393): CodeIgniter\Filters\Filters->run('/', 'before')
#4 C:\xampp\htdocs\ino\system\CodeIgniter.php(326): CodeIgniter\CodeIgniter->handleRequest(NULL, Object(Config\Cache), false)
#5 C:\xampp\htdocs\ino\public\index.php(37): CodeIgniter\CodeIgniter->run()
#6 C:\xampp\htdocs\ino\system\Commands\Server\rewrite.php(43): require_once('C:\\xampp\\htdocs...')
#7 {main}
CRITICAL - 2022-05-19 11:39:55 --> Class 'App\Filters\FilterUser' not found
#0 C:\xampp\htdocs\ino\system\CodeIgniter.php(436): CodeIgniter\Filters\Filters->run('/', 'after')
#1 C:\xampp\htdocs\ino\system\CodeIgniter.php(326): CodeIgniter\CodeIgniter->handleRequest(NULL, Object(Config\Cache), false)
#2 C:\xampp\htdocs\ino\public\index.php(37): CodeIgniter\CodeIgniter->run()
#3 C:\xampp\htdocs\ino\system\Commands\Server\rewrite.php(43): require_once('C:\\xampp\\htdocs...')
#4 {main}
CRITICAL - 2022-05-19 11:39:56 --> Class 'App\Filters\FilterUser' not found
#0 C:\xampp\htdocs\ino\system\CodeIgniter.php(436): CodeIgniter\Filters\Filters->run('/', 'after')
#1 C:\xampp\htdocs\ino\system\CodeIgniter.php(326): CodeIgniter\CodeIgniter->handleRequest(NULL, Object(Config\Cache), false)
#2 C:\xampp\htdocs\ino\public\index.php(37): CodeIgniter\CodeIgniter->run()
#3 C:\xampp\htdocs\ino\system\Commands\Server\rewrite.php(43): require_once('C:\\xampp\\htdocs...')
#4 {main}
CRITICAL - 2022-05-19 11:39:57 --> Class 'App\Filters\FilterUser' not found
#0 C:\xampp\htdocs\ino\system\CodeIgniter.php(436): CodeIgniter\Filters\Filters->run('/', 'after')
#1 C:\xampp\htdocs\ino\system\CodeIgniter.php(326): CodeIgniter\CodeIgniter->handleRequest(NULL, Object(Config\Cache), false)
#2 C:\xampp\htdocs\ino\public\index.php(37): CodeIgniter\CodeIgniter->run()
#3 C:\xampp\htdocs\ino\system\Commands\Server\rewrite.php(43): require_once('C:\\xampp\\htdocs...')
#4 {main}
CRITICAL - 2022-05-19 11:39:57 --> Class 'App\Filters\FilterUser' not found
#0 C:\xampp\htdocs\ino\system\CodeIgniter.php(436): CodeIgniter\Filters\Filters->run('/', 'after')
#1 C:\xampp\htdocs\ino\system\CodeIgniter.php(326): CodeIgniter\CodeIgniter->handleRequest(NULL, Object(Config\Cache), false)
#2 C:\xampp\htdocs\ino\public\index.php(37): CodeIgniter\CodeIgniter->run()
#3 C:\xampp\htdocs\ino\system\Commands\Server\rewrite.php(43): require_once('C:\\xampp\\htdocs...')
#4 {main}
CRITICAL - 2022-05-19 11:48:18 --> Undefined index: user_ktp
#0 C:\xampp\htdocs\ino\app\Controllers\Profil.php(19): CodeIgniter\Debug\Exceptions->errorHandler(8, 'Undefined index...', 'C:\\xampp\\htdocs...', 19, Array)
#1 C:\xampp\htdocs\ino\system\CodeIgniter.php(832): App\Controllers\Profil->index('admin')
#2 C:\xampp\htdocs\ino\system\CodeIgniter.php(419): CodeIgniter\CodeIgniter->runController(Object(App\Controllers\Profil))
#3 C:\xampp\htdocs\ino\system\CodeIgniter.php(326): CodeIgniter\CodeIgniter->handleRequest(NULL, Object(Config\Cache), false)
#4 C:\xampp\htdocs\ino\public\index.php(37): CodeIgniter\CodeIgniter->run()
#5 C:\xampp\htdocs\ino\system\Commands\Server\rewrite.php(43): require_once('C:\\xampp\\htdocs...')
#6 {main}
CRITICAL - 2022-05-19 11:48:30 --> Trying to access array offset on value of type null
#0 C:\xampp\htdocs\ino\app\Controllers\Profil.php(26): CodeIgniter\Debug\Exceptions->errorHandler(8, 'Trying to acces...', 'C:\\xampp\\htdocs...', 26, Array)
#1 C:\xampp\htdocs\ino\system\CodeIgniter.php(832): App\Controllers\Profil->index('admin')
#2 C:\xampp\htdocs\ino\system\CodeIgniter.php(419): CodeIgniter\CodeIgniter->runController(Object(App\Controllers\Profil))
#3 C:\xampp\htdocs\ino\system\CodeIgniter.php(326): CodeIgniter\CodeIgniter->handleRequest(NULL, Object(Config\Cache), false)
#4 C:\xampp\htdocs\ino\public\index.php(37): CodeIgniter\CodeIgniter->run()
#5 C:\xampp\htdocs\ino\system\Commands\Server\rewrite.php(43): require_once('C:\\xampp\\htdocs...')
#6 {main}
CRITICAL - 2022-05-19 12:42:18 --> Trying to access array offset on value of type null
#0 C:\xampp\htdocs\ino\app\Controllers\Profil.php(26): CodeIgniter\Debug\Exceptions->errorHandler(8, 'Trying to acces...', 'C:\\xampp\\htdocs...', 26, Array)
#1 C:\xampp\htdocs\ino\system\CodeIgniter.php(832): App\Controllers\Profil->index('admin')
#2 C:\xampp\htdocs\ino\system\CodeIgniter.php(419): CodeIgniter\CodeIgniter->runController(Object(App\Controllers\Profil))
#3 C:\xampp\htdocs\ino\system\CodeIgniter.php(326): CodeIgniter\CodeIgniter->handleRequest(NULL, Object(Config\Cache), false)
#4 C:\xampp\htdocs\ino\public\index.php(37): CodeIgniter\CodeIgniter->run()
#5 C:\xampp\htdocs\ino\system\Commands\Server\rewrite.php(43): require_once('C:\\xampp\\htdocs...')
#6 {main}
