ERROR - 2022-07-22 09:05:58 --> Unknown column 'idpel' in 'on clause'
CRITICAL - 2022-07-22 09:05:58 --> Unknown column 'idpel' in 'on clause'
#0 C:\xampp\htdocs\ino\system\Database\MySQLi\Connection.php(292): mysqli->query('SELECT COUNT(*)...', 0)
#1 C:\xampp\htdocs\ino\system\Database\BaseConnection.php(670): CodeIgniter\Database\MySQLi\Connection->execute('SELECT COUNT(*)...')
#2 C:\xampp\htdocs\ino\system\Database\BaseConnection.php(598): CodeIgniter\Database\BaseConnection->simpleQuery('SELECT COUNT(*)...')
#3 C:\xampp\htdocs\ino\system\Database\BaseBuilder.php(1539): CodeIgniter\Database\BaseConnection->query('SELECT COUNT(*)...', Array, false)
#4 C:\xampp\htdocs\ino\app\Models\ModelPembelianPagination.php(74): CodeIgniter\Database\BaseBuilder->countAllResults()
#5 C:\xampp\htdocs\ino\app\Controllers\Pembelian.php(60): App\Models\ModelPembelianPagination->count_all('', '')
#6 C:\xampp\htdocs\ino\system\CodeIgniter.php(832): App\Controllers\Pembelian->listData()
#7 C:\xampp\htdocs\ino\system\CodeIgniter.php(419): CodeIgniter\CodeIgniter->runController(Object(App\Controllers\Pembelian))
#8 C:\xampp\htdocs\ino\system\CodeIgniter.php(326): CodeIgniter\CodeIgniter->handleRequest(NULL, Object(Config\Cache), false)
#9 C:\xampp\htdocs\ino\public\index.php(37): CodeIgniter\CodeIgniter->run()
#10 {main}
ERROR - 2022-07-22 09:07:59 --> Unknown column 'idpel' in 'on clause'
CRITICAL - 2022-07-22 09:07:59 --> Unknown column 'idpel' in 'on clause'
#0 C:\xampp\htdocs\ino\system\Database\MySQLi\Connection.php(292): mysqli->query('SELECT COUNT(*)...', 0)
#1 C:\xampp\htdocs\ino\system\Database\BaseConnection.php(670): CodeIgniter\Database\MySQLi\Connection->execute('SELECT COUNT(*)...')
#2 C:\xampp\htdocs\ino\system\Database\BaseConnection.php(598): CodeIgniter\Database\BaseConnection->simpleQuery('SELECT COUNT(*)...')
#3 C:\xampp\htdocs\ino\system\Database\BaseBuilder.php(1539): CodeIgniter\Database\BaseConnection->query('SELECT COUNT(*)...', Array, false)
#4 C:\xampp\htdocs\ino\app\Models\ModelPembelianPagination.php(74): CodeIgniter\Database\BaseBuilder->countAllResults()
#5 C:\xampp\htdocs\ino\app\Controllers\Pembelian.php(60): App\Models\ModelPembelianPagination->count_all('', '')
#6 C:\xampp\htdocs\ino\system\CodeIgniter.php(832): App\Controllers\Pembelian->listData()
#7 C:\xampp\htdocs\ino\system\CodeIgniter.php(419): CodeIgniter\CodeIgniter->runController(Object(App\Controllers\Pembelian))
#8 C:\xampp\htdocs\ino\system\CodeIgniter.php(326): CodeIgniter\CodeIgniter->handleRequest(NULL, Object(Config\Cache), false)
#9 C:\xampp\htdocs\ino\public\index.php(37): CodeIgniter\CodeIgniter->run()
#10 {main}
ERROR - 2022-07-22 09:08:59 --> Unknown column 'idpel' in 'on clause'
CRITICAL - 2022-07-22 09:08:59 --> Unknown column 'idpel' in 'on clause'
#0 C:\xampp\htdocs\ino\system\Database\MySQLi\Connection.php(292): mysqli->query('SELECT COUNT(*)...', 0)
#1 C:\xampp\htdocs\ino\system\Database\BaseConnection.php(670): CodeIgniter\Database\MySQLi\Connection->execute('SELECT COUNT(*)...')
#2 C:\xampp\htdocs\ino\system\Database\BaseConnection.php(598): CodeIgniter\Database\BaseConnection->simpleQuery('SELECT COUNT(*)...')
#3 C:\xampp\htdocs\ino\system\Database\BaseBuilder.php(1539): CodeIgniter\Database\BaseConnection->query('SELECT COUNT(*)...', Array, false)
#4 C:\xampp\htdocs\ino\app\Models\ModelPembelianPagination.php(74): CodeIgniter\Database\BaseBuilder->countAllResults()
#5 C:\xampp\htdocs\ino\app\Controllers\Pembelian.php(60): App\Models\ModelPembelianPagination->count_all('', '')
#6 C:\xampp\htdocs\ino\system\CodeIgniter.php(832): App\Controllers\Pembelian->listData()
#7 C:\xampp\htdocs\ino\system\CodeIgniter.php(419): CodeIgniter\CodeIgniter->runController(Object(App\Controllers\Pembelian))
#8 C:\xampp\htdocs\ino\system\CodeIgniter.php(326): CodeIgniter\CodeIgniter->handleRequest(NULL, Object(Config\Cache), false)
#9 C:\xampp\htdocs\ino\public\index.php(37): CodeIgniter\CodeIgniter->run()
#10 {main}
ERROR - 2022-07-22 10:51:12 --> Unknown column 'brgkode' in 'on clause'
CRITICAL - 2022-07-22 10:51:12 --> Unknown column 'brgkode' in 'on clause'
#0 C:\xampp\htdocs\ino\system\Database\MySQLi\Connection.php(292): mysqli->query('SELECT *\nFROM `...', 0)
#1 C:\xampp\htdocs\ino\system\Database\BaseConnection.php(670): CodeIgniter\Database\MySQLi\Connection->execute('SELECT *\nFROM `...')
#2 C:\xampp\htdocs\ino\system\Database\BaseConnection.php(598): CodeIgniter\Database\BaseConnection->simpleQuery('SELECT *\nFROM `...')
#3 C:\xampp\htdocs\ino\system\Database\BaseBuilder.php(1455): CodeIgniter\Database\BaseConnection->query('SELECT *\nFROM `...', Array, false)
#4 C:\xampp\htdocs\ino\system\Model.php(728): CodeIgniter\Database\BaseBuilder->get()
#5 C:\xampp\htdocs\ino\app\Models\ModelTempPembelian.php(17): CodeIgniter\Model->__call('get', Array)
#6 C:\xampp\htdocs\ino\app\Controllers\Pembelian.php(124): App\Models\ModelTempPembelian->tampilDataTemp('2207220001')
#7 C:\xampp\htdocs\ino\system\CodeIgniter.php(832): App\Controllers\Pembelian->tampilDataTemp()
#8 C:\xampp\htdocs\ino\system\CodeIgniter.php(419): CodeIgniter\CodeIgniter->runController(Object(App\Controllers\Pembelian))
#9 C:\xampp\htdocs\ino\system\CodeIgniter.php(326): CodeIgniter\CodeIgniter->handleRequest(NULL, Object(Config\Cache), false)
#10 C:\xampp\htdocs\ino\public\index.php(37): CodeIgniter\CodeIgniter->run()
#11 {main}
CRITICAL - 2022-07-22 10:55:14 --> Invalid file: barangkeluar/modalcaribarang.php
#0 C:\xampp\htdocs\ino\system\View\View.php(198): CodeIgniter\Exceptions\FrameworkException::forInvalidFile('barangkeluar/mo...')
#1 C:\xampp\htdocs\ino\system\Common.php(1089): CodeIgniter\View\View->render('barangkeluar/mo...', Array, true)
#2 C:\xampp\htdocs\ino\app\Controllers\Pembelian.php(227): view('barangkeluar/mo...')
#3 C:\xampp\htdocs\ino\system\CodeIgniter.php(832): App\Controllers\Pembelian->modalCariBarang()
#4 C:\xampp\htdocs\ino\system\CodeIgniter.php(419): CodeIgniter\CodeIgniter->runController(Object(App\Controllers\Pembelian))
#5 C:\xampp\htdocs\ino\system\CodeIgniter.php(326): CodeIgniter\CodeIgniter->handleRequest(NULL, Object(Config\Cache), false)
#6 C:\xampp\htdocs\ino\public\index.php(37): CodeIgniter\CodeIgniter->run()
#7 {main}
CRITICAL - 2022-07-22 11:00:46 --> Invalid file: barangkeluar/modalcaribarang.php
#0 C:\xampp\htdocs\ino\system\View\View.php(198): CodeIgniter\Exceptions\FrameworkException::forInvalidFile('barangkeluar/mo...')
#1 C:\xampp\htdocs\ino\system\Common.php(1089): CodeIgniter\View\View->render('barangkeluar/mo...', Array, true)
#2 C:\xampp\htdocs\ino\app\Controllers\Pembelian.php(227): view('barangkeluar/mo...')
#3 C:\xampp\htdocs\ino\system\CodeIgniter.php(832): App\Controllers\Pembelian->modalCariBarang()
#4 C:\xampp\htdocs\ino\system\CodeIgniter.php(419): CodeIgniter\CodeIgniter->runController(Object(App\Controllers\Pembelian))
#5 C:\xampp\htdocs\ino\system\CodeIgniter.php(326): CodeIgniter\CodeIgniter->handleRequest(NULL, Object(Config\Cache), false)
#6 C:\xampp\htdocs\ino\public\index.php(37): CodeIgniter\CodeIgniter->run()
#7 {main}
CRITICAL - 2022-07-22 11:02:22 --> Invalid file: barangkeluar/modalcaribarang.php
#0 C:\xampp\htdocs\ino\system\View\View.php(198): CodeIgniter\Exceptions\FrameworkException::forInvalidFile('barangkeluar/mo...')
#1 C:\xampp\htdocs\ino\system\Common.php(1089): CodeIgniter\View\View->render('barangkeluar/mo...', Array, true)
#2 C:\xampp\htdocs\ino\app\Controllers\Pembelian.php(227): view('barangkeluar/mo...')
#3 C:\xampp\htdocs\ino\system\CodeIgniter.php(832): App\Controllers\Pembelian->modalCariBarang()
#4 C:\xampp\htdocs\ino\system\CodeIgniter.php(419): CodeIgniter\CodeIgniter->runController(Object(App\Controllers\Pembelian))
#5 C:\xampp\htdocs\ino\system\CodeIgniter.php(326): CodeIgniter\CodeIgniter->handleRequest(NULL, Object(Config\Cache), false)
#6 C:\xampp\htdocs\ino\public\index.php(37): CodeIgniter\CodeIgniter->run()
#7 {main}
CRITICAL - 2022-07-22 11:03:39 --> Invalid file: barangkeluar/modalcaribarang.php
#0 C:\xampp\htdocs\ino\system\View\View.php(198): CodeIgniter\Exceptions\FrameworkException::forInvalidFile('barangkeluar/mo...')
#1 C:\xampp\htdocs\ino\system\Common.php(1089): CodeIgniter\View\View->render('barangkeluar/mo...', Array, true)
#2 C:\xampp\htdocs\ino\app\Controllers\Pembelian.php(227): view('barangkeluar/mo...')
#3 C:\xampp\htdocs\ino\system\CodeIgniter.php(832): App\Controllers\Pembelian->modalCariBarang()
#4 C:\xampp\htdocs\ino\system\CodeIgniter.php(419): CodeIgniter\CodeIgniter->runController(Object(App\Controllers\Pembelian))
#5 C:\xampp\htdocs\ino\system\CodeIgniter.php(326): CodeIgniter\CodeIgniter->handleRequest(NULL, Object(Config\Cache), false)
#6 C:\xampp\htdocs\ino\public\index.php(37): CodeIgniter\CodeIgniter->run()
#7 {main}
CRITICAL - 2022-07-22 11:19:03 --> Invalid file: suplier/modaldata.php
#0 C:\xampp\htdocs\ino\system\View\View.php(198): CodeIgniter\Exceptions\FrameworkException::forInvalidFile('suplier/modalda...')
#1 C:\xampp\htdocs\ino\system\Common.php(1089): CodeIgniter\View\View->render('suplier/modalda...', Array, true)
#2 C:\xampp\htdocs\ino\app\Controllers\Suplier.php(91): view('suplier/modalda...')
#3 C:\xampp\htdocs\ino\system\CodeIgniter.php(832): App\Controllers\Suplier->modalData()
#4 C:\xampp\htdocs\ino\system\CodeIgniter.php(419): CodeIgniter\CodeIgniter->runController(Object(App\Controllers\Suplier))
#5 C:\xampp\htdocs\ino\system\CodeIgniter.php(326): CodeIgniter\CodeIgniter->handleRequest(NULL, Object(Config\Cache), false)
#6 C:\xampp\htdocs\ino\public\index.php(37): CodeIgniter\CodeIgniter->run()
#7 {main}
CRITICAL - 2022-07-22 11:19:06 --> Invalid file: suplier/modaltambah.php
#0 C:\xampp\htdocs\ino\system\View\View.php(198): CodeIgniter\Exceptions\FrameworkException::forInvalidFile('suplier/modalta...')
#1 C:\xampp\htdocs\ino\system\Common.php(1089): CodeIgniter\View\View->render('suplier/modalta...', Array, true)
#2 C:\xampp\htdocs\ino\app\Controllers\Suplier.php(16): view('suplier/modalta...')
#3 C:\xampp\htdocs\ino\system\CodeIgniter.php(832): App\Controllers\Suplier->formtambah()
#4 C:\xampp\htdocs\ino\system\CodeIgniter.php(419): CodeIgniter\CodeIgniter->runController(Object(App\Controllers\Suplier))
#5 C:\xampp\htdocs\ino\system\CodeIgniter.php(326): CodeIgniter\CodeIgniter->handleRequest(NULL, Object(Config\Cache), false)
#6 C:\xampp\htdocs\ino\public\index.php(37): CodeIgniter\CodeIgniter->run()
#7 {main}
ERROR - 2022-07-22 13:20:46 --> Unknown column 'supnpwp' in 'field list'
CRITICAL - 2022-07-22 13:20:46 --> Unknown column 'supnpwp' in 'field list'
#0 C:\xampp\htdocs\ino\system\Database\MySQLi\Connection.php(292): mysqli->query('INSERT INTO `su...', 0)
#1 C:\xampp\htdocs\ino\system\Database\BaseConnection.php(670): CodeIgniter\Database\MySQLi\Connection->execute('INSERT INTO `su...')
#2 C:\xampp\htdocs\ino\system\Database\BaseConnection.php(598): CodeIgniter\Database\BaseConnection->simpleQuery('INSERT INTO `su...')
#3 C:\xampp\htdocs\ino\system\Database\BaseBuilder.php(1771): CodeIgniter\Database\BaseConnection->query('INSERT INTO `su...', Array, false)
#4 C:\xampp\htdocs\ino\system\Model.php(239): CodeIgniter\Database\BaseBuilder->insert()
#5 C:\xampp\htdocs\ino\system\BaseModel.php(738): CodeIgniter\Model->doInsert(Array)
#6 C:\xampp\htdocs\ino\system\Model.php(625): CodeIgniter\BaseModel->insert(Array, true)
#7 C:\xampp\htdocs\ino\app\Controllers\Suplier.php(88): CodeIgniter\Model->insert(Array)
#8 C:\xampp\htdocs\ino\system\CodeIgniter.php(832): App\Controllers\Suplier->simpan()
#9 C:\xampp\htdocs\ino\system\CodeIgniter.php(419): CodeIgniter\CodeIgniter->runController(Object(App\Controllers\Suplier))
#10 C:\xampp\htdocs\ino\system\CodeIgniter.php(326): CodeIgniter\CodeIgniter->handleRequest(NULL, Object(Config\Cache), false)
#11 C:\xampp\htdocs\ino\public\index.php(37): CodeIgniter\CodeIgniter->run()
#12 {main}
CRITICAL - 2022-07-22 13:29:10 --> Undefined index: id
#0 C:\xampp\htdocs\ino\app\Views\pembelian\datatemp.php(43): CodeIgniter\Debug\Exceptions->errorHandler(8, 'Undefined index...', 'C:\\xampp\\htdocs...', 43, Array)
#1 C:\xampp\htdocs\ino\system\View\View.php(210): include('C:\\xampp\\htdocs...')
#2 C:\xampp\htdocs\ino\system\View\View.php(213): CodeIgniter\View\View->CodeIgniter\View\{closure}()
#3 C:\xampp\htdocs\ino\system\Common.php(1089): CodeIgniter\View\View->render('pembelian/datat...', Array, true)
#4 C:\xampp\htdocs\ino\app\Controllers\Pembelian.php(131): view('pembelian/datat...', Array)
#5 C:\xampp\htdocs\ino\system\CodeIgniter.php(832): App\Controllers\Pembelian->tampilDataTemp()
#6 C:\xampp\htdocs\ino\system\CodeIgniter.php(419): CodeIgniter\CodeIgniter->runController(Object(App\Controllers\Pembelian))
#7 C:\xampp\htdocs\ino\system\CodeIgniter.php(326): CodeIgniter\CodeIgniter->handleRequest(NULL, Object(Config\Cache), false)
#8 C:\xampp\htdocs\ino\public\index.php(37): CodeIgniter\CodeIgniter->run()
#9 {main}
CRITICAL - 2022-07-22 13:43:26 --> Undefined index: id
#0 C:\xampp\htdocs\ino\app\Views\pembelian\datatemp.php(43): CodeIgniter\Debug\Exceptions->errorHandler(8, 'Undefined index...', 'C:\\xampp\\htdocs...', 43, Array)
#1 C:\xampp\htdocs\ino\system\View\View.php(210): include('C:\\xampp\\htdocs...')
#2 C:\xampp\htdocs\ino\system\View\View.php(213): CodeIgniter\View\View->CodeIgniter\View\{closure}()
#3 C:\xampp\htdocs\ino\system\Common.php(1089): CodeIgniter\View\View->render('pembelian/datat...', Array, true)
#4 C:\xampp\htdocs\ino\app\Controllers\Pembelian.php(131): view('pembelian/datat...', Array)
#5 C:\xampp\htdocs\ino\system\CodeIgniter.php(832): App\Controllers\Pembelian->tampilDataTemp()
#6 C:\xampp\htdocs\ino\system\CodeIgniter.php(419): CodeIgniter\CodeIgniter->runController(Object(App\Controllers\Pembelian))
#7 C:\xampp\htdocs\ino\system\CodeIgniter.php(326): CodeIgniter\CodeIgniter->handleRequest(NULL, Object(Config\Cache), false)
#8 C:\xampp\htdocs\ino\public\index.php(37): CodeIgniter\CodeIgniter->run()
#9 {main}
CRITICAL - 2022-07-22 13:44:18 --> Undefined index: id
#0 C:\xampp\htdocs\ino\app\Views\pembelian\datatemp.php(43): CodeIgniter\Debug\Exceptions->errorHandler(8, 'Undefined index...', 'C:\\xampp\\htdocs...', 43, Array)
#1 C:\xampp\htdocs\ino\system\View\View.php(210): include('C:\\xampp\\htdocs...')
#2 C:\xampp\htdocs\ino\system\View\View.php(213): CodeIgniter\View\View->CodeIgniter\View\{closure}()
#3 C:\xampp\htdocs\ino\system\Common.php(1089): CodeIgniter\View\View->render('pembelian/datat...', Array, true)
#4 C:\xampp\htdocs\ino\app\Controllers\Pembelian.php(131): view('pembelian/datat...', Array)
#5 C:\xampp\htdocs\ino\system\CodeIgniter.php(832): App\Controllers\Pembelian->tampilDataTemp()
#6 C:\xampp\htdocs\ino\system\CodeIgniter.php(419): CodeIgniter\CodeIgniter->runController(Object(App\Controllers\Pembelian))
#7 C:\xampp\htdocs\ino\system\CodeIgniter.php(326): CodeIgniter\CodeIgniter->handleRequest(NULL, Object(Config\Cache), false)
#8 C:\xampp\htdocs\ino\public\index.php(37): CodeIgniter\CodeIgniter->run()
#9 {main}
CRITICAL - 2022-07-22 13:44:32 --> Undefined index: id
#0 C:\xampp\htdocs\ino\app\Views\pembelian\datatemp.php(43): CodeIgniter\Debug\Exceptions->errorHandler(8, 'Undefined index...', 'C:\\xampp\\htdocs...', 43, Array)
#1 C:\xampp\htdocs\ino\system\View\View.php(210): include('C:\\xampp\\htdocs...')
#2 C:\xampp\htdocs\ino\system\View\View.php(213): CodeIgniter\View\View->CodeIgniter\View\{closure}()
#3 C:\xampp\htdocs\ino\system\Common.php(1089): CodeIgniter\View\View->render('pembelian/datat...', Array, true)
#4 C:\xampp\htdocs\ino\app\Controllers\Pembelian.php(131): view('pembelian/datat...', Array)
#5 C:\xampp\htdocs\ino\system\CodeIgniter.php(832): App\Controllers\Pembelian->tampilDataTemp()
#6 C:\xampp\htdocs\ino\system\CodeIgniter.php(419): CodeIgniter\CodeIgniter->runController(Object(App\Controllers\Pembelian))
#7 C:\xampp\htdocs\ino\system\CodeIgniter.php(326): CodeIgniter\CodeIgniter->handleRequest(NULL, Object(Config\Cache), false)
#8 C:\xampp\htdocs\ino\public\index.php(37): CodeIgniter\CodeIgniter->run()
#9 {main}
CRITICAL - 2022-07-22 13:44:37 --> Undefined index: id
#0 C:\xampp\htdocs\ino\app\Views\pembelian\datatemp.php(43): CodeIgniter\Debug\Exceptions->errorHandler(8, 'Undefined index...', 'C:\\xampp\\htdocs...', 43, Array)
#1 C:\xampp\htdocs\ino\system\View\View.php(210): include('C:\\xampp\\htdocs...')
#2 C:\xampp\htdocs\ino\system\View\View.php(213): CodeIgniter\View\View->CodeIgniter\View\{closure}()
#3 C:\xampp\htdocs\ino\system\Common.php(1089): CodeIgniter\View\View->render('pembelian/datat...', Array, true)
#4 C:\xampp\htdocs\ino\app\Controllers\Pembelian.php(131): view('pembelian/datat...', Array)
#5 C:\xampp\htdocs\ino\system\CodeIgniter.php(832): App\Controllers\Pembelian->tampilDataTemp()
#6 C:\xampp\htdocs\ino\system\CodeIgniter.php(419): CodeIgniter\CodeIgniter->runController(Object(App\Controllers\Pembelian))
#7 C:\xampp\htdocs\ino\system\CodeIgniter.php(326): CodeIgniter\CodeIgniter->handleRequest(NULL, Object(Config\Cache), false)
#8 C:\xampp\htdocs\ino\public\index.php(37): CodeIgniter\CodeIgniter->run()
#9 {main}
CRITICAL - 2022-07-22 13:52:42 --> Undefined index: id
#0 C:\xampp\htdocs\ino\app\Views\pembelian\datatemp.php(43): CodeIgniter\Debug\Exceptions->errorHandler(8, 'Undefined index...', 'C:\\xampp\\htdocs...', 43, Array)
#1 C:\xampp\htdocs\ino\system\View\View.php(210): include('C:\\xampp\\htdocs...')
#2 C:\xampp\htdocs\ino\system\View\View.php(213): CodeIgniter\View\View->CodeIgniter\View\{closure}()
#3 C:\xampp\htdocs\ino\system\Common.php(1089): CodeIgniter\View\View->render('pembelian/datat...', Array, true)
#4 C:\xampp\htdocs\ino\app\Controllers\Pembelian.php(131): view('pembelian/datat...', Array)
#5 C:\xampp\htdocs\ino\system\CodeIgniter.php(832): App\Controllers\Pembelian->tampilDataTemp()
#6 C:\xampp\htdocs\ino\system\CodeIgniter.php(419): CodeIgniter\CodeIgniter->runController(Object(App\Controllers\Pembelian))
#7 C:\xampp\htdocs\ino\system\CodeIgniter.php(326): CodeIgniter\CodeIgniter->handleRequest(NULL, Object(Config\Cache), false)
#8 C:\xampp\htdocs\ino\public\index.php(37): CodeIgniter\CodeIgniter->run()
#9 {main}
CRITICAL - 2022-07-22 13:53:23 --> Undefined index: id
#0 C:\xampp\htdocs\ino\app\Views\pembelian\datatemp.php(43): CodeIgniter\Debug\Exceptions->errorHandler(8, 'Undefined index...', 'C:\\xampp\\htdocs...', 43, Array)
#1 C:\xampp\htdocs\ino\system\View\View.php(210): include('C:\\xampp\\htdocs...')
#2 C:\xampp\htdocs\ino\system\View\View.php(213): CodeIgniter\View\View->CodeIgniter\View\{closure}()
#3 C:\xampp\htdocs\ino\system\Common.php(1089): CodeIgniter\View\View->render('pembelian/datat...', Array, true)
#4 C:\xampp\htdocs\ino\app\Controllers\Pembelian.php(131): view('pembelian/datat...', Array)
#5 C:\xampp\htdocs\ino\system\CodeIgniter.php(832): App\Controllers\Pembelian->tampilDataTemp()
#6 C:\xampp\htdocs\ino\system\CodeIgniter.php(419): CodeIgniter\CodeIgniter->runController(Object(App\Controllers\Pembelian))
#7 C:\xampp\htdocs\ino\system\CodeIgniter.php(326): CodeIgniter\CodeIgniter->handleRequest(NULL, Object(Config\Cache), false)
#8 C:\xampp\htdocs\ino\public\index.php(37): CodeIgniter\CodeIgniter->run()
#9 {main}
ERROR - 2022-07-22 13:56:25 --> Duplicate entry '0' for key 'PRIMARY'
CRITICAL - 2022-07-22 13:56:25 --> Duplicate entry '0' for key 'PRIMARY'
#0 C:\xampp\htdocs\ino\system\Database\MySQLi\Connection.php(292): mysqli->query('INSERT INTO `te...', 0)
#1 C:\xampp\htdocs\ino\system\Database\BaseConnection.php(670): CodeIgniter\Database\MySQLi\Connection->execute('INSERT INTO `te...')
#2 C:\xampp\htdocs\ino\system\Database\BaseConnection.php(598): CodeIgniter\Database\BaseConnection->simpleQuery('INSERT INTO `te...')
#3 C:\xampp\htdocs\ino\system\Database\BaseBuilder.php(1771): CodeIgniter\Database\BaseConnection->query('INSERT INTO `te...', Array, false)
#4 C:\xampp\htdocs\ino\system\Model.php(239): CodeIgniter\Database\BaseBuilder->insert()
#5 C:\xampp\htdocs\ino\system\BaseModel.php(738): CodeIgniter\Model->doInsert(Array)
#6 C:\xampp\htdocs\ino\system\Model.php(625): CodeIgniter\BaseModel->insert(Array, true)
#7 C:\xampp\htdocs\ino\app\Controllers\Pembelian.php(185): CodeIgniter\Model->insert(Array)
#8 C:\xampp\htdocs\ino\system\CodeIgniter.php(832): App\Controllers\Pembelian->simpanItem()
#9 C:\xampp\htdocs\ino\system\CodeIgniter.php(419): CodeIgniter\CodeIgniter->runController(Object(App\Controllers\Pembelian))
#10 C:\xampp\htdocs\ino\system\CodeIgniter.php(326): CodeIgniter\CodeIgniter->handleRequest(NULL, Object(Config\Cache), false)
#11 C:\xampp\htdocs\ino\public\index.php(37): CodeIgniter\CodeIgniter->run()
#12 {main}
ERROR - 2022-07-22 14:07:48 --> Column 'dethargamasuk' cannot be null
CRITICAL - 2022-07-22 14:07:48 --> Column 'dethargamasuk' cannot be null
#0 C:\xampp\htdocs\ino\system\Database\MySQLi\Connection.php(292): mysqli->query('INSERT INTO `te...', 0)
#1 C:\xampp\htdocs\ino\system\Database\BaseConnection.php(670): CodeIgniter\Database\MySQLi\Connection->execute('INSERT INTO `te...')
#2 C:\xampp\htdocs\ino\system\Database\BaseConnection.php(598): CodeIgniter\Database\BaseConnection->simpleQuery('INSERT INTO `te...')
#3 C:\xampp\htdocs\ino\system\Database\BaseBuilder.php(1771): CodeIgniter\Database\BaseConnection->query('INSERT INTO `te...', Array, false)
#4 C:\xampp\htdocs\ino\system\Model.php(239): CodeIgniter\Database\BaseBuilder->insert()
#5 C:\xampp\htdocs\ino\system\BaseModel.php(738): CodeIgniter\Model->doInsert(Array)
#6 C:\xampp\htdocs\ino\system\Model.php(625): CodeIgniter\BaseModel->insert(Array, true)
#7 C:\xampp\htdocs\ino\app\Controllers\Pembelian.php(187): CodeIgniter\Model->insert(Array)
#8 C:\xampp\htdocs\ino\system\CodeIgniter.php(832): App\Controllers\Pembelian->simpanItem()
#9 C:\xampp\htdocs\ino\system\CodeIgniter.php(419): CodeIgniter\CodeIgniter->runController(Object(App\Controllers\Pembelian))
#10 C:\xampp\htdocs\ino\system\CodeIgniter.php(326): CodeIgniter\CodeIgniter->handleRequest(NULL, Object(Config\Cache), false)
#11 C:\xampp\htdocs\ino\public\index.php(37): CodeIgniter\CodeIgniter->run()
#12 {main}
ERROR - 2022-07-22 14:10:41 --> Duplicate entry '0' for key 'PRIMARY'
CRITICAL - 2022-07-22 14:10:41 --> Duplicate entry '0' for key 'PRIMARY'
#0 C:\xampp\htdocs\ino\system\Database\MySQLi\Connection.php(292): mysqli->query('INSERT INTO `te...', 0)
#1 C:\xampp\htdocs\ino\system\Database\BaseConnection.php(670): CodeIgniter\Database\MySQLi\Connection->execute('INSERT INTO `te...')
#2 C:\xampp\htdocs\ino\system\Database\BaseConnection.php(598): CodeIgniter\Database\BaseConnection->simpleQuery('INSERT INTO `te...')
#3 C:\xampp\htdocs\ino\system\Database\BaseBuilder.php(1771): CodeIgniter\Database\BaseConnection->query('INSERT INTO `te...', Array, false)
#4 C:\xampp\htdocs\ino\system\Model.php(239): CodeIgniter\Database\BaseBuilder->insert()
#5 C:\xampp\htdocs\ino\system\BaseModel.php(738): CodeIgniter\Model->doInsert(Array)
#6 C:\xampp\htdocs\ino\system\Model.php(625): CodeIgniter\BaseModel->insert(Array, true)
#7 C:\xampp\htdocs\ino\app\Controllers\Pembelian.php(187): CodeIgniter\Model->insert(Array)
#8 C:\xampp\htdocs\ino\system\CodeIgniter.php(832): App\Controllers\Pembelian->simpanItem()
#9 C:\xampp\htdocs\ino\system\CodeIgniter.php(419): CodeIgniter\CodeIgniter->runController(Object(App\Controllers\Pembelian))
#10 C:\xampp\htdocs\ino\system\CodeIgniter.php(326): CodeIgniter\CodeIgniter->handleRequest(NULL, Object(Config\Cache), false)
#11 C:\xampp\htdocs\ino\public\index.php(37): CodeIgniter\CodeIgniter->run()
#12 {main}
ERROR - 2022-07-22 17:37:14 --> Duplicate entry '0' for key 'PRIMARY'
CRITICAL - 2022-07-22 17:37:14 --> Duplicate entry '0' for key 'PRIMARY'
#0 C:\xampp\htdocs\ino\system\Database\MySQLi\Connection.php(292): mysqli->query('INSERT INTO `te...', 0)
#1 C:\xampp\htdocs\ino\system\Database\BaseConnection.php(670): CodeIgniter\Database\MySQLi\Connection->execute('INSERT INTO `te...')
#2 C:\xampp\htdocs\ino\system\Database\BaseConnection.php(598): CodeIgniter\Database\BaseConnection->simpleQuery('INSERT INTO `te...')
#3 C:\xampp\htdocs\ino\system\Database\BaseBuilder.php(1771): CodeIgniter\Database\BaseConnection->query('INSERT INTO `te...', Array, false)
#4 C:\xampp\htdocs\ino\system\Model.php(239): CodeIgniter\Database\BaseBuilder->insert()
#5 C:\xampp\htdocs\ino\system\BaseModel.php(738): CodeIgniter\Model->doInsert(Array)
#6 C:\xampp\htdocs\ino\system\Model.php(625): CodeIgniter\BaseModel->insert(Array, true)
#7 C:\xampp\htdocs\ino\app\Controllers\Pembelian.php(187): CodeIgniter\Model->insert(Array)
#8 C:\xampp\htdocs\ino\system\CodeIgniter.php(832): App\Controllers\Pembelian->simpanItem()
#9 C:\xampp\htdocs\ino\system\CodeIgniter.php(419): CodeIgniter\CodeIgniter->runController(Object(App\Controllers\Pembelian))
#10 C:\xampp\htdocs\ino\system\CodeIgniter.php(326): CodeIgniter\CodeIgniter->handleRequest(NULL, Object(Config\Cache), false)
#11 C:\xampp\htdocs\ino\public\index.php(37): CodeIgniter\CodeIgniter->run()
#12 {main}
ERROR - 2022-07-22 17:37:19 --> Duplicate entry '0' for key 'PRIMARY'
CRITICAL - 2022-07-22 17:37:19 --> Duplicate entry '0' for key 'PRIMARY'
#0 C:\xampp\htdocs\ino\system\Database\MySQLi\Connection.php(292): mysqli->query('INSERT INTO `te...', 0)
#1 C:\xampp\htdocs\ino\system\Database\BaseConnection.php(670): CodeIgniter\Database\MySQLi\Connection->execute('INSERT INTO `te...')
#2 C:\xampp\htdocs\ino\system\Database\BaseConnection.php(598): CodeIgniter\Database\BaseConnection->simpleQuery('INSERT INTO `te...')
#3 C:\xampp\htdocs\ino\system\Database\BaseBuilder.php(1771): CodeIgniter\Database\BaseConnection->query('INSERT INTO `te...', Array, false)
#4 C:\xampp\htdocs\ino\system\Model.php(239): CodeIgniter\Database\BaseBuilder->insert()
#5 C:\xampp\htdocs\ino\system\BaseModel.php(738): CodeIgniter\Model->doInsert(Array)
#6 C:\xampp\htdocs\ino\system\Model.php(625): CodeIgniter\BaseModel->insert(Array, true)
#7 C:\xampp\htdocs\ino\app\Controllers\Pembelian.php(187): CodeIgniter\Model->insert(Array)
#8 C:\xampp\htdocs\ino\system\CodeIgniter.php(832): App\Controllers\Pembelian->simpanItem()
#9 C:\xampp\htdocs\ino\system\CodeIgniter.php(419): CodeIgniter\CodeIgniter->runController(Object(App\Controllers\Pembelian))
#10 C:\xampp\htdocs\ino\system\CodeIgniter.php(326): CodeIgniter\CodeIgniter->handleRequest(NULL, Object(Config\Cache), false)
#11 C:\xampp\htdocs\ino\public\index.php(37): CodeIgniter\CodeIgniter->run()
#12 {main}
ERROR - 2022-07-22 17:41:19 --> Duplicate entry '0' for key 'PRIMARY'
CRITICAL - 2022-07-22 17:41:19 --> Duplicate entry '0' for key 'PRIMARY'
#0 C:\xampp\htdocs\ino\system\Database\MySQLi\Connection.php(292): mysqli->query('INSERT INTO `te...', 0)
#1 C:\xampp\htdocs\ino\system\Database\BaseConnection.php(670): CodeIgniter\Database\MySQLi\Connection->execute('INSERT INTO `te...')
#2 C:\xampp\htdocs\ino\system\Database\BaseConnection.php(598): CodeIgniter\Database\BaseConnection->simpleQuery('INSERT INTO `te...')
#3 C:\xampp\htdocs\ino\system\Database\BaseBuilder.php(1771): CodeIgniter\Database\BaseConnection->query('INSERT INTO `te...', Array, false)
#4 C:\xampp\htdocs\ino\system\Model.php(239): CodeIgniter\Database\BaseBuilder->insert()
#5 C:\xampp\htdocs\ino\system\BaseModel.php(738): CodeIgniter\Model->doInsert(Array)
#6 C:\xampp\htdocs\ino\system\Model.php(625): CodeIgniter\BaseModel->insert(Array, true)
#7 C:\xampp\htdocs\ino\app\Controllers\Pembelian.php(187): CodeIgniter\Model->insert(Array)
#8 C:\xampp\htdocs\ino\system\CodeIgniter.php(832): App\Controllers\Pembelian->simpanItem()
#9 C:\xampp\htdocs\ino\system\CodeIgniter.php(419): CodeIgniter\CodeIgniter->runController(Object(App\Controllers\Pembelian))
#10 C:\xampp\htdocs\ino\system\CodeIgniter.php(326): CodeIgniter\CodeIgniter->handleRequest(NULL, Object(Config\Cache), false)
#11 C:\xampp\htdocs\ino\public\index.php(37): CodeIgniter\CodeIgniter->run()
#12 {main}
ERROR - 2022-07-22 17:48:50 --> Duplicate entry '0' for key 'PRIMARY'
CRITICAL - 2022-07-22 17:48:50 --> Duplicate entry '0' for key 'PRIMARY'
#0 C:\xampp\htdocs\ino\system\Database\MySQLi\Connection.php(292): mysqli->query('INSERT INTO `te...', 0)
#1 C:\xampp\htdocs\ino\system\Database\BaseConnection.php(670): CodeIgniter\Database\MySQLi\Connection->execute('INSERT INTO `te...')
#2 C:\xampp\htdocs\ino\system\Database\BaseConnection.php(598): CodeIgniter\Database\BaseConnection->simpleQuery('INSERT INTO `te...')
#3 C:\xampp\htdocs\ino\system\Database\BaseBuilder.php(1771): CodeIgniter\Database\BaseConnection->query('INSERT INTO `te...', Array, false)
#4 C:\xampp\htdocs\ino\system\Model.php(239): CodeIgniter\Database\BaseBuilder->insert()
#5 C:\xampp\htdocs\ino\system\BaseModel.php(738): CodeIgniter\Model->doInsert(Array)
#6 C:\xampp\htdocs\ino\system\Model.php(625): CodeIgniter\BaseModel->insert(Array, true)
#7 C:\xampp\htdocs\ino\app\Controllers\Pembelian.php(187): CodeIgniter\Model->insert(Array)
#8 C:\xampp\htdocs\ino\system\CodeIgniter.php(832): App\Controllers\Pembelian->simpanItem()
#9 C:\xampp\htdocs\ino\system\CodeIgniter.php(419): CodeIgniter\CodeIgniter->runController(Object(App\Controllers\Pembelian))
#10 C:\xampp\htdocs\ino\system\CodeIgniter.php(326): CodeIgniter\CodeIgniter->handleRequest(NULL, Object(Config\Cache), false)
#11 C:\xampp\htdocs\ino\public\index.php(37): CodeIgniter\CodeIgniter->run()
#12 {main}
ERROR - 2022-07-22 17:49:14 --> Duplicate entry '0' for key 'PRIMARY'
CRITICAL - 2022-07-22 17:49:14 --> Duplicate entry '0' for key 'PRIMARY'
#0 C:\xampp\htdocs\ino\system\Database\MySQLi\Connection.php(292): mysqli->query('INSERT INTO `te...', 0)
#1 C:\xampp\htdocs\ino\system\Database\BaseConnection.php(670): CodeIgniter\Database\MySQLi\Connection->execute('INSERT INTO `te...')
#2 C:\xampp\htdocs\ino\system\Database\BaseConnection.php(598): CodeIgniter\Database\BaseConnection->simpleQuery('INSERT INTO `te...')
#3 C:\xampp\htdocs\ino\system\Database\BaseBuilder.php(1771): CodeIgniter\Database\BaseConnection->query('INSERT INTO `te...', Array, false)
#4 C:\xampp\htdocs\ino\system\Model.php(239): CodeIgniter\Database\BaseBuilder->insert()
#5 C:\xampp\htdocs\ino\system\BaseModel.php(738): CodeIgniter\Model->doInsert(Array)
#6 C:\xampp\htdocs\ino\system\Model.php(625): CodeIgniter\BaseModel->insert(Array, true)
#7 C:\xampp\htdocs\ino\app\Controllers\Pembelian.php(187): CodeIgniter\Model->insert(Array)
#8 C:\xampp\htdocs\ino\system\CodeIgniter.php(832): App\Controllers\Pembelian->simpanItem()
#9 C:\xampp\htdocs\ino\system\CodeIgniter.php(419): CodeIgniter\CodeIgniter->runController(Object(App\Controllers\Pembelian))
#10 C:\xampp\htdocs\ino\system\CodeIgniter.php(326): CodeIgniter\CodeIgniter->handleRequest(NULL, Object(Config\Cache), false)
#11 C:\xampp\htdocs\ino\public\index.php(37): CodeIgniter\CodeIgniter->run()
#12 {main}
