CRITICAL - 2022-08-12 10:28:52 --> Call to a member function getResultArray() on array
#0 C:\xampp\htdocs\ino\system\View\View.php(210): include()
#1 C:\xampp\htdocs\ino\system\View\View.php(213): CodeIgniter\View\View->CodeIgniter\View\{closure}()
#2 C:\xampp\htdocs\ino\system\Common.php(1089): CodeIgniter\View\View->render('psikotest/mulai...', Array, true)
#3 C:\xampp\htdocs\ino\app\Controllers\Psikotest.php(40): view('psikotest/mulai...', Array)
#4 C:\xampp\htdocs\ino\system\CodeIgniter.php(832): App\Controllers\Psikotest->mulaitest('12-08-2022 08:4...')
#5 C:\xampp\htdocs\ino\system\CodeIgniter.php(419): CodeIgniter\CodeIgniter->runController(Object(App\Controllers\Psikotest))
#6 C:\xampp\htdocs\ino\system\CodeIgniter.php(326): CodeIgniter\CodeIgniter->handleRequest(NULL, Object(Config\Cache), false)
#7 C:\xampp\htdocs\ino\public\index.php(37): CodeIgniter\CodeIgniter->run()
#8 {main}
CRITICAL - 2022-08-12 16:50:06 --> Cannot use object of type mysqli as array
#0 C:\xampp\htdocs\ino\system\View\View.php(210): include()
#1 C:\xampp\htdocs\ino\system\View\View.php(213): CodeIgniter\View\View->CodeIgniter\View\{closure}()
#2 C:\xampp\htdocs\ino\system\Common.php(1089): CodeIgniter\View\View->render('psikotest/mulai...', Array, true)
#3 C:\xampp\htdocs\ino\app\Controllers\Psikotest.php(41): view('psikotest/mulai...', Array)
#4 C:\xampp\htdocs\ino\system\CodeIgniter.php(832): App\Controllers\Psikotest->mulaitest('12-08-2022 04:0...')
#5 C:\xampp\htdocs\ino\system\CodeIgniter.php(419): CodeIgniter\CodeIgniter->runController(Object(App\Controllers\Psikotest))
#6 C:\xampp\htdocs\ino\system\CodeIgniter.php(326): CodeIgniter\CodeIgniter->handleRequest(NULL, Object(Config\Cache), false)
#7 C:\xampp\htdocs\ino\public\index.php(37): CodeIgniter\CodeIgniter->run()
#8 {main}
CRITICAL - 2022-08-12 16:51:00 --> Cannot use object of type mysqli as array
#0 C:\xampp\htdocs\ino\system\View\View.php(210): include()
#1 C:\xampp\htdocs\ino\system\View\View.php(213): CodeIgniter\View\View->CodeIgniter\View\{closure}()
#2 C:\xampp\htdocs\ino\system\Common.php(1089): CodeIgniter\View\View->render('psikotest/mulai...', Array, true)
#3 C:\xampp\htdocs\ino\app\Controllers\Psikotest.php(41): view('psikotest/mulai...', Array)
#4 C:\xampp\htdocs\ino\system\CodeIgniter.php(832): App\Controllers\Psikotest->mulaitest('12-08-2022 04:0...')
#5 C:\xampp\htdocs\ino\system\CodeIgniter.php(419): CodeIgniter\CodeIgniter->runController(Object(App\Controllers\Psikotest))
#6 C:\xampp\htdocs\ino\system\CodeIgniter.php(326): CodeIgniter\CodeIgniter->handleRequest(NULL, Object(Config\Cache), false)
#7 C:\xampp\htdocs\ino\public\index.php(37): CodeIgniter\CodeIgniter->run()
#8 {main}
CRITICAL - 2022-08-12 17:51:52 --> Undefined index: testpertid
#0 C:\xampp\htdocs\ino\app\Controllers\Psikotest.php(55): CodeIgniter\Debug\Exceptions->errorHandler(8, 'Undefined index...', 'C:\\xampp\\htdocs...', 55, Array)
#1 C:\xampp\htdocs\ino\system\CodeIgniter.php(832): App\Controllers\Psikotest->simpan()
#2 C:\xampp\htdocs\ino\system\CodeIgniter.php(419): CodeIgniter\CodeIgniter->runController(Object(App\Controllers\Psikotest))
#3 C:\xampp\htdocs\ino\system\CodeIgniter.php(326): CodeIgniter\CodeIgniter->handleRequest(NULL, Object(Config\Cache), false)
#4 C:\xampp\htdocs\ino\public\index.php(37): CodeIgniter\CodeIgniter->run()
#5 {main}
