CRITICAL - 2022-11-22 17:37:10 --> Call to undefined method CodeIgniter\Database\MySQLi\Result::getResultRow()
#0 C:\xampp\htdocs\ino\system\CodeIgniter.php(832): App\Controllers\Pembelian->simpanPembayaran()
#1 C:\xampp\htdocs\ino\system\CodeIgniter.php(419): CodeIgniter\CodeIgniter->runController(Object(App\Controllers\Pembelian))
#2 C:\xampp\htdocs\ino\system\CodeIgniter.php(326): CodeIgniter\CodeIgniter->handleRequest(NULL, Object(Config\Cache), false)
#3 C:\xampp\htdocs\ino\public\index.php(37): CodeIgniter\CodeIgniter->run()
#4 {main}
ERROR - 2022-11-22 17:37:22 --> Duplicate entry '2211220005' for key 'PRIMARY'
CRITICAL - 2022-11-22 17:37:22 --> Duplicate entry '2211220005' for key 'PRIMARY'
#0 C:\xampp\htdocs\ino\system\Database\MySQLi\Connection.php(292): mysqli->query('INSERT INTO `ba...', 0)
#1 C:\xampp\htdocs\ino\system\Database\BaseConnection.php(670): CodeIgniter\Database\MySQLi\Connection->execute('INSERT INTO `ba...')
#2 C:\xampp\htdocs\ino\system\Database\BaseConnection.php(598): CodeIgniter\Database\BaseConnection->simpleQuery('INSERT INTO `ba...')
#3 C:\xampp\htdocs\ino\system\Database\BaseBuilder.php(1771): CodeIgniter\Database\BaseConnection->query('INSERT INTO `ba...', Array, false)
#4 C:\xampp\htdocs\ino\system\Model.php(239): CodeIgniter\Database\BaseBuilder->insert()
#5 C:\xampp\htdocs\ino\system\BaseModel.php(738): CodeIgniter\Model->doInsert(Array)
#6 C:\xampp\htdocs\ino\system\Model.php(625): CodeIgniter\BaseModel->insert(Array, true)
#7 C:\xampp\htdocs\ino\app\Controllers\Pembelian.php(366): CodeIgniter\Model->insert(Array)
#8 C:\xampp\htdocs\ino\system\CodeIgniter.php(832): App\Controllers\Pembelian->simpanPembayaran()
#9 C:\xampp\htdocs\ino\system\CodeIgniter.php(419): CodeIgniter\CodeIgniter->runController(Object(App\Controllers\Pembelian))
#10 C:\xampp\htdocs\ino\system\CodeIgniter.php(326): CodeIgniter\CodeIgniter->handleRequest(NULL, Object(Config\Cache), false)
#11 C:\xampp\htdocs\ino\public\index.php(37): CodeIgniter\CodeIgniter->run()
#12 {main}
ERROR - 2022-11-22 17:40:14 --> Duplicate entry '2211220005' for key 'PRIMARY'
CRITICAL - 2022-11-22 17:40:14 --> Duplicate entry '2211220005' for key 'PRIMARY'
#0 C:\xampp\htdocs\ino\system\Database\MySQLi\Connection.php(292): mysqli->query('INSERT INTO `ba...', 0)
#1 C:\xampp\htdocs\ino\system\Database\BaseConnection.php(670): CodeIgniter\Database\MySQLi\Connection->execute('INSERT INTO `ba...')
#2 C:\xampp\htdocs\ino\system\Database\BaseConnection.php(598): CodeIgniter\Database\BaseConnection->simpleQuery('INSERT INTO `ba...')
#3 C:\xampp\htdocs\ino\system\Database\BaseBuilder.php(1771): CodeIgniter\Database\BaseConnection->query('INSERT INTO `ba...', Array, false)
#4 C:\xampp\htdocs\ino\system\Model.php(239): CodeIgniter\Database\BaseBuilder->insert()
#5 C:\xampp\htdocs\ino\system\BaseModel.php(738): CodeIgniter\Model->doInsert(Array)
#6 C:\xampp\htdocs\ino\system\Model.php(625): CodeIgniter\BaseModel->insert(Array, true)
#7 C:\xampp\htdocs\ino\app\Controllers\Pembelian.php(366): CodeIgniter\Model->insert(Array)
#8 C:\xampp\htdocs\ino\system\CodeIgniter.php(832): App\Controllers\Pembelian->simpanPembayaran()
#9 C:\xampp\htdocs\ino\system\CodeIgniter.php(419): CodeIgniter\CodeIgniter->runController(Object(App\Controllers\Pembelian))
#10 C:\xampp\htdocs\ino\system\CodeIgniter.php(326): CodeIgniter\CodeIgniter->handleRequest(NULL, Object(Config\Cache), false)
#11 C:\xampp\htdocs\ino\public\index.php(37): CodeIgniter\CodeIgniter->run()
#12 {main}
ERROR - 2022-11-22 17:48:05 --> Duplicate entry '2211220005' for key 'PRIMARY'
CRITICAL - 2022-11-22 17:48:05 --> Duplicate entry '2211220005' for key 'PRIMARY'
#0 C:\xampp\htdocs\ino\system\Database\MySQLi\Connection.php(292): mysqli->query('INSERT INTO `ba...', 0)
#1 C:\xampp\htdocs\ino\system\Database\BaseConnection.php(670): CodeIgniter\Database\MySQLi\Connection->execute('INSERT INTO `ba...')
#2 C:\xampp\htdocs\ino\system\Database\BaseConnection.php(598): CodeIgniter\Database\BaseConnection->simpleQuery('INSERT INTO `ba...')
#3 C:\xampp\htdocs\ino\system\Database\BaseBuilder.php(1771): CodeIgniter\Database\BaseConnection->query('INSERT INTO `ba...', Array, false)
#4 C:\xampp\htdocs\ino\system\Model.php(239): CodeIgniter\Database\BaseBuilder->insert()
#5 C:\xampp\htdocs\ino\system\BaseModel.php(738): CodeIgniter\Model->doInsert(Array)
#6 C:\xampp\htdocs\ino\system\Model.php(625): CodeIgniter\BaseModel->insert(Array, true)
#7 C:\xampp\htdocs\ino\app\Controllers\Pembelian.php(366): CodeIgniter\Model->insert(Array)
#8 C:\xampp\htdocs\ino\system\CodeIgniter.php(832): App\Controllers\Pembelian->simpanPembayaran()
#9 C:\xampp\htdocs\ino\system\CodeIgniter.php(419): CodeIgniter\CodeIgniter->runController(Object(App\Controllers\Pembelian))
#10 C:\xampp\htdocs\ino\system\CodeIgniter.php(326): CodeIgniter\CodeIgniter->handleRequest(NULL, Object(Config\Cache), false)
#11 C:\xampp\htdocs\ino\public\index.php(37): CodeIgniter\CodeIgniter->run()
#12 {main}
