CRITICAL - 2022-12-05 09:23:56 --> Undefined variable $tglawal
#0 C:\xampp\htdocs\ino\app\Models\ModelPemakaianCariPagination.php(26): CodeIgniter\Debug\Exceptions->errorHandler(2, 'Undefined varia...', 'C:\\xampp\\htdocs...', 26)
#1 C:\xampp\htdocs\ino\app\Models\ModelPemakaianCariPagination.php(55): App\Models\ModelPemakaianCariPagination->_get_datatables_query()
#2 C:\xampp\htdocs\ino\app\Controllers\Pengembalian.php(271): App\Models\ModelPemakaianCariPagination->get_datatables()
#3 C:\xampp\htdocs\ino\system\CodeIgniter.php(832): App\Controllers\Pengembalian->listDataBarang()
#4 C:\xampp\htdocs\ino\system\CodeIgniter.php(419): CodeIgniter\CodeIgniter->runController(Object(App\Controllers\Pengembalian))
#5 C:\xampp\htdocs\ino\system\CodeIgniter.php(326): CodeIgniter\CodeIgniter->handleRequest(NULL, Object(Config\Cache), false)
#6 C:\xampp\htdocs\ino\public\index.php(37): CodeIgniter\CodeIgniter->run()
#7 {main}
CRITICAL - 2022-12-05 09:25:08 --> Undefined variable $tglawal
#0 C:\xampp\htdocs\ino\app\Models\ModelPemakaianCariPagination.php(26): CodeIgniter\Debug\Exceptions->errorHandler(2, 'Undefined varia...', 'C:\\xampp\\htdocs...', 26)
#1 C:\xampp\htdocs\ino\app\Models\ModelPemakaianCariPagination.php(55): App\Models\ModelPemakaianCariPagination->_get_datatables_query()
#2 C:\xampp\htdocs\ino\app\Controllers\Pengembalian.php(271): App\Models\ModelPemakaianCariPagination->get_datatables()
#3 C:\xampp\htdocs\ino\system\CodeIgniter.php(832): App\Controllers\Pengembalian->listDataBarang()
#4 C:\xampp\htdocs\ino\system\CodeIgniter.php(419): CodeIgniter\CodeIgniter->runController(Object(App\Controllers\Pengembalian))
#5 C:\xampp\htdocs\ino\system\CodeIgniter.php(326): CodeIgniter\CodeIgniter->handleRequest(NULL, Object(Config\Cache), false)
#6 C:\xampp\htdocs\ino\public\index.php(37): CodeIgniter\CodeIgniter->run()
#7 {main}
CRITICAL - 2022-12-05 09:26:18 --> Undefined variable $tbl_storage
#0 C:\xampp\htdocs\ino\app\Models\ModelPemakaianCariPagination.php(66): CodeIgniter\Debug\Exceptions->errorHandler(2, 'Undefined varia...', 'C:\\xampp\\htdocs...', 66)
#1 C:\xampp\htdocs\ino\app\Controllers\Pengembalian.php(290): App\Models\ModelPemakaianCariPagination->count_all()
#2 C:\xampp\htdocs\ino\system\CodeIgniter.php(832): App\Controllers\Pengembalian->listDataBarang()
#3 C:\xampp\htdocs\ino\system\CodeIgniter.php(419): CodeIgniter\CodeIgniter->runController(Object(App\Controllers\Pengembalian))
#4 C:\xampp\htdocs\ino\system\CodeIgniter.php(326): CodeIgniter\CodeIgniter->handleRequest(NULL, Object(Config\Cache), false)
#5 C:\xampp\htdocs\ino\public\index.php(37): CodeIgniter\CodeIgniter->run()
#6 {main}
