ERROR - 2022-11-18 08:43:23 --> Unknown column 'kelurahan' in 'where clause'
CRITICAL - 2022-11-18 08:43:23 --> Unknown column 'kelurahan' in 'where clause'
#0 C:\xampp\htdocs\ino\system\Database\MySQLi\Connection.php(292): mysqli->query('SELECT COUNT(*)...', 0)
#1 C:\xampp\htdocs\ino\system\Database\BaseConnection.php(670): CodeIgniter\Database\MySQLi\Connection->execute('SELECT COUNT(*)...')
#2 C:\xampp\htdocs\ino\system\Database\BaseConnection.php(598): CodeIgniter\Database\BaseConnection->simpleQuery('SELECT COUNT(*)...')
#3 C:\xampp\htdocs\ino\system\Database\BaseBuilder.php(1539): CodeIgniter\Database\BaseConnection->query('SELECT COUNT(*)...', Array, false)
#4 C:\xampp\htdocs\ino\app\Models\ModelBiodataKtpPagination.php(61): CodeIgniter\Database\BaseBuilder->countAllResults()
#5 C:\xampp\htdocs\ino\app\Controllers\BiodataKtp.php(61): App\Models\ModelBiodataKtpPagination->count_filtered()
#6 C:\xampp\htdocs\ino\system\CodeIgniter.php(832): App\Controllers\BiodataKtp->listData()
#7 C:\xampp\htdocs\ino\system\CodeIgniter.php(419): CodeIgniter\CodeIgniter->runController(Object(App\Controllers\BiodataKtp))
#8 C:\xampp\htdocs\ino\system\CodeIgniter.php(326): CodeIgniter\CodeIgniter->handleRequest(NULL, Object(Config\Cache), false)
#9 C:\xampp\htdocs\ino\public\index.php(37): CodeIgniter\CodeIgniter->run()
#10 {main}
ERROR - 2022-11-18 08:43:34 --> Unknown column 'kelurahan' in 'where clause'
CRITICAL - 2022-11-18 08:43:34 --> Unknown column 'kelurahan' in 'where clause'
#0 C:\xampp\htdocs\ino\system\Database\MySQLi\Connection.php(292): mysqli->query('SELECT COUNT(*)...', 0)
#1 C:\xampp\htdocs\ino\system\Database\BaseConnection.php(670): CodeIgniter\Database\MySQLi\Connection->execute('SELECT COUNT(*)...')
#2 C:\xampp\htdocs\ino\system\Database\BaseConnection.php(598): CodeIgniter\Database\BaseConnection->simpleQuery('SELECT COUNT(*)...')
#3 C:\xampp\htdocs\ino\system\Database\BaseBuilder.php(1539): CodeIgniter\Database\BaseConnection->query('SELECT COUNT(*)...', Array, false)
#4 C:\xampp\htdocs\ino\app\Models\ModelBiodataKtpPagination.php(61): CodeIgniter\Database\BaseBuilder->countAllResults()
#5 C:\xampp\htdocs\ino\app\Controllers\BiodataKtp.php(61): App\Models\ModelBiodataKtpPagination->count_filtered()
#6 C:\xampp\htdocs\ino\system\CodeIgniter.php(832): App\Controllers\BiodataKtp->listData()
#7 C:\xampp\htdocs\ino\system\CodeIgniter.php(419): CodeIgniter\CodeIgniter->runController(Object(App\Controllers\BiodataKtp))
#8 C:\xampp\htdocs\ino\system\CodeIgniter.php(326): CodeIgniter\CodeIgniter->handleRequest(NULL, Object(Config\Cache), false)
#9 C:\xampp\htdocs\ino\public\index.php(37): CodeIgniter\CodeIgniter->run()
#10 {main}
ERROR - 2022-11-18 08:43:40 --> Unknown column 'kelurahan' in 'where clause'
CRITICAL - 2022-11-18 08:43:40 --> Unknown column 'kelurahan' in 'where clause'
#0 C:\xampp\htdocs\ino\system\Database\MySQLi\Connection.php(292): mysqli->query('SELECT COUNT(*)...', 0)
#1 C:\xampp\htdocs\ino\system\Database\BaseConnection.php(670): CodeIgniter\Database\MySQLi\Connection->execute('SELECT COUNT(*)...')
#2 C:\xampp\htdocs\ino\system\Database\BaseConnection.php(598): CodeIgniter\Database\BaseConnection->simpleQuery('SELECT COUNT(*)...')
#3 C:\xampp\htdocs\ino\system\Database\BaseBuilder.php(1539): CodeIgniter\Database\BaseConnection->query('SELECT COUNT(*)...', Array, false)
#4 C:\xampp\htdocs\ino\app\Models\ModelBiodataKtpPagination.php(61): CodeIgniter\Database\BaseBuilder->countAllResults()
#5 C:\xampp\htdocs\ino\app\Controllers\BiodataKtp.php(61): App\Models\ModelBiodataKtpPagination->count_filtered()
#6 C:\xampp\htdocs\ino\system\CodeIgniter.php(832): App\Controllers\BiodataKtp->listData()
#7 C:\xampp\htdocs\ino\system\CodeIgniter.php(419): CodeIgniter\CodeIgniter->runController(Object(App\Controllers\BiodataKtp))
#8 C:\xampp\htdocs\ino\system\CodeIgniter.php(326): CodeIgniter\CodeIgniter->handleRequest(NULL, Object(Config\Cache), false)
#9 C:\xampp\htdocs\ino\public\index.php(37): CodeIgniter\CodeIgniter->run()
#10 {main}
CRITICAL - 2022-11-18 11:10:04 --> Undefined variable $menu
#0 C:\xampp\htdocs\ino\app\Views\main\layout.php(190): CodeIgniter\Debug\Exceptions->errorHandler(2, 'Undefined varia...', 'C:\\xampp\\htdocs...', 190)
#1 C:\xampp\htdocs\ino\system\View\View.php(210): include('C:\\xampp\\htdocs...')
#2 C:\xampp\htdocs\ino\system\View\View.php(213): CodeIgniter\View\View->CodeIgniter\View\{closure}()
#3 C:\xampp\htdocs\ino\system\View\View.php(226): CodeIgniter\View\View->render('main/layout', Array, true)
#4 C:\xampp\htdocs\ino\system\Common.php(1089): CodeIgniter\View\View->render('profil/viewdata', Array, true)
#5 C:\xampp\htdocs\ino\app\Controllers\Profil.php(170): view('profil/viewdata', Array)
#6 C:\xampp\htdocs\ino\system\CodeIgniter.php(832): App\Controllers\Profil->index('admin')
#7 C:\xampp\htdocs\ino\system\CodeIgniter.php(419): CodeIgniter\CodeIgniter->runController(Object(App\Controllers\Profil))
#8 C:\xampp\htdocs\ino\system\CodeIgniter.php(326): CodeIgniter\CodeIgniter->handleRequest(NULL, Object(Config\Cache), false)
#9 C:\xampp\htdocs\ino\public\index.php(37): CodeIgniter\CodeIgniter->run()
#10 {main}
ERROR - 2022-11-18 13:16:23 --> Unknown column 'pemakai' in 'where clause'
CRITICAL - 2022-11-18 13:16:23 --> Unknown column 'pemakai' in 'where clause'
#0 C:\xampp\htdocs\ino\system\Database\MySQLi\Connection.php(292): mysqli->query('SELECT *\nFROM `...', 0)
#1 C:\xampp\htdocs\ino\system\Database\BaseConnection.php(670): CodeIgniter\Database\MySQLi\Connection->execute('SELECT *\nFROM `...')
#2 C:\xampp\htdocs\ino\system\Database\BaseConnection.php(598): CodeIgniter\Database\BaseConnection->simpleQuery('SELECT *\nFROM `...')
#3 C:\xampp\htdocs\ino\system\Database\BaseBuilder.php(1455): CodeIgniter\Database\BaseConnection->query('SELECT *\nFROM `...', Array, false)
#4 C:\xampp\htdocs\ino\system\Model.php(728): CodeIgniter\Database\BaseBuilder->get()
#5 C:\xampp\htdocs\ino\app\Models\ModelPemakaianDet.php(37): CodeIgniter\Model->__call('get', Array)
#6 C:\xampp\htdocs\ino\app\Controllers\Profil.php(515): App\Models\ModelPemakaianDet->tampilDataPemakaian('180805120192000...')
#7 C:\xampp\htdocs\ino\system\CodeIgniter.php(832): App\Controllers\Profil->tampilPemakaian()
#8 C:\xampp\htdocs\ino\system\CodeIgniter.php(419): CodeIgniter\CodeIgniter->runController(Object(App\Controllers\Profil))
#9 C:\xampp\htdocs\ino\system\CodeIgniter.php(326): CodeIgniter\CodeIgniter->handleRequest(NULL, Object(Config\Cache), false)
#10 C:\xampp\htdocs\ino\public\index.php(37): CodeIgniter\CodeIgniter->run()
#11 {main}
ERROR - 2022-11-18 13:17:38 --> Unknown column 'pemakai' in 'where clause'
CRITICAL - 2022-11-18 13:17:38 --> Unknown column 'pemakai' in 'where clause'
#0 C:\xampp\htdocs\ino\system\Database\MySQLi\Connection.php(292): mysqli->query('SELECT *\nFROM `...', 0)
#1 C:\xampp\htdocs\ino\system\Database\BaseConnection.php(670): CodeIgniter\Database\MySQLi\Connection->execute('SELECT *\nFROM `...')
#2 C:\xampp\htdocs\ino\system\Database\BaseConnection.php(598): CodeIgniter\Database\BaseConnection->simpleQuery('SELECT *\nFROM `...')
#3 C:\xampp\htdocs\ino\system\Database\BaseBuilder.php(1455): CodeIgniter\Database\BaseConnection->query('SELECT *\nFROM `...', Array, false)
#4 C:\xampp\htdocs\ino\system\Model.php(728): CodeIgniter\Database\BaseBuilder->get()
#5 C:\xampp\htdocs\ino\app\Models\ModelPemakaianDet.php(37): CodeIgniter\Model->__call('get', Array)
#6 C:\xampp\htdocs\ino\app\Controllers\Profil.php(515): App\Models\ModelPemakaianDet->tampilDataPemakaian('180805120192000...')
#7 C:\xampp\htdocs\ino\system\CodeIgniter.php(832): App\Controllers\Profil->tampilPemakaian()
#8 C:\xampp\htdocs\ino\system\CodeIgniter.php(419): CodeIgniter\CodeIgniter->runController(Object(App\Controllers\Profil))
#9 C:\xampp\htdocs\ino\system\CodeIgniter.php(326): CodeIgniter\CodeIgniter->handleRequest(NULL, Object(Config\Cache), false)
#10 C:\xampp\htdocs\ino\public\index.php(37): CodeIgniter\CodeIgniter->run()
#11 {main}
CRITICAL - 2022-11-18 13:19:47 --> Call to undefined method App\Models\ModelPemakaianDet::tampilDataPemakaian
#0 C:\xampp\htdocs\ino\app\Controllers\Profil.php(515): CodeIgniter\Model->__call('tampilDataPemak...', Array)
#1 C:\xampp\htdocs\ino\system\CodeIgniter.php(832): App\Controllers\Profil->tampilPemakaian()
#2 C:\xampp\htdocs\ino\system\CodeIgniter.php(419): CodeIgniter\CodeIgniter->runController(Object(App\Controllers\Profil))
#3 C:\xampp\htdocs\ino\system\CodeIgniter.php(326): CodeIgniter\CodeIgniter->handleRequest(NULL, Object(Config\Cache), false)
#4 C:\xampp\htdocs\ino\public\index.php(37): CodeIgniter\CodeIgniter->run()
#5 {main}
CRITICAL - 2022-11-18 13:20:15 --> Invalid file: profil/datapemakai.php
#0 C:\xampp\htdocs\ino\system\View\View.php(198): CodeIgniter\Exceptions\FrameworkException::forInvalidFile('profil/datapema...')
#1 C:\xampp\htdocs\ino\system\Common.php(1089): CodeIgniter\View\View->render('profil/datapema...', Array, true)
#2 C:\xampp\htdocs\ino\app\Controllers\Profil.php(523): view('profil/datapema...', Array)
#3 C:\xampp\htdocs\ino\system\CodeIgniter.php(832): App\Controllers\Profil->tampilPemakaian()
#4 C:\xampp\htdocs\ino\system\CodeIgniter.php(419): CodeIgniter\CodeIgniter->runController(Object(App\Controllers\Profil))
#5 C:\xampp\htdocs\ino\system\CodeIgniter.php(326): CodeIgniter\CodeIgniter->handleRequest(NULL, Object(Config\Cache), false)
#6 C:\xampp\htdocs\ino\public\index.php(37): CodeIgniter\CodeIgniter->run()
#7 {main}
CRITICAL - 2022-11-18 13:32:09 --> Invalid file: profil/datapemakai.php
#0 C:\xampp\htdocs\ino\system\View\View.php(198): CodeIgniter\Exceptions\FrameworkException::forInvalidFile('profil/datapema...')
#1 C:\xampp\htdocs\ino\system\Common.php(1089): CodeIgniter\View\View->render('profil/datapema...', Array, true)
#2 C:\xampp\htdocs\ino\app\Controllers\Profil.php(523): view('profil/datapema...', Array)
#3 C:\xampp\htdocs\ino\system\CodeIgniter.php(832): App\Controllers\Profil->tampilPemakaian()
#4 C:\xampp\htdocs\ino\system\CodeIgniter.php(419): CodeIgniter\CodeIgniter->runController(Object(App\Controllers\Profil))
#5 C:\xampp\htdocs\ino\system\CodeIgniter.php(326): CodeIgniter\CodeIgniter->handleRequest(NULL, Object(Config\Cache), false)
#6 C:\xampp\htdocs\ino\public\index.php(37): CodeIgniter\CodeIgniter->run()
#7 {main}
CRITICAL - 2022-11-18 13:34:07 --> Invalid file: profil/datapemakai.php
#0 C:\xampp\htdocs\ino\system\View\View.php(198): CodeIgniter\Exceptions\FrameworkException::forInvalidFile('profil/datapema...')
#1 C:\xampp\htdocs\ino\system\Common.php(1089): CodeIgniter\View\View->render('profil/datapema...', Array, true)
#2 C:\xampp\htdocs\ino\app\Controllers\Profil.php(523): view('profil/datapema...', Array)
#3 C:\xampp\htdocs\ino\system\CodeIgniter.php(832): App\Controllers\Profil->tampilPemakaian()
#4 C:\xampp\htdocs\ino\system\CodeIgniter.php(419): CodeIgniter\CodeIgniter->runController(Object(App\Controllers\Profil))
#5 C:\xampp\htdocs\ino\system\CodeIgniter.php(326): CodeIgniter\CodeIgniter->handleRequest(NULL, Object(Config\Cache), false)
#6 C:\xampp\htdocs\ino\public\index.php(37): CodeIgniter\CodeIgniter->run()
#7 {main}
CRITICAL - 2022-11-18 13:36:16 --> Invalid file: profil/datapemakai.php
#0 C:\xampp\htdocs\ino\system\View\View.php(198): CodeIgniter\Exceptions\FrameworkException::forInvalidFile('profil/datapema...')
#1 C:\xampp\htdocs\ino\system\Common.php(1089): CodeIgniter\View\View->render('profil/datapema...', Array, true)
#2 C:\xampp\htdocs\ino\app\Controllers\Profil.php(523): view('profil/datapema...', Array)
#3 C:\xampp\htdocs\ino\system\CodeIgniter.php(832): App\Controllers\Profil->tampilPemakaian()
#4 C:\xampp\htdocs\ino\system\CodeIgniter.php(419): CodeIgniter\CodeIgniter->runController(Object(App\Controllers\Profil))
#5 C:\xampp\htdocs\ino\system\CodeIgniter.php(326): CodeIgniter\CodeIgniter->handleRequest(NULL, Object(Config\Cache), false)
#6 C:\xampp\htdocs\ino\public\index.php(37): CodeIgniter\CodeIgniter->run()
#7 {main}
CRITICAL - 2022-11-18 13:36:40 --> Invalid file: profil/datapemakai.php
#0 C:\xampp\htdocs\ino\system\View\View.php(198): CodeIgniter\Exceptions\FrameworkException::forInvalidFile('profil/datapema...')
#1 C:\xampp\htdocs\ino\system\Common.php(1089): CodeIgniter\View\View->render('profil/datapema...', Array, true)
#2 C:\xampp\htdocs\ino\app\Controllers\Profil.php(523): view('profil/datapema...', Array)
#3 C:\xampp\htdocs\ino\system\CodeIgniter.php(832): App\Controllers\Profil->tampilPemakaian()
#4 C:\xampp\htdocs\ino\system\CodeIgniter.php(419): CodeIgniter\CodeIgniter->runController(Object(App\Controllers\Profil))
#5 C:\xampp\htdocs\ino\system\CodeIgniter.php(326): CodeIgniter\CodeIgniter->handleRequest(NULL, Object(Config\Cache), false)
#6 C:\xampp\htdocs\ino\public\index.php(37): CodeIgniter\CodeIgniter->run()
#7 {main}
CRITICAL - 2022-11-18 13:37:41 --> Call to a member function getResultArray() on array
#0 C:\xampp\htdocs\ino\system\View\View.php(210): include()
#1 C:\xampp\htdocs\ino\system\View\View.php(213): CodeIgniter\View\View->CodeIgniter\View\{closure}()
#2 C:\xampp\htdocs\ino\system\Common.php(1089): CodeIgniter\View\View->render('profil/datapema...', Array, true)
#3 C:\xampp\htdocs\ino\app\Controllers\Profil.php(523): view('profil/datapema...', Array)
#4 C:\xampp\htdocs\ino\system\CodeIgniter.php(832): App\Controllers\Profil->tampilPemakaian()
#5 C:\xampp\htdocs\ino\system\CodeIgniter.php(419): CodeIgniter\CodeIgniter->runController(Object(App\Controllers\Profil))
#6 C:\xampp\htdocs\ino\system\CodeIgniter.php(326): CodeIgniter\CodeIgniter->handleRequest(NULL, Object(Config\Cache), false)
#7 C:\xampp\htdocs\ino\public\index.php(37): CodeIgniter\CodeIgniter->run()
#8 {main}
CRITICAL - 2022-11-18 13:38:31 --> Call to a member function getResultArray() on array
#0 C:\xampp\htdocs\ino\system\View\View.php(210): include()
#1 C:\xampp\htdocs\ino\system\View\View.php(213): CodeIgniter\View\View->CodeIgniter\View\{closure}()
#2 C:\xampp\htdocs\ino\system\Common.php(1089): CodeIgniter\View\View->render('profil/datapema...', Array, true)
#3 C:\xampp\htdocs\ino\app\Controllers\Profil.php(523): view('profil/datapema...', Array)
#4 C:\xampp\htdocs\ino\system\CodeIgniter.php(832): App\Controllers\Profil->tampilPemakaian()
#5 C:\xampp\htdocs\ino\system\CodeIgniter.php(419): CodeIgniter\CodeIgniter->runController(Object(App\Controllers\Profil))
#6 C:\xampp\htdocs\ino\system\CodeIgniter.php(326): CodeIgniter\CodeIgniter->handleRequest(NULL, Object(Config\Cache), false)
#7 C:\xampp\htdocs\ino\public\index.php(37): CodeIgniter\CodeIgniter->run()
#8 {main}
CRITICAL - 2022-11-18 13:39:29 --> Call to a member function getResultArray() on array
#0 C:\xampp\htdocs\ino\system\View\View.php(210): include()
#1 C:\xampp\htdocs\ino\system\View\View.php(213): CodeIgniter\View\View->CodeIgniter\View\{closure}()
#2 C:\xampp\htdocs\ino\system\Common.php(1089): CodeIgniter\View\View->render('profil/datapema...', Array, true)
#3 C:\xampp\htdocs\ino\app\Controllers\Profil.php(523): view('profil/datapema...', Array)
#4 C:\xampp\htdocs\ino\system\CodeIgniter.php(832): App\Controllers\Profil->tampilPemakaian()
#5 C:\xampp\htdocs\ino\system\CodeIgniter.php(419): CodeIgniter\CodeIgniter->runController(Object(App\Controllers\Profil))
#6 C:\xampp\htdocs\ino\system\CodeIgniter.php(326): CodeIgniter\CodeIgniter->handleRequest(NULL, Object(Config\Cache), false)
#7 C:\xampp\htdocs\ino\public\index.php(37): CodeIgniter\CodeIgniter->run()
#8 {main}
CRITICAL - 2022-11-18 13:39:49 --> Call to a member function getResultArray() on array
#0 C:\xampp\htdocs\ino\system\View\View.php(210): include()
#1 C:\xampp\htdocs\ino\system\View\View.php(213): CodeIgniter\View\View->CodeIgniter\View\{closure}()
#2 C:\xampp\htdocs\ino\system\Common.php(1089): CodeIgniter\View\View->render('profil/datapema...', Array, true)
#3 C:\xampp\htdocs\ino\app\Controllers\Profil.php(523): view('profil/datapema...', Array)
#4 C:\xampp\htdocs\ino\system\CodeIgniter.php(832): App\Controllers\Profil->tampilPemakaian()
#5 C:\xampp\htdocs\ino\system\CodeIgniter.php(419): CodeIgniter\CodeIgniter->runController(Object(App\Controllers\Profil))
#6 C:\xampp\htdocs\ino\system\CodeIgniter.php(326): CodeIgniter\CodeIgniter->handleRequest(NULL, Object(Config\Cache), false)
#7 C:\xampp\htdocs\ino\public\index.php(37): CodeIgniter\CodeIgniter->run()
#8 {main}
CRITICAL - 2022-11-18 14:31:57 --> Undefined variable $datapembelian
#0 C:\xampp\htdocs\ino\app\Views\main\layout.php(373): CodeIgniter\Debug\Exceptions->errorHandler(2, 'Undefined varia...', 'C:\\xampp\\htdocs...', 373)
#1 C:\xampp\htdocs\ino\system\View\View.php(210): include('C:\\xampp\\htdocs...')
#2 C:\xampp\htdocs\ino\system\View\View.php(213): CodeIgniter\View\View->CodeIgniter\View\{closure}()
#3 C:\xampp\htdocs\ino\system\Common.php(1089): CodeIgniter\View\View->render('main/layout', Array, true)
#4 C:\xampp\htdocs\ino\app\Controllers\Main.php(26): view('main/layout', Array)
#5 C:\xampp\htdocs\ino\system\CodeIgniter.php(832): App\Controllers\Main->index()
#6 C:\xampp\htdocs\ino\system\CodeIgniter.php(419): CodeIgniter\CodeIgniter->runController(Object(App\Controllers\Main))
#7 C:\xampp\htdocs\ino\system\CodeIgniter.php(326): CodeIgniter\CodeIgniter->handleRequest(NULL, Object(Config\Cache), false)
#8 C:\xampp\htdocs\ino\public\index.php(37): CodeIgniter\CodeIgniter->run()
#9 {main}
CRITICAL - 2022-11-18 14:32:06 --> Undefined variable $datapembelian
#0 C:\xampp\htdocs\ino\app\Views\main\layout.php(373): CodeIgniter\Debug\Exceptions->errorHandler(2, 'Undefined varia...', 'C:\\xampp\\htdocs...', 373)
#1 C:\xampp\htdocs\ino\system\View\View.php(210): include('C:\\xampp\\htdocs...')
#2 C:\xampp\htdocs\ino\system\View\View.php(213): CodeIgniter\View\View->CodeIgniter\View\{closure}()
#3 C:\xampp\htdocs\ino\system\Common.php(1089): CodeIgniter\View\View->render('main/layout', Array, true)
#4 C:\xampp\htdocs\ino\app\Controllers\Main.php(26): view('main/layout', Array)
#5 C:\xampp\htdocs\ino\system\CodeIgniter.php(832): App\Controllers\Main->index()
#6 C:\xampp\htdocs\ino\system\CodeIgniter.php(419): CodeIgniter\CodeIgniter->runController(Object(App\Controllers\Main))
#7 C:\xampp\htdocs\ino\system\CodeIgniter.php(326): CodeIgniter\CodeIgniter->handleRequest(NULL, Object(Config\Cache), false)
#8 C:\xampp\htdocs\ino\public\index.php(37): CodeIgniter\CodeIgniter->run()
#9 {main}
CRITICAL - 2022-11-18 14:32:35 --> strpos(): Passing null to parameter #1 ($haystack) of type string is deprecated
#0 [internal function]: CodeIgniter\Debug\Exceptions->errorHandler(8192, 'strpos(): Passi...', 'C:\\xampp\\htdocs...', 413)
#1 C:\xampp\htdocs\ino\system\Debug\Toolbar.php(413): strpos(NULL, '<head>')
#2 C:\xampp\htdocs\ino\system\Filters\DebugToolbar.php(40): CodeIgniter\Debug\Toolbar->prepare(Object(CodeIgniter\HTTP\IncomingRequest), Object(CodeIgniter\HTTP\RedirectResponse))
#3 C:\xampp\htdocs\ino\system\Filters\Filters.php(196): CodeIgniter\Filters\DebugToolbar->after(Object(CodeIgniter\HTTP\IncomingRequest), Object(CodeIgniter\HTTP\RedirectResponse), NULL)
#4 C:\xampp\htdocs\ino\system\CodeIgniter.php(436): CodeIgniter\Filters\Filters->run('login/index', 'after')
#5 C:\xampp\htdocs\ino\system\CodeIgniter.php(326): CodeIgniter\CodeIgniter->handleRequest(NULL, Object(Config\Cache), false)
#6 C:\xampp\htdocs\ino\public\index.php(37): CodeIgniter\CodeIgniter->run()
#7 {main}
CRITICAL - 2022-11-18 14:32:36 --> strpos(): Passing null to parameter #1 ($haystack) of type string is deprecated
#0 [internal function]: CodeIgniter\Debug\Exceptions->errorHandler(8192, 'strpos(): Passi...', 'C:\\xampp\\htdocs...', 413)
#1 C:\xampp\htdocs\ino\system\Debug\Toolbar.php(413): strpos(NULL, '<head>')
#2 C:\xampp\htdocs\ino\system\Filters\DebugToolbar.php(40): CodeIgniter\Debug\Toolbar->prepare(Object(CodeIgniter\HTTP\IncomingRequest), Object(CodeIgniter\HTTP\RedirectResponse))
#3 C:\xampp\htdocs\ino\system\Filters\Filters.php(196): CodeIgniter\Filters\DebugToolbar->after(Object(CodeIgniter\HTTP\IncomingRequest), Object(CodeIgniter\HTTP\RedirectResponse), NULL)
#4 C:\xampp\htdocs\ino\system\CodeIgniter.php(436): CodeIgniter\Filters\Filters->run('login/index', 'after')
#5 C:\xampp\htdocs\ino\system\CodeIgniter.php(326): CodeIgniter\CodeIgniter->handleRequest(NULL, Object(Config\Cache), false)
#6 C:\xampp\htdocs\ino\public\index.php(37): CodeIgniter\CodeIgniter->run()
#7 {main}
CRITICAL - 2022-11-18 14:32:37 --> strpos(): Passing null to parameter #1 ($haystack) of type string is deprecated
#0 [internal function]: CodeIgniter\Debug\Exceptions->errorHandler(8192, 'strpos(): Passi...', 'C:\\xampp\\htdocs...', 413)
#1 C:\xampp\htdocs\ino\system\Debug\Toolbar.php(413): strpos(NULL, '<head>')
#2 C:\xampp\htdocs\ino\system\Filters\DebugToolbar.php(40): CodeIgniter\Debug\Toolbar->prepare(Object(CodeIgniter\HTTP\IncomingRequest), Object(CodeIgniter\HTTP\RedirectResponse))
#3 C:\xampp\htdocs\ino\system\Filters\Filters.php(196): CodeIgniter\Filters\DebugToolbar->after(Object(CodeIgniter\HTTP\IncomingRequest), Object(CodeIgniter\HTTP\RedirectResponse), NULL)
#4 C:\xampp\htdocs\ino\system\CodeIgniter.php(436): CodeIgniter\Filters\Filters->run('login/index', 'after')
#5 C:\xampp\htdocs\ino\system\CodeIgniter.php(326): CodeIgniter\CodeIgniter->handleRequest(NULL, Object(Config\Cache), false)
#6 C:\xampp\htdocs\ino\public\index.php(37): CodeIgniter\CodeIgniter->run()
#7 {main}
CRITICAL - 2022-11-18 14:32:37 --> strpos(): Passing null to parameter #1 ($haystack) of type string is deprecated
#0 [internal function]: CodeIgniter\Debug\Exceptions->errorHandler(8192, 'strpos(): Passi...', 'C:\\xampp\\htdocs...', 413)
#1 C:\xampp\htdocs\ino\system\Debug\Toolbar.php(413): strpos(NULL, '<head>')
#2 C:\xampp\htdocs\ino\system\Filters\DebugToolbar.php(40): CodeIgniter\Debug\Toolbar->prepare(Object(CodeIgniter\HTTP\IncomingRequest), Object(CodeIgniter\HTTP\RedirectResponse))
#3 C:\xampp\htdocs\ino\system\Filters\Filters.php(196): CodeIgniter\Filters\DebugToolbar->after(Object(CodeIgniter\HTTP\IncomingRequest), Object(CodeIgniter\HTTP\RedirectResponse), NULL)
#4 C:\xampp\htdocs\ino\system\CodeIgniter.php(436): CodeIgniter\Filters\Filters->run('login/index', 'after')
#5 C:\xampp\htdocs\ino\system\CodeIgniter.php(326): CodeIgniter\CodeIgniter->handleRequest(NULL, Object(Config\Cache), false)
#6 C:\xampp\htdocs\ino\public\index.php(37): CodeIgniter\CodeIgniter->run()
#7 {main}
CRITICAL - 2022-11-18 14:32:52 --> strpos(): Passing null to parameter #1 ($haystack) of type string is deprecated
#0 [internal function]: CodeIgniter\Debug\Exceptions->errorHandler(8192, 'strpos(): Passi...', 'C:\\xampp\\htdocs...', 413)
#1 C:\xampp\htdocs\ino\system\Debug\Toolbar.php(413): strpos(NULL, '<head>')
#2 C:\xampp\htdocs\ino\system\Filters\DebugToolbar.php(40): CodeIgniter\Debug\Toolbar->prepare(Object(CodeIgniter\HTTP\IncomingRequest), Object(CodeIgniter\HTTP\RedirectResponse))
#3 C:\xampp\htdocs\ino\system\Filters\Filters.php(196): CodeIgniter\Filters\DebugToolbar->after(Object(CodeIgniter\HTTP\IncomingRequest), Object(CodeIgniter\HTTP\RedirectResponse), NULL)
#4 C:\xampp\htdocs\ino\system\CodeIgniter.php(436): CodeIgniter\Filters\Filters->run('login/index', 'after')
#5 C:\xampp\htdocs\ino\system\CodeIgniter.php(326): CodeIgniter\CodeIgniter->handleRequest(NULL, Object(Config\Cache), false)
#6 C:\xampp\htdocs\ino\public\index.php(37): CodeIgniter\CodeIgniter->run()
#7 {main}
CRITICAL - 2022-11-18 14:32:56 --> strpos(): Passing null to parameter #1 ($haystack) of type string is deprecated
#0 [internal function]: CodeIgniter\Debug\Exceptions->errorHandler(8192, 'strpos(): Passi...', 'C:\\xampp\\htdocs...', 413)
#1 C:\xampp\htdocs\ino\system\Debug\Toolbar.php(413): strpos(NULL, '<head>')
#2 C:\xampp\htdocs\ino\system\Filters\DebugToolbar.php(40): CodeIgniter\Debug\Toolbar->prepare(Object(CodeIgniter\HTTP\IncomingRequest), Object(CodeIgniter\HTTP\RedirectResponse))
#3 C:\xampp\htdocs\ino\system\Filters\Filters.php(196): CodeIgniter\Filters\DebugToolbar->after(Object(CodeIgniter\HTTP\IncomingRequest), Object(CodeIgniter\HTTP\RedirectResponse), NULL)
#4 C:\xampp\htdocs\ino\system\CodeIgniter.php(436): CodeIgniter\Filters\Filters->run('/', 'after')
#5 C:\xampp\htdocs\ino\system\CodeIgniter.php(326): CodeIgniter\CodeIgniter->handleRequest(NULL, Object(Config\Cache), false)
#6 C:\xampp\htdocs\ino\public\index.php(37): CodeIgniter\CodeIgniter->run()
#7 {main}
CRITICAL - 2022-11-18 14:33:02 --> strpos(): Passing null to parameter #1 ($haystack) of type string is deprecated
#0 [internal function]: CodeIgniter\Debug\Exceptions->errorHandler(8192, 'strpos(): Passi...', 'C:\\xampp\\htdocs...', 413)
#1 C:\xampp\htdocs\ino\system\Debug\Toolbar.php(413): strpos(NULL, '<head>')
#2 C:\xampp\htdocs\ino\system\Filters\DebugToolbar.php(40): CodeIgniter\Debug\Toolbar->prepare(Object(CodeIgniter\HTTP\IncomingRequest), Object(CodeIgniter\HTTP\RedirectResponse))
#3 C:\xampp\htdocs\ino\system\Filters\Filters.php(196): CodeIgniter\Filters\DebugToolbar->after(Object(CodeIgniter\HTTP\IncomingRequest), Object(CodeIgniter\HTTP\RedirectResponse), NULL)
#4 C:\xampp\htdocs\ino\system\CodeIgniter.php(436): CodeIgniter\Filters\Filters->run('/', 'after')
#5 C:\xampp\htdocs\ino\system\CodeIgniter.php(326): CodeIgniter\CodeIgniter->handleRequest(NULL, Object(Config\Cache), false)
#6 C:\xampp\htdocs\ino\public\index.php(37): CodeIgniter\CodeIgniter->run()
#7 {main}
CRITICAL - 2022-11-18 14:33:48 --> strpos(): Passing null to parameter #1 ($haystack) of type string is deprecated
#0 [internal function]: CodeIgniter\Debug\Exceptions->errorHandler(8192, 'strpos(): Passi...', 'C:\\xampp\\htdocs...', 413)
#1 C:\xampp\htdocs\ino\system\Debug\Toolbar.php(413): strpos(NULL, '<head>')
#2 C:\xampp\htdocs\ino\system\Filters\DebugToolbar.php(40): CodeIgniter\Debug\Toolbar->prepare(Object(CodeIgniter\HTTP\IncomingRequest), Object(CodeIgniter\HTTP\RedirectResponse))
#3 C:\xampp\htdocs\ino\system\Filters\Filters.php(196): CodeIgniter\Filters\DebugToolbar->after(Object(CodeIgniter\HTTP\IncomingRequest), Object(CodeIgniter\HTTP\RedirectResponse), NULL)
#4 C:\xampp\htdocs\ino\system\CodeIgniter.php(436): CodeIgniter\Filters\Filters->run('/', 'after')
#5 C:\xampp\htdocs\ino\system\CodeIgniter.php(326): CodeIgniter\CodeIgniter->handleRequest(NULL, Object(Config\Cache), false)
#6 C:\xampp\htdocs\ino\public\index.php(37): CodeIgniter\CodeIgniter->run()
#7 {main}
CRITICAL - 2022-11-18 14:33:48 --> strpos(): Passing null to parameter #1 ($haystack) of type string is deprecated
#0 [internal function]: CodeIgniter\Debug\Exceptions->errorHandler(8192, 'strpos(): Passi...', 'C:\\xampp\\htdocs...', 413)
#1 C:\xampp\htdocs\ino\system\Debug\Toolbar.php(413): strpos(NULL, '<head>')
#2 C:\xampp\htdocs\ino\system\Filters\DebugToolbar.php(40): CodeIgniter\Debug\Toolbar->prepare(Object(CodeIgniter\HTTP\IncomingRequest), Object(CodeIgniter\HTTP\RedirectResponse))
#3 C:\xampp\htdocs\ino\system\Filters\Filters.php(196): CodeIgniter\Filters\DebugToolbar->after(Object(CodeIgniter\HTTP\IncomingRequest), Object(CodeIgniter\HTTP\RedirectResponse), NULL)
#4 C:\xampp\htdocs\ino\system\CodeIgniter.php(436): CodeIgniter\Filters\Filters->run('login/index', 'after')
#5 C:\xampp\htdocs\ino\system\CodeIgniter.php(326): CodeIgniter\CodeIgniter->handleRequest(NULL, Object(Config\Cache), false)
#6 C:\xampp\htdocs\ino\public\index.php(37): CodeIgniter\CodeIgniter->run()
#7 {main}
CRITICAL - 2022-11-18 14:33:50 --> strpos(): Passing null to parameter #1 ($haystack) of type string is deprecated
#0 [internal function]: CodeIgniter\Debug\Exceptions->errorHandler(8192, 'strpos(): Passi...', 'C:\\xampp\\htdocs...', 413)
#1 C:\xampp\htdocs\ino\system\Debug\Toolbar.php(413): strpos(NULL, '<head>')
#2 C:\xampp\htdocs\ino\system\Filters\DebugToolbar.php(40): CodeIgniter\Debug\Toolbar->prepare(Object(CodeIgniter\HTTP\IncomingRequest), Object(CodeIgniter\HTTP\RedirectResponse))
#3 C:\xampp\htdocs\ino\system\Filters\Filters.php(196): CodeIgniter\Filters\DebugToolbar->after(Object(CodeIgniter\HTTP\IncomingRequest), Object(CodeIgniter\HTTP\RedirectResponse), NULL)
#4 C:\xampp\htdocs\ino\system\CodeIgniter.php(436): CodeIgniter\Filters\Filters->run('login/index', 'after')
#5 C:\xampp\htdocs\ino\system\CodeIgniter.php(326): CodeIgniter\CodeIgniter->handleRequest(NULL, Object(Config\Cache), false)
#6 C:\xampp\htdocs\ino\public\index.php(37): CodeIgniter\CodeIgniter->run()
#7 {main}
CRITICAL - 2022-11-18 14:33:51 --> strpos(): Passing null to parameter #1 ($haystack) of type string is deprecated
#0 [internal function]: CodeIgniter\Debug\Exceptions->errorHandler(8192, 'strpos(): Passi...', 'C:\\xampp\\htdocs...', 413)
#1 C:\xampp\htdocs\ino\system\Debug\Toolbar.php(413): strpos(NULL, '<head>')
#2 C:\xampp\htdocs\ino\system\Filters\DebugToolbar.php(40): CodeIgniter\Debug\Toolbar->prepare(Object(CodeIgniter\HTTP\IncomingRequest), Object(CodeIgniter\HTTP\RedirectResponse))
#3 C:\xampp\htdocs\ino\system\Filters\Filters.php(196): CodeIgniter\Filters\DebugToolbar->after(Object(CodeIgniter\HTTP\IncomingRequest), Object(CodeIgniter\HTTP\RedirectResponse), NULL)
#4 C:\xampp\htdocs\ino\system\CodeIgniter.php(436): CodeIgniter\Filters\Filters->run('/', 'after')
#5 C:\xampp\htdocs\ino\system\CodeIgniter.php(326): CodeIgniter\CodeIgniter->handleRequest(NULL, Object(Config\Cache), false)
#6 C:\xampp\htdocs\ino\public\index.php(37): CodeIgniter\CodeIgniter->run()
#7 {main}
CRITICAL - 2022-11-18 14:33:53 --> strpos(): Passing null to parameter #1 ($haystack) of type string is deprecated
#0 [internal function]: CodeIgniter\Debug\Exceptions->errorHandler(8192, 'strpos(): Passi...', 'C:\\xampp\\htdocs...', 413)
#1 C:\xampp\htdocs\ino\system\Debug\Toolbar.php(413): strpos(NULL, '<head>')
#2 C:\xampp\htdocs\ino\system\Filters\DebugToolbar.php(40): CodeIgniter\Debug\Toolbar->prepare(Object(CodeIgniter\HTTP\IncomingRequest), Object(CodeIgniter\HTTP\RedirectResponse))
#3 C:\xampp\htdocs\ino\system\Filters\Filters.php(196): CodeIgniter\Filters\DebugToolbar->after(Object(CodeIgniter\HTTP\IncomingRequest), Object(CodeIgniter\HTTP\RedirectResponse), NULL)
#4 C:\xampp\htdocs\ino\system\CodeIgniter.php(436): CodeIgniter\Filters\Filters->run('login/index', 'after')
#5 C:\xampp\htdocs\ino\system\CodeIgniter.php(326): CodeIgniter\CodeIgniter->handleRequest(NULL, Object(Config\Cache), false)
#6 C:\xampp\htdocs\ino\public\index.php(37): CodeIgniter\CodeIgniter->run()
#7 {main}
CRITICAL - 2022-11-18 14:36:37 --> Undefined variable $datapembelian
#0 C:\xampp\htdocs\ino\app\Views\main\layout.php(373): CodeIgniter\Debug\Exceptions->errorHandler(2, 'Undefined varia...', 'C:\\xampp\\htdocs...', 373)
#1 C:\xampp\htdocs\ino\system\View\View.php(210): include('C:\\xampp\\htdocs...')
#2 C:\xampp\htdocs\ino\system\View\View.php(213): CodeIgniter\View\View->CodeIgniter\View\{closure}()
#3 C:\xampp\htdocs\ino\system\Common.php(1089): CodeIgniter\View\View->render('main/layout', Array, true)
#4 C:\xampp\htdocs\ino\app\Controllers\Main.php(26): view('main/layout', Array)
#5 C:\xampp\htdocs\ino\system\CodeIgniter.php(832): App\Controllers\Main->index()
#6 C:\xampp\htdocs\ino\system\CodeIgniter.php(419): CodeIgniter\CodeIgniter->runController(Object(App\Controllers\Main))
#7 C:\xampp\htdocs\ino\system\CodeIgniter.php(326): CodeIgniter\CodeIgniter->handleRequest(NULL, Object(Config\Cache), false)
#8 C:\xampp\htdocs\ino\public\index.php(37): CodeIgniter\CodeIgniter->run()
#9 {main}
CRITICAL - 2022-11-18 14:38:13 --> strpos(): Passing null to parameter #1 ($haystack) of type string is deprecated
#0 [internal function]: CodeIgniter\Debug\Exceptions->errorHandler(8192, 'strpos(): Passi...', 'C:\\xampp\\htdocs...', 413)
#1 C:\xampp\htdocs\ino\system\Debug\Toolbar.php(413): strpos(NULL, '<head>')
#2 C:\xampp\htdocs\ino\system\Filters\DebugToolbar.php(40): CodeIgniter\Debug\Toolbar->prepare(Object(CodeIgniter\HTTP\IncomingRequest), Object(CodeIgniter\HTTP\RedirectResponse))
#3 C:\xampp\htdocs\ino\system\Filters\Filters.php(196): CodeIgniter\Filters\DebugToolbar->after(Object(CodeIgniter\HTTP\IncomingRequest), Object(CodeIgniter\HTTP\RedirectResponse), NULL)
#4 C:\xampp\htdocs\ino\system\CodeIgniter.php(436): CodeIgniter\Filters\Filters->run('login/index', 'after')
#5 C:\xampp\htdocs\ino\system\CodeIgniter.php(326): CodeIgniter\CodeIgniter->handleRequest(NULL, Object(Config\Cache), false)
#6 C:\xampp\htdocs\ino\public\index.php(37): CodeIgniter\CodeIgniter->run()
#7 {main}
CRITICAL - 2022-11-18 14:38:15 --> strpos(): Passing null to parameter #1 ($haystack) of type string is deprecated
#0 [internal function]: CodeIgniter\Debug\Exceptions->errorHandler(8192, 'strpos(): Passi...', 'C:\\xampp\\htdocs...', 413)
#1 C:\xampp\htdocs\ino\system\Debug\Toolbar.php(413): strpos(NULL, '<head>')
#2 C:\xampp\htdocs\ino\system\Filters\DebugToolbar.php(40): CodeIgniter\Debug\Toolbar->prepare(Object(CodeIgniter\HTTP\IncomingRequest), Object(CodeIgniter\HTTP\RedirectResponse))
#3 C:\xampp\htdocs\ino\system\Filters\Filters.php(196): CodeIgniter\Filters\DebugToolbar->after(Object(CodeIgniter\HTTP\IncomingRequest), Object(CodeIgniter\HTTP\RedirectResponse), NULL)
#4 C:\xampp\htdocs\ino\system\CodeIgniter.php(436): CodeIgniter\Filters\Filters->run('login/index', 'after')
#5 C:\xampp\htdocs\ino\system\CodeIgniter.php(326): CodeIgniter\CodeIgniter->handleRequest(NULL, Object(Config\Cache), false)
#6 C:\xampp\htdocs\ino\public\index.php(37): CodeIgniter\CodeIgniter->run()
#7 {main}
CRITICAL - 2022-11-18 14:38:15 --> strpos(): Passing null to parameter #1 ($haystack) of type string is deprecated
#0 [internal function]: CodeIgniter\Debug\Exceptions->errorHandler(8192, 'strpos(): Passi...', 'C:\\xampp\\htdocs...', 413)
#1 C:\xampp\htdocs\ino\system\Debug\Toolbar.php(413): strpos(NULL, '<head>')
#2 C:\xampp\htdocs\ino\system\Filters\DebugToolbar.php(40): CodeIgniter\Debug\Toolbar->prepare(Object(CodeIgniter\HTTP\IncomingRequest), Object(CodeIgniter\HTTP\RedirectResponse))
#3 C:\xampp\htdocs\ino\system\Filters\Filters.php(196): CodeIgniter\Filters\DebugToolbar->after(Object(CodeIgniter\HTTP\IncomingRequest), Object(CodeIgniter\HTTP\RedirectResponse), NULL)
#4 C:\xampp\htdocs\ino\system\CodeIgniter.php(436): CodeIgniter\Filters\Filters->run('login/index', 'after')
#5 C:\xampp\htdocs\ino\system\CodeIgniter.php(326): CodeIgniter\CodeIgniter->handleRequest(NULL, Object(Config\Cache), false)
#6 C:\xampp\htdocs\ino\public\index.php(37): CodeIgniter\CodeIgniter->run()
#7 {main}
CRITICAL - 2022-11-18 14:38:16 --> strpos(): Passing null to parameter #1 ($haystack) of type string is deprecated
#0 [internal function]: CodeIgniter\Debug\Exceptions->errorHandler(8192, 'strpos(): Passi...', 'C:\\xampp\\htdocs...', 413)
#1 C:\xampp\htdocs\ino\system\Debug\Toolbar.php(413): strpos(NULL, '<head>')
#2 C:\xampp\htdocs\ino\system\Filters\DebugToolbar.php(40): CodeIgniter\Debug\Toolbar->prepare(Object(CodeIgniter\HTTP\IncomingRequest), Object(CodeIgniter\HTTP\RedirectResponse))
#3 C:\xampp\htdocs\ino\system\Filters\Filters.php(196): CodeIgniter\Filters\DebugToolbar->after(Object(CodeIgniter\HTTP\IncomingRequest), Object(CodeIgniter\HTTP\RedirectResponse), NULL)
#4 C:\xampp\htdocs\ino\system\CodeIgniter.php(436): CodeIgniter\Filters\Filters->run('login/index', 'after')
#5 C:\xampp\htdocs\ino\system\CodeIgniter.php(326): CodeIgniter\CodeIgniter->handleRequest(NULL, Object(Config\Cache), false)
#6 C:\xampp\htdocs\ino\public\index.php(37): CodeIgniter\CodeIgniter->run()
#7 {main}
CRITICAL - 2022-11-18 14:38:16 --> strpos(): Passing null to parameter #1 ($haystack) of type string is deprecated
#0 [internal function]: CodeIgniter\Debug\Exceptions->errorHandler(8192, 'strpos(): Passi...', 'C:\\xampp\\htdocs...', 413)
#1 C:\xampp\htdocs\ino\system\Debug\Toolbar.php(413): strpos(NULL, '<head>')
#2 C:\xampp\htdocs\ino\system\Filters\DebugToolbar.php(40): CodeIgniter\Debug\Toolbar->prepare(Object(CodeIgniter\HTTP\IncomingRequest), Object(CodeIgniter\HTTP\RedirectResponse))
#3 C:\xampp\htdocs\ino\system\Filters\Filters.php(196): CodeIgniter\Filters\DebugToolbar->after(Object(CodeIgniter\HTTP\IncomingRequest), Object(CodeIgniter\HTTP\RedirectResponse), NULL)
#4 C:\xampp\htdocs\ino\system\CodeIgniter.php(436): CodeIgniter\Filters\Filters->run('login/index', 'after')
#5 C:\xampp\htdocs\ino\system\CodeIgniter.php(326): CodeIgniter\CodeIgniter->handleRequest(NULL, Object(Config\Cache), false)
#6 C:\xampp\htdocs\ino\public\index.php(37): CodeIgniter\CodeIgniter->run()
#7 {main}
CRITICAL - 2022-11-18 14:38:16 --> strpos(): Passing null to parameter #1 ($haystack) of type string is deprecated
#0 [internal function]: CodeIgniter\Debug\Exceptions->errorHandler(8192, 'strpos(): Passi...', 'C:\\xampp\\htdocs...', 413)
#1 C:\xampp\htdocs\ino\system\Debug\Toolbar.php(413): strpos(NULL, '<head>')
#2 C:\xampp\htdocs\ino\system\Filters\DebugToolbar.php(40): CodeIgniter\Debug\Toolbar->prepare(Object(CodeIgniter\HTTP\IncomingRequest), Object(CodeIgniter\HTTP\RedirectResponse))
#3 C:\xampp\htdocs\ino\system\Filters\Filters.php(196): CodeIgniter\Filters\DebugToolbar->after(Object(CodeIgniter\HTTP\IncomingRequest), Object(CodeIgniter\HTTP\RedirectResponse), NULL)
#4 C:\xampp\htdocs\ino\system\CodeIgniter.php(436): CodeIgniter\Filters\Filters->run('login/index', 'after')
#5 C:\xampp\htdocs\ino\system\CodeIgniter.php(326): CodeIgniter\CodeIgniter->handleRequest(NULL, Object(Config\Cache), false)
#6 C:\xampp\htdocs\ino\public\index.php(37): CodeIgniter\CodeIgniter->run()
#7 {main}
CRITICAL - 2022-11-18 14:38:16 --> strpos(): Passing null to parameter #1 ($haystack) of type string is deprecated
#0 [internal function]: CodeIgniter\Debug\Exceptions->errorHandler(8192, 'strpos(): Passi...', 'C:\\xampp\\htdocs...', 413)
#1 C:\xampp\htdocs\ino\system\Debug\Toolbar.php(413): strpos(NULL, '<head>')
#2 C:\xampp\htdocs\ino\system\Filters\DebugToolbar.php(40): CodeIgniter\Debug\Toolbar->prepare(Object(CodeIgniter\HTTP\IncomingRequest), Object(CodeIgniter\HTTP\RedirectResponse))
#3 C:\xampp\htdocs\ino\system\Filters\Filters.php(196): CodeIgniter\Filters\DebugToolbar->after(Object(CodeIgniter\HTTP\IncomingRequest), Object(CodeIgniter\HTTP\RedirectResponse), NULL)
#4 C:\xampp\htdocs\ino\system\CodeIgniter.php(436): CodeIgniter\Filters\Filters->run('login/index', 'after')
#5 C:\xampp\htdocs\ino\system\CodeIgniter.php(326): CodeIgniter\CodeIgniter->handleRequest(NULL, Object(Config\Cache), false)
#6 C:\xampp\htdocs\ino\public\index.php(37): CodeIgniter\CodeIgniter->run()
#7 {main}
CRITICAL - 2022-11-18 14:38:20 --> strpos(): Passing null to parameter #1 ($haystack) of type string is deprecated
#0 [internal function]: CodeIgniter\Debug\Exceptions->errorHandler(8192, 'strpos(): Passi...', 'C:\\xampp\\htdocs...', 413)
#1 C:\xampp\htdocs\ino\system\Debug\Toolbar.php(413): strpos(NULL, '<head>')
#2 C:\xampp\htdocs\ino\system\Filters\DebugToolbar.php(40): CodeIgniter\Debug\Toolbar->prepare(Object(CodeIgniter\HTTP\IncomingRequest), Object(CodeIgniter\HTTP\RedirectResponse))
#3 C:\xampp\htdocs\ino\system\Filters\Filters.php(196): CodeIgniter\Filters\DebugToolbar->after(Object(CodeIgniter\HTTP\IncomingRequest), Object(CodeIgniter\HTTP\RedirectResponse), NULL)
#4 C:\xampp\htdocs\ino\system\CodeIgniter.php(436): CodeIgniter\Filters\Filters->run('login/index', 'after')
#5 C:\xampp\htdocs\ino\system\CodeIgniter.php(326): CodeIgniter\CodeIgniter->handleRequest(NULL, Object(Config\Cache), false)
#6 C:\xampp\htdocs\ino\public\index.php(37): CodeIgniter\CodeIgniter->run()
#7 {main}
CRITICAL - 2022-11-18 16:10:35 --> strpos(): Passing null to parameter #1 ($haystack) of type string is deprecated
#0 [internal function]: CodeIgniter\Debug\Exceptions->errorHandler(8192, 'strpos(): Passi...', 'C:\\xampp\\htdocs...', 413)
#1 C:\xampp\htdocs\ino\system\Debug\Toolbar.php(413): strpos(NULL, '<head>')
#2 C:\xampp\htdocs\ino\system\Filters\DebugToolbar.php(40): CodeIgniter\Debug\Toolbar->prepare(Object(CodeIgniter\HTTP\IncomingRequest), Object(CodeIgniter\HTTP\RedirectResponse))
#3 C:\xampp\htdocs\ino\system\Filters\Filters.php(196): CodeIgniter\Filters\DebugToolbar->after(Object(CodeIgniter\HTTP\IncomingRequest), Object(CodeIgniter\HTTP\RedirectResponse), NULL)
#4 C:\xampp\htdocs\ino\system\CodeIgniter.php(436): CodeIgniter\Filters\Filters->run('/', 'after')
#5 C:\xampp\htdocs\ino\system\CodeIgniter.php(326): CodeIgniter\CodeIgniter->handleRequest(NULL, Object(Config\Cache), false)
#6 C:\xampp\htdocs\ino\public\index.php(37): CodeIgniter\CodeIgniter->run()
#7 {main}
