CRITICAL - 2022-07-20 09:04:00 --> Undefined variable: pembelian
#0 C:\xampp\htdocs\ino\app\Views\main\layout.php(235): CodeIgniter\Debug\Exceptions->errorHandler(8, 'Undefined varia...', 'C:\\xampp\\htdocs...', 235, Array)
#1 C:\xampp\htdocs\ino\system\View\View.php(210): include('C:\\xampp\\htdocs...')
#2 C:\xampp\htdocs\ino\system\View\View.php(213): CodeIgniter\View\View->CodeIgniter\View\{closure}()
#3 C:\xampp\htdocs\ino\system\View\View.php(226): CodeIgniter\View\View->render('main/layout', Array, true)
#4 C:\xampp\htdocs\ino\system\Common.php(1089): CodeIgniter\View\View->render('barang/viewdata', Array, true)
#5 C:\xampp\htdocs\ino\app\Controllers\Barang.php(31): view('barang/viewdata', Array)
#6 C:\xampp\htdocs\ino\system\CodeIgniter.php(832): App\Controllers\Barang->index()
#7 C:\xampp\htdocs\ino\system\CodeIgniter.php(419): CodeIgniter\CodeIgniter->runController(Object(App\Controllers\Barang))
#8 C:\xampp\htdocs\ino\system\CodeIgniter.php(326): CodeIgniter\CodeIgniter->handleRequest(NULL, Object(Config\Cache), false)
#9 C:\xampp\htdocs\ino\public\index.php(37): CodeIgniter\CodeIgniter->run()
#10 {main}
CRITICAL - 2022-07-20 11:27:34 --> Class 'App\Controllers\Services' not found
#0 C:\xampp\htdocs\ino\system\CodeIgniter.php(832): App\Controllers\Lowongan->listData()
#1 C:\xampp\htdocs\ino\system\CodeIgniter.php(419): CodeIgniter\CodeIgniter->runController(Object(App\Controllers\Lowongan))
#2 C:\xampp\htdocs\ino\system\CodeIgniter.php(326): CodeIgniter\CodeIgniter->handleRequest(NULL, Object(Config\Cache), false)
#3 C:\xampp\htdocs\ino\public\index.php(37): CodeIgniter\CodeIgniter->run()
#4 {main}
CRITICAL - 2022-07-20 13:32:52 --> Undefined property: App\Controllers\Lowongan::$barang
#0 C:\xampp\htdocs\ino\app\Controllers\Lowongan.php(121): CodeIgniter\Debug\Exceptions->errorHandler(8, 'Undefined prope...', 'C:\\xampp\\htdocs...', 121, Array)
#1 C:\xampp\htdocs\ino\system\CodeIgniter.php(832): App\Controllers\Lowongan->simpan()
#2 C:\xampp\htdocs\ino\system\CodeIgniter.php(419): CodeIgniter\CodeIgniter->runController(Object(App\Controllers\Lowongan))
#3 C:\xampp\htdocs\ino\system\CodeIgniter.php(326): CodeIgniter\CodeIgniter->handleRequest(NULL, Object(Config\Cache), false)
#4 C:\xampp\htdocs\ino\public\index.php(37): CodeIgniter\CodeIgniter->run()
#5 {main}
CRITICAL - 2022-07-20 14:20:13 --> Undefined variable: ktp_foto
#0 C:\xampp\htdocs\ino\app\Views\main\layout.php(103): CodeIgniter\Debug\Exceptions->errorHandler(8, 'Undefined varia...', 'C:\\xampp\\htdocs...', 103, Array)
#1 C:\xampp\htdocs\ino\system\View\View.php(210): include('C:\\xampp\\htdocs...')
#2 C:\xampp\htdocs\ino\system\View\View.php(213): CodeIgniter\View\View->CodeIgniter\View\{closure}()
#3 C:\xampp\htdocs\ino\system\View\View.php(226): CodeIgniter\View\View->render('main/layout', Array, true)
#4 C:\xampp\htdocs\ino\system\Common.php(1089): CodeIgniter\View\View->render('lowongan/viewda...', Array, true)
#5 C:\xampp\htdocs\ino\app\Controllers\Lowongan.php(25): view('lowongan/viewda...', Array)
#6 C:\xampp\htdocs\ino\system\CodeIgniter.php(832): App\Controllers\Lowongan->index()
#7 C:\xampp\htdocs\ino\system\CodeIgniter.php(419): CodeIgniter\CodeIgniter->runController(Object(App\Controllers\Lowongan))
#8 C:\xampp\htdocs\ino\system\CodeIgniter.php(326): CodeIgniter\CodeIgniter->handleRequest(NULL, Object(Config\Cache), false)
#9 C:\xampp\htdocs\ino\public\index.php(37): CodeIgniter\CodeIgniter->run()
#10 {main}
CRITICAL - 2022-07-20 14:23:19 --> Undefined variable: ktp_foto
#0 C:\xampp\htdocs\ino\app\Views\main\layout.php(103): CodeIgniter\Debug\Exceptions->errorHandler(8, 'Undefined varia...', 'C:\\xampp\\htdocs...', 103, Array)
#1 C:\xampp\htdocs\ino\system\View\View.php(210): include('C:\\xampp\\htdocs...')
#2 C:\xampp\htdocs\ino\system\View\View.php(213): CodeIgniter\View\View->CodeIgniter\View\{closure}()
#3 C:\xampp\htdocs\ino\system\View\View.php(226): CodeIgniter\View\View->render('main/layout', Array, true)
#4 C:\xampp\htdocs\ino\system\Common.php(1089): CodeIgniter\View\View->render('lowongan/viewda...', Array, true)
#5 C:\xampp\htdocs\ino\app\Controllers\Lowongan.php(25): view('lowongan/viewda...', Array)
#6 C:\xampp\htdocs\ino\system\CodeIgniter.php(832): App\Controllers\Lowongan->index()
#7 C:\xampp\htdocs\ino\system\CodeIgniter.php(419): CodeIgniter\CodeIgniter->runController(Object(App\Controllers\Lowongan))
#8 C:\xampp\htdocs\ino\system\CodeIgniter.php(326): CodeIgniter\CodeIgniter->handleRequest(NULL, Object(Config\Cache), false)
#9 C:\xampp\htdocs\ino\public\index.php(37): CodeIgniter\CodeIgniter->run()
#10 {main}
CRITICAL - 2022-07-20 14:23:20 --> Undefined variable: ktp_foto
#0 C:\xampp\htdocs\ino\app\Views\main\layout.php(103): CodeIgniter\Debug\Exceptions->errorHandler(8, 'Undefined varia...', 'C:\\xampp\\htdocs...', 103, Array)
#1 C:\xampp\htdocs\ino\system\View\View.php(210): include('C:\\xampp\\htdocs...')
#2 C:\xampp\htdocs\ino\system\View\View.php(213): CodeIgniter\View\View->CodeIgniter\View\{closure}()
#3 C:\xampp\htdocs\ino\system\View\View.php(226): CodeIgniter\View\View->render('main/layout', Array, true)
#4 C:\xampp\htdocs\ino\system\Common.php(1089): CodeIgniter\View\View->render('lowongan/viewda...', Array, true)
#5 C:\xampp\htdocs\ino\app\Controllers\Lowongan.php(25): view('lowongan/viewda...', Array)
#6 C:\xampp\htdocs\ino\system\CodeIgniter.php(832): App\Controllers\Lowongan->index()
#7 C:\xampp\htdocs\ino\system\CodeIgniter.php(419): CodeIgniter\CodeIgniter->runController(Object(App\Controllers\Lowongan))
#8 C:\xampp\htdocs\ino\system\CodeIgniter.php(326): CodeIgniter\CodeIgniter->handleRequest(NULL, Object(Config\Cache), false)
#9 C:\xampp\htdocs\ino\public\index.php(37): CodeIgniter\CodeIgniter->run()
#10 {main}
CRITICAL - 2022-07-20 14:35:04 --> Undefined variable: ktp_foto
#0 C:\xampp\htdocs\ino\app\Views\main\layout.php(103): CodeIgniter\Debug\Exceptions->errorHandler(8, 'Undefined varia...', 'C:\\xampp\\htdocs...', 103, Array)
#1 C:\xampp\htdocs\ino\system\View\View.php(210): include('C:\\xampp\\htdocs...')
#2 C:\xampp\htdocs\ino\system\View\View.php(213): CodeIgniter\View\View->CodeIgniter\View\{closure}()
#3 C:\xampp\htdocs\ino\system\View\View.php(226): CodeIgniter\View\View->render('main/layout', Array, true)
#4 C:\xampp\htdocs\ino\system\Common.php(1089): CodeIgniter\View\View->render('lowongan/viewda...', Array, true)
#5 C:\xampp\htdocs\ino\app\Controllers\Lowongan.php(25): view('lowongan/viewda...', Array)
#6 C:\xampp\htdocs\ino\system\CodeIgniter.php(832): App\Controllers\Lowongan->index()
#7 C:\xampp\htdocs\ino\system\CodeIgniter.php(419): CodeIgniter\CodeIgniter->runController(Object(App\Controllers\Lowongan))
#8 C:\xampp\htdocs\ino\system\CodeIgniter.php(326): CodeIgniter\CodeIgniter->handleRequest(NULL, Object(Config\Cache), false)
#9 C:\xampp\htdocs\ino\public\index.php(37): CodeIgniter\CodeIgniter->run()
#10 {main}
CRITICAL - 2022-07-20 14:35:05 --> Undefined variable: ktp_foto
#0 C:\xampp\htdocs\ino\app\Views\main\layout.php(103): CodeIgniter\Debug\Exceptions->errorHandler(8, 'Undefined varia...', 'C:\\xampp\\htdocs...', 103, Array)
#1 C:\xampp\htdocs\ino\system\View\View.php(210): include('C:\\xampp\\htdocs...')
#2 C:\xampp\htdocs\ino\system\View\View.php(213): CodeIgniter\View\View->CodeIgniter\View\{closure}()
#3 C:\xampp\htdocs\ino\system\View\View.php(226): CodeIgniter\View\View->render('main/layout', Array, true)
#4 C:\xampp\htdocs\ino\system\Common.php(1089): CodeIgniter\View\View->render('lowongan/viewda...', Array, true)
#5 C:\xampp\htdocs\ino\app\Controllers\Lowongan.php(25): view('lowongan/viewda...', Array)
#6 C:\xampp\htdocs\ino\system\CodeIgniter.php(832): App\Controllers\Lowongan->index()
#7 C:\xampp\htdocs\ino\system\CodeIgniter.php(419): CodeIgniter\CodeIgniter->runController(Object(App\Controllers\Lowongan))
#8 C:\xampp\htdocs\ino\system\CodeIgniter.php(326): CodeIgniter\CodeIgniter->handleRequest(NULL, Object(Config\Cache), false)
#9 C:\xampp\htdocs\ino\public\index.php(37): CodeIgniter\CodeIgniter->run()
#10 {main}
CRITICAL - 2022-07-20 14:35:05 --> Undefined variable: ktp_foto
#0 C:\xampp\htdocs\ino\app\Views\main\layout.php(103): CodeIgniter\Debug\Exceptions->errorHandler(8, 'Undefined varia...', 'C:\\xampp\\htdocs...', 103, Array)
#1 C:\xampp\htdocs\ino\system\View\View.php(210): include('C:\\xampp\\htdocs...')
#2 C:\xampp\htdocs\ino\system\View\View.php(213): CodeIgniter\View\View->CodeIgniter\View\{closure}()
#3 C:\xampp\htdocs\ino\system\View\View.php(226): CodeIgniter\View\View->render('main/layout', Array, true)
#4 C:\xampp\htdocs\ino\system\Common.php(1089): CodeIgniter\View\View->render('lowongan/viewda...', Array, true)
#5 C:\xampp\htdocs\ino\app\Controllers\Lowongan.php(25): view('lowongan/viewda...', Array)
#6 C:\xampp\htdocs\ino\system\CodeIgniter.php(832): App\Controllers\Lowongan->index()
#7 C:\xampp\htdocs\ino\system\CodeIgniter.php(419): CodeIgniter\CodeIgniter->runController(Object(App\Controllers\Lowongan))
#8 C:\xampp\htdocs\ino\system\CodeIgniter.php(326): CodeIgniter\CodeIgniter->handleRequest(NULL, Object(Config\Cache), false)
#9 C:\xampp\htdocs\ino\public\index.php(37): CodeIgniter\CodeIgniter->run()
#10 {main}
CRITICAL - 2022-07-20 14:35:05 --> Undefined variable: ktp_foto
#0 C:\xampp\htdocs\ino\app\Views\main\layout.php(103): CodeIgniter\Debug\Exceptions->errorHandler(8, 'Undefined varia...', 'C:\\xampp\\htdocs...', 103, Array)
#1 C:\xampp\htdocs\ino\system\View\View.php(210): include('C:\\xampp\\htdocs...')
#2 C:\xampp\htdocs\ino\system\View\View.php(213): CodeIgniter\View\View->CodeIgniter\View\{closure}()
#3 C:\xampp\htdocs\ino\system\View\View.php(226): CodeIgniter\View\View->render('main/layout', Array, true)
#4 C:\xampp\htdocs\ino\system\Common.php(1089): CodeIgniter\View\View->render('lowongan/viewda...', Array, true)
#5 C:\xampp\htdocs\ino\app\Controllers\Lowongan.php(25): view('lowongan/viewda...', Array)
#6 C:\xampp\htdocs\ino\system\CodeIgniter.php(832): App\Controllers\Lowongan->index()
#7 C:\xampp\htdocs\ino\system\CodeIgniter.php(419): CodeIgniter\CodeIgniter->runController(Object(App\Controllers\Lowongan))
#8 C:\xampp\htdocs\ino\system\CodeIgniter.php(326): CodeIgniter\CodeIgniter->handleRequest(NULL, Object(Config\Cache), false)
#9 C:\xampp\htdocs\ino\public\index.php(37): CodeIgniter\CodeIgniter->run()
#10 {main}
CRITICAL - 2022-07-20 14:35:06 --> Undefined variable: ktp_foto
#0 C:\xampp\htdocs\ino\app\Views\main\layout.php(103): CodeIgniter\Debug\Exceptions->errorHandler(8, 'Undefined varia...', 'C:\\xampp\\htdocs...', 103, Array)
#1 C:\xampp\htdocs\ino\system\View\View.php(210): include('C:\\xampp\\htdocs...')
#2 C:\xampp\htdocs\ino\system\View\View.php(213): CodeIgniter\View\View->CodeIgniter\View\{closure}()
#3 C:\xampp\htdocs\ino\system\View\View.php(226): CodeIgniter\View\View->render('main/layout', Array, true)
#4 C:\xampp\htdocs\ino\system\Common.php(1089): CodeIgniter\View\View->render('lowongan/viewda...', Array, true)
#5 C:\xampp\htdocs\ino\app\Controllers\Lowongan.php(25): view('lowongan/viewda...', Array)
#6 C:\xampp\htdocs\ino\system\CodeIgniter.php(832): App\Controllers\Lowongan->index()
#7 C:\xampp\htdocs\ino\system\CodeIgniter.php(419): CodeIgniter\CodeIgniter->runController(Object(App\Controllers\Lowongan))
#8 C:\xampp\htdocs\ino\system\CodeIgniter.php(326): CodeIgniter\CodeIgniter->handleRequest(NULL, Object(Config\Cache), false)
#9 C:\xampp\htdocs\ino\public\index.php(37): CodeIgniter\CodeIgniter->run()
#10 {main}
CRITICAL - 2022-07-20 15:12:07 --> Undefined variable: lowongan
#0 C:\xampp\htdocs\ino\app\Views\lowongan\cetaklowongan.php(26): CodeIgniter\Debug\Exceptions->errorHandler(8, 'Undefined varia...', 'C:\\xampp\\htdocs...', 26, Array)
#1 C:\xampp\htdocs\ino\system\View\View.php(210): include('C:\\xampp\\htdocs...')
#2 C:\xampp\htdocs\ino\system\View\View.php(213): CodeIgniter\View\View->CodeIgniter\View\{closure}()
#3 C:\xampp\htdocs\ino\system\Common.php(1089): CodeIgniter\View\View->render('lowongan/cetakl...', Array, true)
#4 C:\xampp\htdocs\ino\app\Controllers\Lowongan.php(146): view('lowongan/cetakl...')
#5 C:\xampp\htdocs\ino\system\CodeIgniter.php(832): App\Controllers\Lowongan->cetaklowongan('2')
#6 C:\xampp\htdocs\ino\system\CodeIgniter.php(419): CodeIgniter\CodeIgniter->runController(Object(App\Controllers\Lowongan))
#7 C:\xampp\htdocs\ino\system\CodeIgniter.php(326): CodeIgniter\CodeIgniter->handleRequest(NULL, Object(Config\Cache), false)
#8 C:\xampp\htdocs\ino\public\index.php(37): CodeIgniter\CodeIgniter->run()
#9 {main}
CRITICAL - 2022-07-20 15:12:26 --> Illegal string offset 'lowonganjob'
#0 C:\xampp\htdocs\ino\app\Views\lowongan\cetaklowongan.php(27): CodeIgniter\Debug\Exceptions->errorHandler(2, 'Illegal string ...', 'C:\\xampp\\htdocs...', 27, Array)
#1 C:\xampp\htdocs\ino\system\View\View.php(210): include('C:\\xampp\\htdocs...')
#2 C:\xampp\htdocs\ino\system\View\View.php(213): CodeIgniter\View\View->CodeIgniter\View\{closure}()
#3 C:\xampp\htdocs\ino\system\Common.php(1089): CodeIgniter\View\View->render('lowongan/cetakl...', Array, true)
#4 C:\xampp\htdocs\ino\app\Controllers\Lowongan.php(146): view('lowongan/cetakl...', Array)
#5 C:\xampp\htdocs\ino\system\CodeIgniter.php(832): App\Controllers\Lowongan->cetaklowongan('2')
#6 C:\xampp\htdocs\ino\system\CodeIgniter.php(419): CodeIgniter\CodeIgniter->runController(Object(App\Controllers\Lowongan))
#7 C:\xampp\htdocs\ino\system\CodeIgniter.php(326): CodeIgniter\CodeIgniter->handleRequest(NULL, Object(Config\Cache), false)
#8 C:\xampp\htdocs\ino\public\index.php(37): CodeIgniter\CodeIgniter->run()
#9 {main}
CRITICAL - 2022-07-20 15:13:16 --> Illegal string offset 'lowonganjob'
#0 C:\xampp\htdocs\ino\app\Views\lowongan\cetaklowongan.php(27): CodeIgniter\Debug\Exceptions->errorHandler(2, 'Illegal string ...', 'C:\\xampp\\htdocs...', 27, Array)
#1 C:\xampp\htdocs\ino\system\View\View.php(210): include('C:\\xampp\\htdocs...')
#2 C:\xampp\htdocs\ino\system\View\View.php(213): CodeIgniter\View\View->CodeIgniter\View\{closure}()
#3 C:\xampp\htdocs\ino\system\Common.php(1089): CodeIgniter\View\View->render('lowongan/cetakl...', Array, true)
#4 C:\xampp\htdocs\ino\app\Controllers\Lowongan.php(146): view('lowongan/cetakl...', Array)
#5 C:\xampp\htdocs\ino\system\CodeIgniter.php(832): App\Controllers\Lowongan->cetaklowongan('2')
#6 C:\xampp\htdocs\ino\system\CodeIgniter.php(419): CodeIgniter\CodeIgniter->runController(Object(App\Controllers\Lowongan))
#7 C:\xampp\htdocs\ino\system\CodeIgniter.php(326): CodeIgniter\CodeIgniter->handleRequest(NULL, Object(Config\Cache), false)
#8 C:\xampp\htdocs\ino\public\index.php(37): CodeIgniter\CodeIgniter->run()
#9 {main}
CRITICAL - 2022-07-20 16:05:55 --> Argument 1 passed to CodeIgniter\BaseModel::findAll() must be of the type int, string given, called in C:\xampp\htdocs\ino\app\Controllers\Lowongan.php on line 143
#0 C:\xampp\htdocs\ino\app\Controllers\Lowongan.php(143): CodeIgniter\BaseModel->findAll('paper.gif')
#1 C:\xampp\htdocs\ino\system\CodeIgniter.php(832): App\Controllers\Lowongan->cetaklowongan('paper.gif')
#2 C:\xampp\htdocs\ino\system\CodeIgniter.php(419): CodeIgniter\CodeIgniter->runController(Object(App\Controllers\Lowongan))
#3 C:\xampp\htdocs\ino\system\CodeIgniter.php(326): CodeIgniter\CodeIgniter->handleRequest(NULL, Object(Config\Cache), false)
#4 C:\xampp\htdocs\ino\public\index.php(37): CodeIgniter\CodeIgniter->run()
#5 {main}
CRITICAL - 2022-07-20 16:05:56 --> Argument 1 passed to CodeIgniter\BaseModel::findAll() must be of the type int, string given, called in C:\xampp\htdocs\ino\app\Controllers\Lowongan.php on line 143
#0 C:\xampp\htdocs\ino\app\Controllers\Lowongan.php(143): CodeIgniter\BaseModel->findAll('paper.gif')
#1 C:\xampp\htdocs\ino\system\CodeIgniter.php(832): App\Controllers\Lowongan->cetaklowongan('paper.gif')
#2 C:\xampp\htdocs\ino\system\CodeIgniter.php(419): CodeIgniter\CodeIgniter->runController(Object(App\Controllers\Lowongan))
#3 C:\xampp\htdocs\ino\system\CodeIgniter.php(326): CodeIgniter\CodeIgniter->handleRequest(NULL, Object(Config\Cache), false)
#4 C:\xampp\htdocs\ino\public\index.php(37): CodeIgniter\CodeIgniter->run()
#5 {main}
CRITICAL - 2022-07-20 16:32:21 --> Illegal string offset 'lowonganjob'
#0 C:\xampp\htdocs\ino\app\Views\lowongan\cetaklowongan.php(42): CodeIgniter\Debug\Exceptions->errorHandler(2, 'Illegal string ...', 'C:\\xampp\\htdocs...', 42, Array)
#1 C:\xampp\htdocs\ino\system\View\View.php(210): include('C:\\xampp\\htdocs...')
#2 C:\xampp\htdocs\ino\system\View\View.php(213): CodeIgniter\View\View->CodeIgniter\View\{closure}()
#3 C:\xampp\htdocs\ino\system\Common.php(1089): CodeIgniter\View\View->render('lowongan/cetakl...', Array, true)
#4 C:\xampp\htdocs\ino\app\Controllers\Lowongan.php(146): view('lowongan/cetakl...', Array)
#5 C:\xampp\htdocs\ino\system\CodeIgniter.php(832): App\Controllers\Lowongan->cetaklowongan('3')
#6 C:\xampp\htdocs\ino\system\CodeIgniter.php(419): CodeIgniter\CodeIgniter->runController(Object(App\Controllers\Lowongan))
#7 C:\xampp\htdocs\ino\system\CodeIgniter.php(326): CodeIgniter\CodeIgniter->handleRequest(NULL, Object(Config\Cache), false)
#8 C:\xampp\htdocs\ino\public\index.php(37): CodeIgniter\CodeIgniter->run()
#9 {main}
CRITICAL - 2022-07-20 16:48:02 --> Trying to access array offset on value of type null
#0 C:\xampp\htdocs\ino\app\Controllers\Lowongan.php(156): CodeIgniter\Debug\Exceptions->errorHandler(8, 'Trying to acces...', 'C:\\xampp\\htdocs...', 156, Array)
#1 C:\xampp\htdocs\ino\system\CodeIgniter.php(832): App\Controllers\Lowongan->cetaklowongan('5')
#2 C:\xampp\htdocs\ino\system\CodeIgniter.php(419): CodeIgniter\CodeIgniter->runController(Object(App\Controllers\Lowongan))
#3 C:\xampp\htdocs\ino\system\CodeIgniter.php(326): CodeIgniter\CodeIgniter->handleRequest(NULL, Object(Config\Cache), false)
#4 C:\xampp\htdocs\ino\public\index.php(37): CodeIgniter\CodeIgniter->run()
#5 {main}
