ERROR - 2023-07-12 13:13:23 --> Unknown column 'subkatnama' in 'where clause'
CRITICAL - 2023-07-12 13:13:23 --> Unknown column 'subkatnama' in 'where clause'
#0 C:\xampp\htdocs\ino\system\Database\MySQLi\Connection.php(292): mysqli->query('SELECT COUNT(*)...', 0)
#1 C:\xampp\htdocs\ino\system\Database\BaseConnection.php(670): CodeIgniter\Database\MySQLi\Connection->execute('SELECT COUNT(*)...')
#2 C:\xampp\htdocs\ino\system\Database\BaseConnection.php(598): CodeIgniter\Database\BaseConnection->simpleQuery('SELECT COUNT(*)...')
#3 C:\xampp\htdocs\ino\system\Database\BaseBuilder.php(1539): CodeIgniter\Database\BaseConnection->query('SELECT COUNT(*)...', Array, false)
#4 C:\xampp\htdocs\ino\app\Models\ModelBarangPagination.php(61): CodeIgniter\Database\BaseBuilder->countAllResults()
#5 C:\xampp\htdocs\ino\app\Controllers\Barang.php(72): App\Models\ModelBarangPagination->count_filtered()
#6 C:\xampp\htdocs\ino\system\CodeIgniter.php(832): App\Controllers\Barang->listData()
#7 C:\xampp\htdocs\ino\system\CodeIgniter.php(419): CodeIgniter\CodeIgniter->runController(Object(App\Controllers\Barang))
#8 C:\xampp\htdocs\ino\system\CodeIgniter.php(326): CodeIgniter\CodeIgniter->handleRequest(NULL, Object(Config\Cache), false)
#9 C:\xampp\htdocs\ino\public\index.php(37): CodeIgniter\CodeIgniter->run()
#10 {main}
CRITICAL - 2023-07-12 15:16:49 --> Call to undefined method CodeIgniter\Database\MySQLi\Result::getWhere()
#0 C:\xampp\htdocs\ino\app\Controllers\Lowongan.php(240): App\Models\ModelLowonganApply->cekApply('180805120192000...', '1')
#1 C:\xampp\htdocs\ino\system\CodeIgniter.php(832): App\Controllers\Lowongan->lowonganapply()
#2 C:\xampp\htdocs\ino\system\CodeIgniter.php(419): CodeIgniter\CodeIgniter->runController(Object(App\Controllers\Lowongan))
#3 C:\xampp\htdocs\ino\system\CodeIgniter.php(326): CodeIgniter\CodeIgniter->handleRequest(NULL, Object(Config\Cache), false)
#4 C:\xampp\htdocs\ino\public\index.php(37): CodeIgniter\CodeIgniter->run()
#5 {main}
CRITICAL - 2023-07-12 15:16:57 --> Call to undefined method CodeIgniter\Database\MySQLi\Result::getWhere()
#0 C:\xampp\htdocs\ino\app\Controllers\Lowongan.php(240): App\Models\ModelLowonganApply->cekApply('180805120192000...', '1')
#1 C:\xampp\htdocs\ino\system\CodeIgniter.php(832): App\Controllers\Lowongan->lowonganapply()
#2 C:\xampp\htdocs\ino\system\CodeIgniter.php(419): CodeIgniter\CodeIgniter->runController(Object(App\Controllers\Lowongan))
#3 C:\xampp\htdocs\ino\system\CodeIgniter.php(326): CodeIgniter\CodeIgniter->handleRequest(NULL, Object(Config\Cache), false)
#4 C:\xampp\htdocs\ino\public\index.php(37): CodeIgniter\CodeIgniter->run()
#5 {main}
CRITICAL - 2023-07-12 15:18:38 --> Call to undefined method CodeIgniter\Database\MySQLi\Result::getWhere()
#0 C:\xampp\htdocs\ino\app\Controllers\Lowongan.php(240): App\Models\ModelLowonganApply->cekApply('180805120192000...', '1')
#1 C:\xampp\htdocs\ino\system\CodeIgniter.php(832): App\Controllers\Lowongan->lowonganapply()
#2 C:\xampp\htdocs\ino\system\CodeIgniter.php(419): CodeIgniter\CodeIgniter->runController(Object(App\Controllers\Lowongan))
#3 C:\xampp\htdocs\ino\system\CodeIgniter.php(326): CodeIgniter\CodeIgniter->handleRequest(NULL, Object(Config\Cache), false)
#4 C:\xampp\htdocs\ino\public\index.php(37): CodeIgniter\CodeIgniter->run()
#5 {main}
CRITICAL - 2023-07-12 15:19:42 --> Call to undefined method CodeIgniter\Database\MySQLi\Result::getWhere()
#0 C:\xampp\htdocs\ino\app\Controllers\Lowongan.php(240): App\Models\ModelLowonganApply->cekApply('180805120192000...', '1')
#1 C:\xampp\htdocs\ino\system\CodeIgniter.php(832): App\Controllers\Lowongan->lowonganapply()
#2 C:\xampp\htdocs\ino\system\CodeIgniter.php(419): CodeIgniter\CodeIgniter->runController(Object(App\Controllers\Lowongan))
#3 C:\xampp\htdocs\ino\system\CodeIgniter.php(326): CodeIgniter\CodeIgniter->handleRequest(NULL, Object(Config\Cache), false)
#4 C:\xampp\htdocs\ino\public\index.php(37): CodeIgniter\CodeIgniter->run()
#5 {main}
CRITICAL - 2023-07-12 15:20:32 --> Call to undefined method CodeIgniter\Database\MySQLi\Result::getWhere()
#0 C:\xampp\htdocs\ino\app\Controllers\Lowongan.php(240): App\Models\ModelLowonganApply->cekApply('180805120192000...', '1')
#1 C:\xampp\htdocs\ino\system\CodeIgniter.php(832): App\Controllers\Lowongan->lowonganapply()
#2 C:\xampp\htdocs\ino\system\CodeIgniter.php(419): CodeIgniter\CodeIgniter->runController(Object(App\Controllers\Lowongan))
#3 C:\xampp\htdocs\ino\system\CodeIgniter.php(326): CodeIgniter\CodeIgniter->handleRequest(NULL, Object(Config\Cache), false)
#4 C:\xampp\htdocs\ino\public\index.php(37): CodeIgniter\CodeIgniter->run()
#5 {main}
CRITICAL - 2023-07-12 15:24:35 --> Call to undefined method CodeIgniter\Database\MySQLi\Result::getWhere()
#0 C:\xampp\htdocs\ino\app\Controllers\Lowongan.php(240): App\Models\ModelLowonganApply->cekApply('180805120192000...', '1')
#1 C:\xampp\htdocs\ino\system\CodeIgniter.php(832): App\Controllers\Lowongan->lowonganapply()
#2 C:\xampp\htdocs\ino\system\CodeIgniter.php(419): CodeIgniter\CodeIgniter->runController(Object(App\Controllers\Lowongan))
#3 C:\xampp\htdocs\ino\system\CodeIgniter.php(326): CodeIgniter\CodeIgniter->handleRequest(NULL, Object(Config\Cache), false)
#4 C:\xampp\htdocs\ino\public\index.php(37): CodeIgniter\CodeIgniter->run()
#5 {main}
CRITICAL - 2023-07-12 15:26:27 --> Call to undefined method CodeIgniter\Database\MySQLi\Result::getWhere()
#0 C:\xampp\htdocs\ino\app\Controllers\Lowongan.php(240): App\Models\ModelLowonganApply->cekApply('180805120192000...', '1')
#1 C:\xampp\htdocs\ino\system\CodeIgniter.php(832): App\Controllers\Lowongan->lowonganapply()
#2 C:\xampp\htdocs\ino\system\CodeIgniter.php(419): CodeIgniter\CodeIgniter->runController(Object(App\Controllers\Lowongan))
#3 C:\xampp\htdocs\ino\system\CodeIgniter.php(326): CodeIgniter\CodeIgniter->handleRequest(NULL, Object(Config\Cache), false)
#4 C:\xampp\htdocs\ino\public\index.php(37): CodeIgniter\CodeIgniter->run()
#5 {main}
