CRITICAL - 2022-08-10 08:19:26 --> syntax error, unexpected '}', expecting end of file
#0 C:\xampp\htdocs\ino\system\Router\Router.php(175): CodeIgniter\Router\Router->autoRoute('penerimaan/inde...')
#1 C:\xampp\htdocs\ino\system\CodeIgniter.php(726): CodeIgniter\Router\Router->handle('penerimaan/inde...')
#2 C:\xampp\htdocs\ino\system\CodeIgniter.php(368): CodeIgniter\CodeIgniter->tryToRouteIt(Object(CodeIgniter\Router\RouteCollection))
#3 C:\xampp\htdocs\ino\system\CodeIgniter.php(326): CodeIgniter\CodeIgniter->handleRequest(NULL, Object(Config\Cache), false)
#4 C:\xampp\htdocs\ino\public\index.php(37): CodeIgniter\CodeIgniter->run()
#5 {main}
CRITICAL - 2022-08-10 09:07:16 --> Trying to access array offset on value of type null
#0 C:\xampp\htdocs\ino\app\Controllers\Penerimaan.php(223): CodeIgniter\Debug\Exceptions->errorHandler(8, 'Trying to acces...', 'C:\\xampp\\htdocs...', 223, Array)
#1 C:\xampp\htdocs\ino\system\CodeIgniter.php(832): App\Controllers\Penerimaan->ambilDataBarangBeli()
#2 C:\xampp\htdocs\ino\system\CodeIgniter.php(419): CodeIgniter\CodeIgniter->runController(Object(App\Controllers\Penerimaan))
#3 C:\xampp\htdocs\ino\system\CodeIgniter.php(326): CodeIgniter\CodeIgniter->handleRequest(NULL, Object(Config\Cache), false)
#4 C:\xampp\htdocs\ino\public\index.php(37): CodeIgniter\CodeIgniter->run()
#5 {main}
CRITICAL - 2022-08-10 09:07:31 --> Trying to access array offset on value of type null
#0 C:\xampp\htdocs\ino\app\Controllers\Penerimaan.php(223): CodeIgniter\Debug\Exceptions->errorHandler(8, 'Trying to acces...', 'C:\\xampp\\htdocs...', 223, Array)
#1 C:\xampp\htdocs\ino\system\CodeIgniter.php(832): App\Controllers\Penerimaan->ambilDataBarangBeli()
#2 C:\xampp\htdocs\ino\system\CodeIgniter.php(419): CodeIgniter\CodeIgniter->runController(Object(App\Controllers\Penerimaan))
#3 C:\xampp\htdocs\ino\system\CodeIgniter.php(326): CodeIgniter\CodeIgniter->handleRequest(NULL, Object(Config\Cache), false)
#4 C:\xampp\htdocs\ino\public\index.php(37): CodeIgniter\CodeIgniter->run()
#5 {main}
CRITICAL - 2022-08-10 09:09:06 --> Trying to access array offset on value of type null
#0 C:\xampp\htdocs\ino\app\Controllers\Penerimaan.php(223): CodeIgniter\Debug\Exceptions->errorHandler(8, 'Trying to acces...', 'C:\\xampp\\htdocs...', 223, Array)
#1 C:\xampp\htdocs\ino\system\CodeIgniter.php(832): App\Controllers\Penerimaan->ambilDataBarangBeli()
#2 C:\xampp\htdocs\ino\system\CodeIgniter.php(419): CodeIgniter\CodeIgniter->runController(Object(App\Controllers\Penerimaan))
#3 C:\xampp\htdocs\ino\system\CodeIgniter.php(326): CodeIgniter\CodeIgniter->handleRequest(NULL, Object(Config\Cache), false)
#4 C:\xampp\htdocs\ino\public\index.php(37): CodeIgniter\CodeIgniter->run()
#5 {main}
CRITICAL - 2022-08-10 09:09:57 --> Trying to access array offset on value of type null
#0 C:\xampp\htdocs\ino\app\Controllers\Penerimaan.php(223): CodeIgniter\Debug\Exceptions->errorHandler(8, 'Trying to acces...', 'C:\\xampp\\htdocs...', 223, Array)
#1 C:\xampp\htdocs\ino\system\CodeIgniter.php(832): App\Controllers\Penerimaan->ambilDataBarangBeli()
#2 C:\xampp\htdocs\ino\system\CodeIgniter.php(419): CodeIgniter\CodeIgniter->runController(Object(App\Controllers\Penerimaan))
#3 C:\xampp\htdocs\ino\system\CodeIgniter.php(326): CodeIgniter\CodeIgniter->handleRequest(NULL, Object(Config\Cache), false)
#4 C:\xampp\htdocs\ino\public\index.php(37): CodeIgniter\CodeIgniter->run()
#5 {main}
CRITICAL - 2022-08-10 09:11:33 --> Trying to access array offset on value of type null
#0 C:\xampp\htdocs\ino\app\Controllers\Penerimaan.php(223): CodeIgniter\Debug\Exceptions->errorHandler(8, 'Trying to acces...', 'C:\\xampp\\htdocs...', 223, Array)
#1 C:\xampp\htdocs\ino\system\CodeIgniter.php(832): App\Controllers\Penerimaan->ambilDataBarangBeli()
#2 C:\xampp\htdocs\ino\system\CodeIgniter.php(419): CodeIgniter\CodeIgniter->runController(Object(App\Controllers\Penerimaan))
#3 C:\xampp\htdocs\ino\system\CodeIgniter.php(326): CodeIgniter\CodeIgniter->handleRequest(NULL, Object(Config\Cache), false)
#4 C:\xampp\htdocs\ino\public\index.php(37): CodeIgniter\CodeIgniter->run()
#5 {main}
CRITICAL - 2022-08-10 09:17:46 --> Undefined variable: row
#0 C:\xampp\htdocs\ino\app\Views\penerimaan\datattb.php(24): CodeIgniter\Debug\Exceptions->errorHandler(8, 'Undefined varia...', 'C:\\xampp\\htdocs...', 24, Array)
#1 C:\xampp\htdocs\ino\system\View\View.php(210): include('C:\\xampp\\htdocs...')
#2 C:\xampp\htdocs\ino\system\View\View.php(213): CodeIgniter\View\View->CodeIgniter\View\{closure}()
#3 C:\xampp\htdocs\ino\system\Common.php(1089): CodeIgniter\View\View->render('penerimaan/data...', Array, true)
#4 C:\xampp\htdocs\ino\app\Controllers\Penerimaan.php(165): view('penerimaan/data...', Array)
#5 C:\xampp\htdocs\ino\system\CodeIgniter.php(832): App\Controllers\Penerimaan->tampilTtb()
#6 C:\xampp\htdocs\ino\system\CodeIgniter.php(419): CodeIgniter\CodeIgniter->runController(Object(App\Controllers\Penerimaan))
#7 C:\xampp\htdocs\ino\system\CodeIgniter.php(326): CodeIgniter\CodeIgniter->handleRequest(NULL, Object(Config\Cache), false)
#8 C:\xampp\htdocs\ino\public\index.php(37): CodeIgniter\CodeIgniter->run()
#9 {main}
CRITICAL - 2022-08-10 09:18:18 --> Undefined variable: row
#0 C:\xampp\htdocs\ino\app\Views\penerimaan\datattb.php(24): CodeIgniter\Debug\Exceptions->errorHandler(8, 'Undefined varia...', 'C:\\xampp\\htdocs...', 24, Array)
#1 C:\xampp\htdocs\ino\system\View\View.php(210): include('C:\\xampp\\htdocs...')
#2 C:\xampp\htdocs\ino\system\View\View.php(213): CodeIgniter\View\View->CodeIgniter\View\{closure}()
#3 C:\xampp\htdocs\ino\system\Common.php(1089): CodeIgniter\View\View->render('penerimaan/data...', Array, true)
#4 C:\xampp\htdocs\ino\app\Controllers\Penerimaan.php(165): view('penerimaan/data...', Array)
#5 C:\xampp\htdocs\ino\system\CodeIgniter.php(832): App\Controllers\Penerimaan->tampilTtb()
#6 C:\xampp\htdocs\ino\system\CodeIgniter.php(419): CodeIgniter\CodeIgniter->runController(Object(App\Controllers\Penerimaan))
#7 C:\xampp\htdocs\ino\system\CodeIgniter.php(326): CodeIgniter\CodeIgniter->handleRequest(NULL, Object(Config\Cache), false)
#8 C:\xampp\htdocs\ino\public\index.php(37): CodeIgniter\CodeIgniter->run()
#9 {main}
CRITICAL - 2022-08-10 09:18:31 --> Undefined variable: row
#0 C:\xampp\htdocs\ino\app\Views\penerimaan\datattb.php(24): CodeIgniter\Debug\Exceptions->errorHandler(8, 'Undefined varia...', 'C:\\xampp\\htdocs...', 24, Array)
#1 C:\xampp\htdocs\ino\system\View\View.php(210): include('C:\\xampp\\htdocs...')
#2 C:\xampp\htdocs\ino\system\View\View.php(213): CodeIgniter\View\View->CodeIgniter\View\{closure}()
#3 C:\xampp\htdocs\ino\system\Common.php(1089): CodeIgniter\View\View->render('penerimaan/data...', Array, true)
#4 C:\xampp\htdocs\ino\app\Controllers\Penerimaan.php(165): view('penerimaan/data...', Array)
#5 C:\xampp\htdocs\ino\system\CodeIgniter.php(832): App\Controllers\Penerimaan->tampilTtb()
#6 C:\xampp\htdocs\ino\system\CodeIgniter.php(419): CodeIgniter\CodeIgniter->runController(Object(App\Controllers\Penerimaan))
#7 C:\xampp\htdocs\ino\system\CodeIgniter.php(326): CodeIgniter\CodeIgniter->handleRequest(NULL, Object(Config\Cache), false)
#8 C:\xampp\htdocs\ino\public\index.php(37): CodeIgniter\CodeIgniter->run()
#9 {main}
CRITICAL - 2022-08-10 11:39:18 --> Cannot use object of type mysqli as array
#0 C:\xampp\htdocs\ino\system\View\View.php(210): include()
#1 C:\xampp\htdocs\ino\system\View\View.php(213): CodeIgniter\View\View->CodeIgniter\View\{closure}()
#2 C:\xampp\htdocs\ino\system\Common.php(1089): CodeIgniter\View\View->render('pemakaian/viewd...', Array, true)
#3 C:\xampp\htdocs\ino\app\Controllers\Pemakaian.php(25): view('pemakaian/viewd...', Array)
#4 C:\xampp\htdocs\ino\system\CodeIgniter.php(832): App\Controllers\Pemakaian->index()
#5 C:\xampp\htdocs\ino\system\CodeIgniter.php(419): CodeIgniter\CodeIgniter->runController(Object(App\Controllers\Pemakaian))
#6 C:\xampp\htdocs\ino\system\CodeIgniter.php(326): CodeIgniter\CodeIgniter->handleRequest(NULL, Object(Config\Cache), false)
#7 C:\xampp\htdocs\ino\public\index.php(37): CodeIgniter\CodeIgniter->run()
#8 {main}
