ERROR - 2022-05-25 08:19:35 --> Error connecting to the database: No connection could be made because the target machine actively refused it.

CRITICAL - 2022-05-25 08:19:35 --> Unable to connect to the database.
Main connection [MySQLi]: No connection could be made because the target machine actively refused it.

#0 C:\xampp\htdocs\ino\system\Database\BaseConnection.php(577): CodeIgniter\Database\BaseConnection->initialize()
#1 C:\xampp\htdocs\ino\system\Database\BaseBuilder.php(1455): CodeIgniter\Database\BaseConnection->query('SELECT *\nFROM `...', Array, false)
#2 C:\xampp\htdocs\ino\system\Model.php(142): CodeIgniter\Database\BaseBuilder->get()
#3 C:\xampp\htdocs\ino\system\BaseModel.php(523): CodeIgniter\Model->doFind(true, 'admin')
#4 C:\xampp\htdocs\ino\app\Controllers\Login.php(56): CodeIgniter\BaseModel->find('admin')
#5 C:\xampp\htdocs\ino\system\CodeIgniter.php(832): App\Controllers\Login->cekUser()
#6 C:\xampp\htdocs\ino\system\CodeIgniter.php(419): CodeIgniter\CodeIgniter->runController(Object(App\Controllers\Login))
#7 C:\xampp\htdocs\ino\system\CodeIgniter.php(326): CodeIgniter\CodeIgniter->handleRequest(NULL, Object(Config\Cache), false)
#8 C:\xampp\htdocs\ino\public\index.php(37): CodeIgniter\CodeIgniter->run()
#9 C:\xampp\htdocs\ino\system\Commands\Server\rewrite.php(43): require_once('C:\\xampp\\htdocs...')
#10 {main}
CRITICAL - 2022-05-25 08:35:37 --> Argument 2 passed to view() must be of the type array, string given, called in C:\xampp\htdocs\ino\app\Controllers\Profil.php on line 163
#0 C:\xampp\htdocs\ino\app\Controllers\Profil.php(163): view('profil/viewdata...', 'admin')
#1 C:\xampp\htdocs\ino\system\CodeIgniter.php(832): App\Controllers\Profil->updatefoto()
#2 C:\xampp\htdocs\ino\system\CodeIgniter.php(419): CodeIgniter\CodeIgniter->runController(Object(App\Controllers\Profil))
#3 C:\xampp\htdocs\ino\system\CodeIgniter.php(326): CodeIgniter\CodeIgniter->handleRequest(NULL, Object(Config\Cache), false)
#4 C:\xampp\htdocs\ino\public\index.php(37): CodeIgniter\CodeIgniter->run()
#5 C:\xampp\htdocs\ino\system\Commands\Server\rewrite.php(43): require_once('C:\\xampp\\htdocs...')
#6 {main}
CRITICAL - 2022-05-25 08:38:05 --> Argument 2 passed to view() must be of the type array, string given, called in C:\xampp\htdocs\ino\app\Controllers\Profil.php on line 163
#0 C:\xampp\htdocs\ino\app\Controllers\Profil.php(163): view('/profil/viewdat...', 'admin')
#1 C:\xampp\htdocs\ino\system\CodeIgniter.php(832): App\Controllers\Profil->updatefoto()
#2 C:\xampp\htdocs\ino\system\CodeIgniter.php(419): CodeIgniter\CodeIgniter->runController(Object(App\Controllers\Profil))
#3 C:\xampp\htdocs\ino\system\CodeIgniter.php(326): CodeIgniter\CodeIgniter->handleRequest(NULL, Object(Config\Cache), false)
#4 C:\xampp\htdocs\ino\public\index.php(37): CodeIgniter\CodeIgniter->run()
#5 C:\xampp\htdocs\ino\system\Commands\Server\rewrite.php(43): require_once('C:\\xampp\\htdocs...')
#6 {main}
CRITICAL - 2022-05-25 08:42:11 --> Argument 2 passed to view() must be of the type array, string given, called in C:\xampp\htdocs\ino\app\Controllers\Profil.php on line 163
#0 C:\xampp\htdocs\ino\app\Controllers\Profil.php(163): view('profil/viewdata...', 'admin')
#1 C:\xampp\htdocs\ino\system\CodeIgniter.php(832): App\Controllers\Profil->updatefoto()
#2 C:\xampp\htdocs\ino\system\CodeIgniter.php(419): CodeIgniter\CodeIgniter->runController(Object(App\Controllers\Profil))
#3 C:\xampp\htdocs\ino\system\CodeIgniter.php(326): CodeIgniter\CodeIgniter->handleRequest(NULL, Object(Config\Cache), false)
#4 C:\xampp\htdocs\ino\public\index.php(37): CodeIgniter\CodeIgniter->run()
#5 C:\xampp\htdocs\ino\system\Commands\Server\rewrite.php(43): require_once('C:\\xampp\\htdocs...')
#6 {main}
CRITICAL - 2022-05-25 08:44:13 --> Argument 2 passed to view() must be of the type array, string given, called in C:\xampp\htdocs\ino\app\Controllers\Profil.php on line 163
#0 C:\xampp\htdocs\ino\app\Controllers\Profil.php(163): view('profil/viewdata...', 'admin')
#1 C:\xampp\htdocs\ino\system\CodeIgniter.php(832): App\Controllers\Profil->updatefoto()
#2 C:\xampp\htdocs\ino\system\CodeIgniter.php(419): CodeIgniter\CodeIgniter->runController(Object(App\Controllers\Profil))
#3 C:\xampp\htdocs\ino\system\CodeIgniter.php(326): CodeIgniter\CodeIgniter->handleRequest(NULL, Object(Config\Cache), false)
#4 C:\xampp\htdocs\ino\public\index.php(37): CodeIgniter\CodeIgniter->run()
#5 C:\xampp\htdocs\ino\system\Commands\Server\rewrite.php(43): require_once('C:\\xampp\\htdocs...')
#6 {main}
CRITICAL - 2022-05-25 08:45:38 --> Argument 2 passed to CodeIgniter\HTTP\RedirectResponse::to() must be of the type int or null, string given, called in C:\xampp\htdocs\ino\app\Controllers\Profil.php on line 164
#0 C:\xampp\htdocs\ino\app\Controllers\Profil.php(164): CodeIgniter\HTTP\RedirectResponse->to('profil/viewdata...', 'admin')
#1 C:\xampp\htdocs\ino\system\CodeIgniter.php(832): App\Controllers\Profil->updatefoto()
#2 C:\xampp\htdocs\ino\system\CodeIgniter.php(419): CodeIgniter\CodeIgniter->runController(Object(App\Controllers\Profil))
#3 C:\xampp\htdocs\ino\system\CodeIgniter.php(326): CodeIgniter\CodeIgniter->handleRequest(NULL, Object(Config\Cache), false)
#4 C:\xampp\htdocs\ino\public\index.php(37): CodeIgniter\CodeIgniter->run()
#5 C:\xampp\htdocs\ino\system\Commands\Server\rewrite.php(43): require_once('C:\\xampp\\htdocs...')
#6 {main}
CRITICAL - 2022-05-25 13:20:34 --> Trying to access array offset on value of type null
#0 C:\xampp\htdocs\ino\app\Controllers\Profil.php(76): CodeIgniter\Debug\Exceptions->errorHandler(8, 'Trying to acces...', 'C:\\xampp\\htdocs...', 76, Array)
#1 C:\xampp\htdocs\ino\system\CodeIgniter.php(832): App\Controllers\Profil->index('admin')
#2 C:\xampp\htdocs\ino\system\CodeIgniter.php(419): CodeIgniter\CodeIgniter->runController(Object(App\Controllers\Profil))
#3 C:\xampp\htdocs\ino\system\CodeIgniter.php(326): CodeIgniter\CodeIgniter->handleRequest(NULL, Object(Config\Cache), false)
#4 C:\xampp\htdocs\ino\public\index.php(37): CodeIgniter\CodeIgniter->run()
#5 C:\xampp\htdocs\ino\system\Commands\Server\rewrite.php(43): require_once('C:\\xampp\\htdocs...')
#6 {main}
CRITICAL - 2022-05-25 13:57:02 --> Trying to access array offset on value of type null
#0 C:\xampp\htdocs\ino\app\Controllers\Profil.php(76): CodeIgniter\Debug\Exceptions->errorHandler(8, 'Trying to acces...', 'C:\\xampp\\htdocs...', 76, Array)
#1 C:\xampp\htdocs\ino\system\CodeIgniter.php(832): App\Controllers\Profil->index('admin')
#2 C:\xampp\htdocs\ino\system\CodeIgniter.php(419): CodeIgniter\CodeIgniter->runController(Object(App\Controllers\Profil))
#3 C:\xampp\htdocs\ino\system\CodeIgniter.php(326): CodeIgniter\CodeIgniter->handleRequest(NULL, Object(Config\Cache), false)
#4 C:\xampp\htdocs\ino\public\index.php(37): CodeIgniter\CodeIgniter->run()
#5 C:\xampp\htdocs\ino\system\Commands\Server\rewrite.php(43): require_once('C:\\xampp\\htdocs...')
#6 {main}
CRITICAL - 2022-05-25 14:05:22 --> Undefined variable: 
#0 C:\xampp\htdocs\ino\app\Controllers\Profil.php(75): CodeIgniter\Debug\Exceptions->errorHandler(8, 'Undefined varia...', 'C:\\xampp\\htdocs...', 75, Array)
#1 C:\xampp\htdocs\ino\system\CodeIgniter.php(832): App\Controllers\Profil->index('admin')
#2 C:\xampp\htdocs\ino\system\CodeIgniter.php(419): CodeIgniter\CodeIgniter->runController(Object(App\Controllers\Profil))
#3 C:\xampp\htdocs\ino\system\CodeIgniter.php(326): CodeIgniter\CodeIgniter->handleRequest(NULL, Object(Config\Cache), false)
#4 C:\xampp\htdocs\ino\public\index.php(37): CodeIgniter\CodeIgniter->run()
#5 C:\xampp\htdocs\ino\system\Commands\Server\rewrite.php(43): require_once('C:\\xampp\\htdocs...')
#6 {main}
CRITICAL - 2022-05-25 14:05:38 --> Undefined variable: 
#0 C:\xampp\htdocs\ino\app\Controllers\Profil.php(75): CodeIgniter\Debug\Exceptions->errorHandler(8, 'Undefined varia...', 'C:\\xampp\\htdocs...', 75, Array)
#1 C:\xampp\htdocs\ino\system\CodeIgniter.php(832): App\Controllers\Profil->index('admin')
#2 C:\xampp\htdocs\ino\system\CodeIgniter.php(419): CodeIgniter\CodeIgniter->runController(Object(App\Controllers\Profil))
#3 C:\xampp\htdocs\ino\system\CodeIgniter.php(326): CodeIgniter\CodeIgniter->handleRequest(NULL, Object(Config\Cache), false)
#4 C:\xampp\htdocs\ino\public\index.php(37): CodeIgniter\CodeIgniter->run()
#5 C:\xampp\htdocs\ino\system\Commands\Server\rewrite.php(43): require_once('C:\\xampp\\htdocs...')
#6 {main}
CRITICAL - 2022-05-25 14:06:10 --> Undefined variable: 
#0 C:\xampp\htdocs\ino\app\Controllers\Profil.php(75): CodeIgniter\Debug\Exceptions->errorHandler(8, 'Undefined varia...', 'C:\\xampp\\htdocs...', 75, Array)
#1 C:\xampp\htdocs\ino\system\CodeIgniter.php(832): App\Controllers\Profil->index('admin')
#2 C:\xampp\htdocs\ino\system\CodeIgniter.php(419): CodeIgniter\CodeIgniter->runController(Object(App\Controllers\Profil))
#3 C:\xampp\htdocs\ino\system\CodeIgniter.php(326): CodeIgniter\CodeIgniter->handleRequest(NULL, Object(Config\Cache), false)
#4 C:\xampp\htdocs\ino\public\index.php(37): CodeIgniter\CodeIgniter->run()
#5 C:\xampp\htdocs\ino\system\Commands\Server\rewrite.php(43): require_once('C:\\xampp\\htdocs...')
#6 {main}
CRITICAL - 2022-05-25 14:06:40 --> Undefined variable: data_wilayah_domisili
#0 C:\xampp\htdocs\ino\app\Controllers\Profil.php(120): CodeIgniter\Debug\Exceptions->errorHandler(8, 'Undefined varia...', 'C:\\xampp\\htdocs...', 120, Array)
#1 C:\xampp\htdocs\ino\system\CodeIgniter.php(832): App\Controllers\Profil->index('admin')
#2 C:\xampp\htdocs\ino\system\CodeIgniter.php(419): CodeIgniter\CodeIgniter->runController(Object(App\Controllers\Profil))
#3 C:\xampp\htdocs\ino\system\CodeIgniter.php(326): CodeIgniter\CodeIgniter->handleRequest(NULL, Object(Config\Cache), false)
#4 C:\xampp\htdocs\ino\public\index.php(37): CodeIgniter\CodeIgniter->run()
#5 C:\xampp\htdocs\ino\system\Commands\Server\rewrite.php(43): require_once('C:\\xampp\\htdocs...')
#6 {main}
CRITICAL - 2022-05-25 14:08:56 --> Undefined index: kelurahan
#0 C:\xampp\htdocs\ino\app\Controllers\Profil.php(113): CodeIgniter\Debug\Exceptions->errorHandler(8, 'Undefined index...', 'C:\\xampp\\htdocs...', 113, Array)
#1 C:\xampp\htdocs\ino\system\CodeIgniter.php(832): App\Controllers\Profil->index('admin')
#2 C:\xampp\htdocs\ino\system\CodeIgniter.php(419): CodeIgniter\CodeIgniter->runController(Object(App\Controllers\Profil))
#3 C:\xampp\htdocs\ino\system\CodeIgniter.php(326): CodeIgniter\CodeIgniter->handleRequest(NULL, Object(Config\Cache), false)
#4 C:\xampp\htdocs\ino\public\index.php(37): CodeIgniter\CodeIgniter->run()
#5 C:\xampp\htdocs\ino\system\Commands\Server\rewrite.php(43): require_once('C:\\xampp\\htdocs...')
#6 {main}
CRITICAL - 2022-05-25 14:10:29 --> Undefined index: kelurahan
#0 C:\xampp\htdocs\ino\app\Controllers\Profil.php(113): CodeIgniter\Debug\Exceptions->errorHandler(8, 'Undefined index...', 'C:\\xampp\\htdocs...', 113, Array)
#1 C:\xampp\htdocs\ino\system\CodeIgniter.php(832): App\Controllers\Profil->index('admin')
#2 C:\xampp\htdocs\ino\system\CodeIgniter.php(419): CodeIgniter\CodeIgniter->runController(Object(App\Controllers\Profil))
#3 C:\xampp\htdocs\ino\system\CodeIgniter.php(326): CodeIgniter\CodeIgniter->handleRequest(NULL, Object(Config\Cache), false)
#4 C:\xampp\htdocs\ino\public\index.php(37): CodeIgniter\CodeIgniter->run()
#5 C:\xampp\htdocs\ino\system\Commands\Server\rewrite.php(43): require_once('C:\\xampp\\htdocs...')
#6 {main}
CRITICAL - 2022-05-25 14:16:20 --> Undefined index: kelurahan
#0 C:\xampp\htdocs\ino\app\Controllers\Profil.php(112): CodeIgniter\Debug\Exceptions->errorHandler(8, 'Undefined index...', 'C:\\xampp\\htdocs...', 112, Array)
#1 C:\xampp\htdocs\ino\system\CodeIgniter.php(832): App\Controllers\Profil->index('admin')
#2 C:\xampp\htdocs\ino\system\CodeIgniter.php(419): CodeIgniter\CodeIgniter->runController(Object(App\Controllers\Profil))
#3 C:\xampp\htdocs\ino\system\CodeIgniter.php(326): CodeIgniter\CodeIgniter->handleRequest(NULL, Object(Config\Cache), false)
#4 C:\xampp\htdocs\ino\public\index.php(37): CodeIgniter\CodeIgniter->run()
#5 C:\xampp\htdocs\ino\system\Commands\Server\rewrite.php(43): require_once('C:\\xampp\\htdocs...')
#6 {main}
CRITICAL - 2022-05-25 14:17:03 --> Trying to access array offset on value of type null
#0 C:\xampp\htdocs\ino\app\Controllers\Profil.php(67): CodeIgniter\Debug\Exceptions->errorHandler(8, 'Trying to acces...', 'C:\\xampp\\htdocs...', 67, Array)
#1 C:\xampp\htdocs\ino\system\CodeIgniter.php(832): App\Controllers\Profil->index('admin')
#2 C:\xampp\htdocs\ino\system\CodeIgniter.php(419): CodeIgniter\CodeIgniter->runController(Object(App\Controllers\Profil))
#3 C:\xampp\htdocs\ino\system\CodeIgniter.php(326): CodeIgniter\CodeIgniter->handleRequest(NULL, Object(Config\Cache), false)
#4 C:\xampp\htdocs\ino\public\index.php(37): CodeIgniter\CodeIgniter->run()
#5 C:\xampp\htdocs\ino\system\Commands\Server\rewrite.php(43): require_once('C:\\xampp\\htdocs...')
#6 {main}
CRITICAL - 2022-05-25 14:17:04 --> Trying to access array offset on value of type null
#0 C:\xampp\htdocs\ino\app\Controllers\Profil.php(67): CodeIgniter\Debug\Exceptions->errorHandler(8, 'Trying to acces...', 'C:\\xampp\\htdocs...', 67, Array)
#1 C:\xampp\htdocs\ino\system\CodeIgniter.php(832): App\Controllers\Profil->index('admin')
#2 C:\xampp\htdocs\ino\system\CodeIgniter.php(419): CodeIgniter\CodeIgniter->runController(Object(App\Controllers\Profil))
#3 C:\xampp\htdocs\ino\system\CodeIgniter.php(326): CodeIgniter\CodeIgniter->handleRequest(NULL, Object(Config\Cache), false)
#4 C:\xampp\htdocs\ino\public\index.php(37): CodeIgniter\CodeIgniter->run()
#5 C:\xampp\htdocs\ino\system\Commands\Server\rewrite.php(43): require_once('C:\\xampp\\htdocs...')
#6 {main}
CRITICAL - 2022-05-25 14:17:31 --> Trying to access array offset on value of type null
#0 C:\xampp\htdocs\ino\app\Controllers\Profil.php(67): CodeIgniter\Debug\Exceptions->errorHandler(8, 'Trying to acces...', 'C:\\xampp\\htdocs...', 67, Array)
#1 C:\xampp\htdocs\ino\system\CodeIgniter.php(832): App\Controllers\Profil->index('admin')
#2 C:\xampp\htdocs\ino\system\CodeIgniter.php(419): CodeIgniter\CodeIgniter->runController(Object(App\Controllers\Profil))
#3 C:\xampp\htdocs\ino\system\CodeIgniter.php(326): CodeIgniter\CodeIgniter->handleRequest(NULL, Object(Config\Cache), false)
#4 C:\xampp\htdocs\ino\public\index.php(37): CodeIgniter\CodeIgniter->run()
#5 C:\xampp\htdocs\ino\system\Commands\Server\rewrite.php(43): require_once('C:\\xampp\\htdocs...')
#6 {main}
CRITICAL - 2022-05-25 14:18:16 --> Trying to access array offset on value of type null
#0 C:\xampp\htdocs\ino\app\Controllers\Profil.php(67): CodeIgniter\Debug\Exceptions->errorHandler(8, 'Trying to acces...', 'C:\\xampp\\htdocs...', 67, Array)
#1 C:\xampp\htdocs\ino\system\CodeIgniter.php(832): App\Controllers\Profil->index('admin')
#2 C:\xampp\htdocs\ino\system\CodeIgniter.php(419): CodeIgniter\CodeIgniter->runController(Object(App\Controllers\Profil))
#3 C:\xampp\htdocs\ino\system\CodeIgniter.php(326): CodeIgniter\CodeIgniter->handleRequest(NULL, Object(Config\Cache), false)
#4 C:\xampp\htdocs\ino\public\index.php(37): CodeIgniter\CodeIgniter->run()
#5 C:\xampp\htdocs\ino\system\Commands\Server\rewrite.php(43): require_once('C:\\xampp\\htdocs...')
#6 {main}
CRITICAL - 2022-05-25 14:20:03 --> Trying to access array offset on value of type null
#0 C:\xampp\htdocs\ino\app\Controllers\Profil.php(67): CodeIgniter\Debug\Exceptions->errorHandler(8, 'Trying to acces...', 'C:\\xampp\\htdocs...', 67, Array)
#1 C:\xampp\htdocs\ino\system\CodeIgniter.php(832): App\Controllers\Profil->index('admin')
#2 C:\xampp\htdocs\ino\system\CodeIgniter.php(419): CodeIgniter\CodeIgniter->runController(Object(App\Controllers\Profil))
#3 C:\xampp\htdocs\ino\system\CodeIgniter.php(326): CodeIgniter\CodeIgniter->handleRequest(NULL, Object(Config\Cache), false)
#4 C:\xampp\htdocs\ino\public\index.php(37): CodeIgniter\CodeIgniter->run()
#5 C:\xampp\htdocs\ino\system\Commands\Server\rewrite.php(43): require_once('C:\\xampp\\htdocs...')
#6 {main}
CRITICAL - 2022-05-25 14:20:28 --> Trying to access array offset on value of type null
#0 C:\xampp\htdocs\ino\app\Controllers\Profil.php(67): CodeIgniter\Debug\Exceptions->errorHandler(8, 'Trying to acces...', 'C:\\xampp\\htdocs...', 67, Array)
#1 C:\xampp\htdocs\ino\system\CodeIgniter.php(832): App\Controllers\Profil->index('admin')
#2 C:\xampp\htdocs\ino\system\CodeIgniter.php(419): CodeIgniter\CodeIgniter->runController(Object(App\Controllers\Profil))
#3 C:\xampp\htdocs\ino\system\CodeIgniter.php(326): CodeIgniter\CodeIgniter->handleRequest(NULL, Object(Config\Cache), false)
#4 C:\xampp\htdocs\ino\public\index.php(37): CodeIgniter\CodeIgniter->run()
#5 C:\xampp\htdocs\ino\system\Commands\Server\rewrite.php(43): require_once('C:\\xampp\\htdocs...')
#6 {main}
CRITICAL - 2022-05-25 14:21:33 --> Trying to access array offset on value of type null
#0 C:\xampp\htdocs\ino\app\Controllers\Profil.php(67): CodeIgniter\Debug\Exceptions->errorHandler(8, 'Trying to acces...', 'C:\\xampp\\htdocs...', 67, Array)
#1 C:\xampp\htdocs\ino\system\CodeIgniter.php(832): App\Controllers\Profil->index('admin')
#2 C:\xampp\htdocs\ino\system\CodeIgniter.php(419): CodeIgniter\CodeIgniter->runController(Object(App\Controllers\Profil))
#3 C:\xampp\htdocs\ino\system\CodeIgniter.php(326): CodeIgniter\CodeIgniter->handleRequest(NULL, Object(Config\Cache), false)
#4 C:\xampp\htdocs\ino\public\index.php(37): CodeIgniter\CodeIgniter->run()
#5 C:\xampp\htdocs\ino\system\Commands\Server\rewrite.php(43): require_once('C:\\xampp\\htdocs...')
#6 {main}
CRITICAL - 2022-05-25 14:21:34 --> Trying to access array offset on value of type null
#0 C:\xampp\htdocs\ino\app\Controllers\Profil.php(67): CodeIgniter\Debug\Exceptions->errorHandler(8, 'Trying to acces...', 'C:\\xampp\\htdocs...', 67, Array)
#1 C:\xampp\htdocs\ino\system\CodeIgniter.php(832): App\Controllers\Profil->index('admin')
#2 C:\xampp\htdocs\ino\system\CodeIgniter.php(419): CodeIgniter\CodeIgniter->runController(Object(App\Controllers\Profil))
#3 C:\xampp\htdocs\ino\system\CodeIgniter.php(326): CodeIgniter\CodeIgniter->handleRequest(NULL, Object(Config\Cache), false)
#4 C:\xampp\htdocs\ino\public\index.php(37): CodeIgniter\CodeIgniter->run()
#5 C:\xampp\htdocs\ino\system\Commands\Server\rewrite.php(43): require_once('C:\\xampp\\htdocs...')
#6 {main}
CRITICAL - 2022-05-25 14:21:35 --> Trying to access array offset on value of type null
#0 C:\xampp\htdocs\ino\app\Controllers\Profil.php(67): CodeIgniter\Debug\Exceptions->errorHandler(8, 'Trying to acces...', 'C:\\xampp\\htdocs...', 67, Array)
#1 C:\xampp\htdocs\ino\system\CodeIgniter.php(832): App\Controllers\Profil->index('admin')
#2 C:\xampp\htdocs\ino\system\CodeIgniter.php(419): CodeIgniter\CodeIgniter->runController(Object(App\Controllers\Profil))
#3 C:\xampp\htdocs\ino\system\CodeIgniter.php(326): CodeIgniter\CodeIgniter->handleRequest(NULL, Object(Config\Cache), false)
#4 C:\xampp\htdocs\ino\public\index.php(37): CodeIgniter\CodeIgniter->run()
#5 C:\xampp\htdocs\ino\system\Commands\Server\rewrite.php(43): require_once('C:\\xampp\\htdocs...')
#6 {main}
CRITICAL - 2022-05-25 14:21:35 --> Trying to access array offset on value of type null
#0 C:\xampp\htdocs\ino\app\Controllers\Profil.php(67): CodeIgniter\Debug\Exceptions->errorHandler(8, 'Trying to acces...', 'C:\\xampp\\htdocs...', 67, Array)
#1 C:\xampp\htdocs\ino\system\CodeIgniter.php(832): App\Controllers\Profil->index('admin')
#2 C:\xampp\htdocs\ino\system\CodeIgniter.php(419): CodeIgniter\CodeIgniter->runController(Object(App\Controllers\Profil))
#3 C:\xampp\htdocs\ino\system\CodeIgniter.php(326): CodeIgniter\CodeIgniter->handleRequest(NULL, Object(Config\Cache), false)
#4 C:\xampp\htdocs\ino\public\index.php(37): CodeIgniter\CodeIgniter->run()
#5 C:\xampp\htdocs\ino\system\Commands\Server\rewrite.php(43): require_once('C:\\xampp\\htdocs...')
#6 {main}
CRITICAL - 2022-05-25 14:21:35 --> Trying to access array offset on value of type null
#0 C:\xampp\htdocs\ino\app\Controllers\Profil.php(67): CodeIgniter\Debug\Exceptions->errorHandler(8, 'Trying to acces...', 'C:\\xampp\\htdocs...', 67, Array)
#1 C:\xampp\htdocs\ino\system\CodeIgniter.php(832): App\Controllers\Profil->index('admin')
#2 C:\xampp\htdocs\ino\system\CodeIgniter.php(419): CodeIgniter\CodeIgniter->runController(Object(App\Controllers\Profil))
#3 C:\xampp\htdocs\ino\system\CodeIgniter.php(326): CodeIgniter\CodeIgniter->handleRequest(NULL, Object(Config\Cache), false)
#4 C:\xampp\htdocs\ino\public\index.php(37): CodeIgniter\CodeIgniter->run()
#5 C:\xampp\htdocs\ino\system\Commands\Server\rewrite.php(43): require_once('C:\\xampp\\htdocs...')
#6 {main}
CRITICAL - 2022-05-25 14:21:35 --> Trying to access array offset on value of type null
#0 C:\xampp\htdocs\ino\app\Controllers\Profil.php(67): CodeIgniter\Debug\Exceptions->errorHandler(8, 'Trying to acces...', 'C:\\xampp\\htdocs...', 67, Array)
#1 C:\xampp\htdocs\ino\system\CodeIgniter.php(832): App\Controllers\Profil->index('admin')
#2 C:\xampp\htdocs\ino\system\CodeIgniter.php(419): CodeIgniter\CodeIgniter->runController(Object(App\Controllers\Profil))
#3 C:\xampp\htdocs\ino\system\CodeIgniter.php(326): CodeIgniter\CodeIgniter->handleRequest(NULL, Object(Config\Cache), false)
#4 C:\xampp\htdocs\ino\public\index.php(37): CodeIgniter\CodeIgniter->run()
#5 C:\xampp\htdocs\ino\system\Commands\Server\rewrite.php(43): require_once('C:\\xampp\\htdocs...')
#6 {main}
CRITICAL - 2022-05-25 14:21:36 --> Trying to access array offset on value of type null
#0 C:\xampp\htdocs\ino\app\Controllers\Profil.php(67): CodeIgniter\Debug\Exceptions->errorHandler(8, 'Trying to acces...', 'C:\\xampp\\htdocs...', 67, Array)
#1 C:\xampp\htdocs\ino\system\CodeIgniter.php(832): App\Controllers\Profil->index('admin')
#2 C:\xampp\htdocs\ino\system\CodeIgniter.php(419): CodeIgniter\CodeIgniter->runController(Object(App\Controllers\Profil))
#3 C:\xampp\htdocs\ino\system\CodeIgniter.php(326): CodeIgniter\CodeIgniter->handleRequest(NULL, Object(Config\Cache), false)
#4 C:\xampp\htdocs\ino\public\index.php(37): CodeIgniter\CodeIgniter->run()
#5 C:\xampp\htdocs\ino\system\Commands\Server\rewrite.php(43): require_once('C:\\xampp\\htdocs...')
#6 {main}
CRITICAL - 2022-05-25 14:21:36 --> Trying to access array offset on value of type null
#0 C:\xampp\htdocs\ino\app\Controllers\Profil.php(67): CodeIgniter\Debug\Exceptions->errorHandler(8, 'Trying to acces...', 'C:\\xampp\\htdocs...', 67, Array)
#1 C:\xampp\htdocs\ino\system\CodeIgniter.php(832): App\Controllers\Profil->index('admin')
#2 C:\xampp\htdocs\ino\system\CodeIgniter.php(419): CodeIgniter\CodeIgniter->runController(Object(App\Controllers\Profil))
#3 C:\xampp\htdocs\ino\system\CodeIgniter.php(326): CodeIgniter\CodeIgniter->handleRequest(NULL, Object(Config\Cache), false)
#4 C:\xampp\htdocs\ino\public\index.php(37): CodeIgniter\CodeIgniter->run()
#5 C:\xampp\htdocs\ino\system\Commands\Server\rewrite.php(43): require_once('C:\\xampp\\htdocs...')
#6 {main}
CRITICAL - 2022-05-25 14:21:36 --> Trying to access array offset on value of type null
#0 C:\xampp\htdocs\ino\app\Controllers\Profil.php(67): CodeIgniter\Debug\Exceptions->errorHandler(8, 'Trying to acces...', 'C:\\xampp\\htdocs...', 67, Array)
#1 C:\xampp\htdocs\ino\system\CodeIgniter.php(832): App\Controllers\Profil->index('admin')
#2 C:\xampp\htdocs\ino\system\CodeIgniter.php(419): CodeIgniter\CodeIgniter->runController(Object(App\Controllers\Profil))
#3 C:\xampp\htdocs\ino\system\CodeIgniter.php(326): CodeIgniter\CodeIgniter->handleRequest(NULL, Object(Config\Cache), false)
#4 C:\xampp\htdocs\ino\public\index.php(37): CodeIgniter\CodeIgniter->run()
#5 C:\xampp\htdocs\ino\system\Commands\Server\rewrite.php(43): require_once('C:\\xampp\\htdocs...')
#6 {main}
CRITICAL - 2022-05-25 14:21:36 --> Trying to access array offset on value of type null
#0 C:\xampp\htdocs\ino\app\Controllers\Profil.php(67): CodeIgniter\Debug\Exceptions->errorHandler(8, 'Trying to acces...', 'C:\\xampp\\htdocs...', 67, Array)
#1 C:\xampp\htdocs\ino\system\CodeIgniter.php(832): App\Controllers\Profil->index('admin')
#2 C:\xampp\htdocs\ino\system\CodeIgniter.php(419): CodeIgniter\CodeIgniter->runController(Object(App\Controllers\Profil))
#3 C:\xampp\htdocs\ino\system\CodeIgniter.php(326): CodeIgniter\CodeIgniter->handleRequest(NULL, Object(Config\Cache), false)
#4 C:\xampp\htdocs\ino\public\index.php(37): CodeIgniter\CodeIgniter->run()
#5 C:\xampp\htdocs\ino\system\Commands\Server\rewrite.php(43): require_once('C:\\xampp\\htdocs...')
#6 {main}
CRITICAL - 2022-05-25 14:21:36 --> Trying to access array offset on value of type null
#0 C:\xampp\htdocs\ino\app\Controllers\Profil.php(67): CodeIgniter\Debug\Exceptions->errorHandler(8, 'Trying to acces...', 'C:\\xampp\\htdocs...', 67, Array)
#1 C:\xampp\htdocs\ino\system\CodeIgniter.php(832): App\Controllers\Profil->index('admin')
#2 C:\xampp\htdocs\ino\system\CodeIgniter.php(419): CodeIgniter\CodeIgniter->runController(Object(App\Controllers\Profil))
#3 C:\xampp\htdocs\ino\system\CodeIgniter.php(326): CodeIgniter\CodeIgniter->handleRequest(NULL, Object(Config\Cache), false)
#4 C:\xampp\htdocs\ino\public\index.php(37): CodeIgniter\CodeIgniter->run()
#5 C:\xampp\htdocs\ino\system\Commands\Server\rewrite.php(43): require_once('C:\\xampp\\htdocs...')
#6 {main}
CRITICAL - 2022-05-25 14:22:08 --> Trying to access array offset on value of type null
#0 C:\xampp\htdocs\ino\app\Controllers\Profil.php(67): CodeIgniter\Debug\Exceptions->errorHandler(8, 'Trying to acces...', 'C:\\xampp\\htdocs...', 67, Array)
#1 C:\xampp\htdocs\ino\system\CodeIgniter.php(832): App\Controllers\Profil->index('admin')
#2 C:\xampp\htdocs\ino\system\CodeIgniter.php(419): CodeIgniter\CodeIgniter->runController(Object(App\Controllers\Profil))
#3 C:\xampp\htdocs\ino\system\CodeIgniter.php(326): CodeIgniter\CodeIgniter->handleRequest(NULL, Object(Config\Cache), false)
#4 C:\xampp\htdocs\ino\public\index.php(37): CodeIgniter\CodeIgniter->run()
#5 C:\xampp\htdocs\ino\system\Commands\Server\rewrite.php(43): require_once('C:\\xampp\\htdocs...')
#6 {main}
CRITICAL - 2022-05-25 14:23:23 --> Undefined index: kelurahan
#0 C:\xampp\htdocs\ino\app\Controllers\Profil.php(116): CodeIgniter\Debug\Exceptions->errorHandler(8, 'Undefined index...', 'C:\\xampp\\htdocs...', 116, Array)
#1 C:\xampp\htdocs\ino\system\CodeIgniter.php(832): App\Controllers\Profil->index('admin')
#2 C:\xampp\htdocs\ino\system\CodeIgniter.php(419): CodeIgniter\CodeIgniter->runController(Object(App\Controllers\Profil))
#3 C:\xampp\htdocs\ino\system\CodeIgniter.php(326): CodeIgniter\CodeIgniter->handleRequest(NULL, Object(Config\Cache), false)
#4 C:\xampp\htdocs\ino\public\index.php(37): CodeIgniter\CodeIgniter->run()
#5 C:\xampp\htdocs\ino\system\Commands\Server\rewrite.php(43): require_once('C:\\xampp\\htdocs...')
#6 {main}
CRITICAL - 2022-05-25 14:25:11 --> Trying to access array offset on value of type null
#0 C:\xampp\htdocs\ino\app\Controllers\Profil.php(67): CodeIgniter\Debug\Exceptions->errorHandler(8, 'Trying to acces...', 'C:\\xampp\\htdocs...', 67, Array)
#1 C:\xampp\htdocs\ino\system\CodeIgniter.php(832): App\Controllers\Profil->index('admin')
#2 C:\xampp\htdocs\ino\system\CodeIgniter.php(419): CodeIgniter\CodeIgniter->runController(Object(App\Controllers\Profil))
#3 C:\xampp\htdocs\ino\system\CodeIgniter.php(326): CodeIgniter\CodeIgniter->handleRequest(NULL, Object(Config\Cache), false)
#4 C:\xampp\htdocs\ino\public\index.php(37): CodeIgniter\CodeIgniter->run()
#5 C:\xampp\htdocs\ino\system\Commands\Server\rewrite.php(43): require_once('C:\\xampp\\htdocs...')
#6 {main}
CRITICAL - 2022-05-25 14:26:07 --> Undefined variable: alamat
#0 C:\xampp\htdocs\ino\app\Views\profil\viewdata.php(92): CodeIgniter\Debug\Exceptions->errorHandler(8, 'Undefined varia...', 'C:\\xampp\\htdocs...', 92, Array)
#1 C:\xampp\htdocs\ino\system\View\View.php(210): include('C:\\xampp\\htdocs...')
#2 C:\xampp\htdocs\ino\system\View\View.php(213): CodeIgniter\View\View->CodeIgniter\View\{closure}()
#3 C:\xampp\htdocs\ino\system\Common.php(1089): CodeIgniter\View\View->render('profil/viewdata', Array, true)
#4 C:\xampp\htdocs\ino\app\Controllers\Profil.php(154): view('profil/viewdata', Array)
#5 C:\xampp\htdocs\ino\system\CodeIgniter.php(832): App\Controllers\Profil->index('admin')
#6 C:\xampp\htdocs\ino\system\CodeIgniter.php(419): CodeIgniter\CodeIgniter->runController(Object(App\Controllers\Profil))
#7 C:\xampp\htdocs\ino\system\CodeIgniter.php(326): CodeIgniter\CodeIgniter->handleRequest(NULL, Object(Config\Cache), false)
#8 C:\xampp\htdocs\ino\public\index.php(37): CodeIgniter\CodeIgniter->run()
#9 C:\xampp\htdocs\ino\system\Commands\Server\rewrite.php(43): require_once('C:\\xampp\\htdocs...')
#10 {main}
CRITICAL - 2022-05-25 14:28:11 --> Trying to access array offset on value of type null
#0 C:\xampp\htdocs\ino\app\Controllers\Profil.php(68): CodeIgniter\Debug\Exceptions->errorHandler(8, 'Trying to acces...', 'C:\\xampp\\htdocs...', 68, Array)
#1 C:\xampp\htdocs\ino\system\CodeIgniter.php(832): App\Controllers\Profil->index('admin')
#2 C:\xampp\htdocs\ino\system\CodeIgniter.php(419): CodeIgniter\CodeIgniter->runController(Object(App\Controllers\Profil))
#3 C:\xampp\htdocs\ino\system\CodeIgniter.php(326): CodeIgniter\CodeIgniter->handleRequest(NULL, Object(Config\Cache), false)
#4 C:\xampp\htdocs\ino\public\index.php(37): CodeIgniter\CodeIgniter->run()
#5 C:\xampp\htdocs\ino\system\Commands\Server\rewrite.php(43): require_once('C:\\xampp\\htdocs...')
#6 {main}
