CRITICAL - 2022-08-01 08:00:12 --> Trying to access array offset on value of type null
#0 C:\xampp\htdocs\ino\app\Controllers\Pembelian.php(404): CodeIgniter\Debug\Exceptions->errorHandler(8, 'Trying to acces...', 'C:\\xampp\\htdocs...', 404, Array)
#1 C:\xampp\htdocs\ino\system\CodeIgniter.php(832): App\Controllers\Pembelian->edit('url')
#2 C:\xampp\htdocs\ino\system\CodeIgniter.php(419): CodeIgniter\CodeIgniter->runController(Object(App\Controllers\Pembelian))
#3 C:\xampp\htdocs\ino\system\CodeIgniter.php(326): CodeIgniter\CodeIgniter->handleRequest(NULL, Object(Config\Cache), false)
#4 C:\xampp\htdocs\ino\public\index.php(37): CodeIgniter\CodeIgniter->run()
#5 {main}
CRITICAL - 2022-08-01 08:01:34 --> Trying to access array offset on value of type null
#0 C:\xampp\htdocs\ino\app\Controllers\Pembelian.php(404): CodeIgniter\Debug\Exceptions->errorHandler(8, 'Trying to acces...', 'C:\\xampp\\htdocs...', 404, Array)
#1 C:\xampp\htdocs\ino\system\CodeIgniter.php(832): App\Controllers\Pembelian->edit('url')
#2 C:\xampp\htdocs\ino\system\CodeIgniter.php(419): CodeIgniter\CodeIgniter->runController(Object(App\Controllers\Pembelian))
#3 C:\xampp\htdocs\ino\system\CodeIgniter.php(326): CodeIgniter\CodeIgniter->handleRequest(NULL, Object(Config\Cache), false)
#4 C:\xampp\htdocs\ino\public\index.php(37): CodeIgniter\CodeIgniter->run()
#5 {main}
CRITICAL - 2022-08-01 08:01:45 --> Trying to access array offset on value of type null
#0 C:\xampp\htdocs\ino\app\Controllers\Pembelian.php(404): CodeIgniter\Debug\Exceptions->errorHandler(8, 'Trying to acces...', 'C:\\xampp\\htdocs...', 404, Array)
#1 C:\xampp\htdocs\ino\system\CodeIgniter.php(832): App\Controllers\Pembelian->edit('url')
#2 C:\xampp\htdocs\ino\system\CodeIgniter.php(419): CodeIgniter\CodeIgniter->runController(Object(App\Controllers\Pembelian))
#3 C:\xampp\htdocs\ino\system\CodeIgniter.php(326): CodeIgniter\CodeIgniter->handleRequest(NULL, Object(Config\Cache), false)
#4 C:\xampp\htdocs\ino\public\index.php(37): CodeIgniter\CodeIgniter->run()
#5 {main}
CRITICAL - 2022-08-01 08:02:15 --> Trying to access array offset on value of type null
#0 C:\xampp\htdocs\ino\app\Controllers\Pembelian.php(404): CodeIgniter\Debug\Exceptions->errorHandler(8, 'Trying to acces...', 'C:\\xampp\\htdocs...', 404, Array)
#1 C:\xampp\htdocs\ino\system\CodeIgniter.php(832): App\Controllers\Pembelian->edit('url')
#2 C:\xampp\htdocs\ino\system\CodeIgniter.php(419): CodeIgniter\CodeIgniter->runController(Object(App\Controllers\Pembelian))
#3 C:\xampp\htdocs\ino\system\CodeIgniter.php(326): CodeIgniter\CodeIgniter->handleRequest(NULL, Object(Config\Cache), false)
#4 C:\xampp\htdocs\ino\public\index.php(37): CodeIgniter\CodeIgniter->run()
#5 {main}
CRITICAL - 2022-08-01 08:02:26 --> Trying to access array offset on value of type null
#0 C:\xampp\htdocs\ino\app\Controllers\Pembelian.php(404): CodeIgniter\Debug\Exceptions->errorHandler(8, 'Trying to acces...', 'C:\\xampp\\htdocs...', 404, Array)
#1 C:\xampp\htdocs\ino\system\CodeIgniter.php(832): App\Controllers\Pembelian->edit('url')
#2 C:\xampp\htdocs\ino\system\CodeIgniter.php(419): CodeIgniter\CodeIgniter->runController(Object(App\Controllers\Pembelian))
#3 C:\xampp\htdocs\ino\system\CodeIgniter.php(326): CodeIgniter\CodeIgniter->handleRequest(NULL, Object(Config\Cache), false)
#4 C:\xampp\htdocs\ino\public\index.php(37): CodeIgniter\CodeIgniter->run()
#5 {main}
CRITICAL - 2022-08-01 08:21:53 --> Trying to access array offset on value of type null
#0 C:\xampp\htdocs\ino\app\Controllers\Pembelian.php(404): CodeIgniter\Debug\Exceptions->errorHandler(8, 'Trying to acces...', 'C:\\xampp\\htdocs...', 404, Array)
#1 C:\xampp\htdocs\ino\system\CodeIgniter.php(832): App\Controllers\Pembelian->edit('url')
#2 C:\xampp\htdocs\ino\system\CodeIgniter.php(419): CodeIgniter\CodeIgniter->runController(Object(App\Controllers\Pembelian))
#3 C:\xampp\htdocs\ino\system\CodeIgniter.php(326): CodeIgniter\CodeIgniter->handleRequest(NULL, Object(Config\Cache), false)
#4 C:\xampp\htdocs\ino\public\index.php(37): CodeIgniter\CodeIgniter->run()
#5 {main}
CRITICAL - 2022-08-01 08:22:09 --> Trying to access array offset on value of type null
#0 C:\xampp\htdocs\ino\app\Controllers\Pembelian.php(404): CodeIgniter\Debug\Exceptions->errorHandler(8, 'Trying to acces...', 'C:\\xampp\\htdocs...', 404, Array)
#1 C:\xampp\htdocs\ino\system\CodeIgniter.php(832): App\Controllers\Pembelian->edit('url')
#2 C:\xampp\htdocs\ino\system\CodeIgniter.php(419): CodeIgniter\CodeIgniter->runController(Object(App\Controllers\Pembelian))
#3 C:\xampp\htdocs\ino\system\CodeIgniter.php(326): CodeIgniter\CodeIgniter->handleRequest(NULL, Object(Config\Cache), false)
#4 C:\xampp\htdocs\ino\public\index.php(37): CodeIgniter\CodeIgniter->run()
#5 {main}
CRITICAL - 2022-08-01 08:22:52 --> Trying to access array offset on value of type null
#0 C:\xampp\htdocs\ino\app\Controllers\Pembelian.php(404): CodeIgniter\Debug\Exceptions->errorHandler(8, 'Trying to acces...', 'C:\\xampp\\htdocs...', 404, Array)
#1 C:\xampp\htdocs\ino\system\CodeIgniter.php(832): App\Controllers\Pembelian->edit('url')
#2 C:\xampp\htdocs\ino\system\CodeIgniter.php(419): CodeIgniter\CodeIgniter->runController(Object(App\Controllers\Pembelian))
#3 C:\xampp\htdocs\ino\system\CodeIgniter.php(326): CodeIgniter\CodeIgniter->handleRequest(NULL, Object(Config\Cache), false)
#4 C:\xampp\htdocs\ino\public\index.php(37): CodeIgniter\CodeIgniter->run()
#5 {main}
CRITICAL - 2022-08-01 08:23:07 --> Trying to access array offset on value of type null
#0 C:\xampp\htdocs\ino\app\Controllers\Pembelian.php(404): CodeIgniter\Debug\Exceptions->errorHandler(8, 'Trying to acces...', 'C:\\xampp\\htdocs...', 404, Array)
#1 C:\xampp\htdocs\ino\system\CodeIgniter.php(832): App\Controllers\Pembelian->edit('url')
#2 C:\xampp\htdocs\ino\system\CodeIgniter.php(419): CodeIgniter\CodeIgniter->runController(Object(App\Controllers\Pembelian))
#3 C:\xampp\htdocs\ino\system\CodeIgniter.php(326): CodeIgniter\CodeIgniter->handleRequest(NULL, Object(Config\Cache), false)
#4 C:\xampp\htdocs\ino\public\index.php(37): CodeIgniter\CodeIgniter->run()
#5 {main}
CRITICAL - 2022-08-01 09:02:23 --> Trying to access array offset on value of type null
#0 C:\xampp\htdocs\ino\app\Controllers\Pembelian.php(404): CodeIgniter\Debug\Exceptions->errorHandler(8, 'Trying to acces...', 'C:\\xampp\\htdocs...', 404, Array)
#1 C:\xampp\htdocs\ino\system\CodeIgniter.php(832): App\Controllers\Pembelian->edit('url')
#2 C:\xampp\htdocs\ino\system\CodeIgniter.php(419): CodeIgniter\CodeIgniter->runController(Object(App\Controllers\Pembelian))
#3 C:\xampp\htdocs\ino\system\CodeIgniter.php(326): CodeIgniter\CodeIgniter->handleRequest(NULL, Object(Config\Cache), false)
#4 C:\xampp\htdocs\ino\public\index.php(37): CodeIgniter\CodeIgniter->run()
#5 {main}
CRITICAL - 2022-08-01 09:02:48 --> Trying to access array offset on value of type null
#0 C:\xampp\htdocs\ino\app\Controllers\Pembelian.php(404): CodeIgniter\Debug\Exceptions->errorHandler(8, 'Trying to acces...', 'C:\\xampp\\htdocs...', 404, Array)
#1 C:\xampp\htdocs\ino\system\CodeIgniter.php(832): App\Controllers\Pembelian->edit('url')
#2 C:\xampp\htdocs\ino\system\CodeIgniter.php(419): CodeIgniter\CodeIgniter->runController(Object(App\Controllers\Pembelian))
#3 C:\xampp\htdocs\ino\system\CodeIgniter.php(326): CodeIgniter\CodeIgniter->handleRequest(NULL, Object(Config\Cache), false)
#4 C:\xampp\htdocs\ino\public\index.php(37): CodeIgniter\CodeIgniter->run()
#5 {main}
CRITICAL - 2022-08-01 10:27:42 --> Trying to access array offset on value of type null
#0 C:\xampp\htdocs\ino\app\Controllers\Pembelian.php(404): CodeIgniter\Debug\Exceptions->errorHandler(8, 'Trying to acces...', 'C:\\xampp\\htdocs...', 404, Array)
#1 C:\xampp\htdocs\ino\system\CodeIgniter.php(832): App\Controllers\Pembelian->edit('url')
#2 C:\xampp\htdocs\ino\system\CodeIgniter.php(419): CodeIgniter\CodeIgniter->runController(Object(App\Controllers\Pembelian))
#3 C:\xampp\htdocs\ino\system\CodeIgniter.php(326): CodeIgniter\CodeIgniter->handleRequest(NULL, Object(Config\Cache), false)
#4 C:\xampp\htdocs\ino\public\index.php(37): CodeIgniter\CodeIgniter->run()
#5 {main}
CRITICAL - 2022-08-01 10:28:12 --> Trying to access array offset on value of type null
#0 C:\xampp\htdocs\ino\app\Controllers\Pembelian.php(404): CodeIgniter\Debug\Exceptions->errorHandler(8, 'Trying to acces...', 'C:\\xampp\\htdocs...', 404, Array)
#1 C:\xampp\htdocs\ino\system\CodeIgniter.php(832): App\Controllers\Pembelian->edit('url')
#2 C:\xampp\htdocs\ino\system\CodeIgniter.php(419): CodeIgniter\CodeIgniter->runController(Object(App\Controllers\Pembelian))
#3 C:\xampp\htdocs\ino\system\CodeIgniter.php(326): CodeIgniter\CodeIgniter->handleRequest(NULL, Object(Config\Cache), false)
#4 C:\xampp\htdocs\ino\public\index.php(37): CodeIgniter\CodeIgniter->run()
#5 {main}
CRITICAL - 2022-08-01 10:31:22 --> Trying to access array offset on value of type null
#0 C:\xampp\htdocs\ino\app\Controllers\Pembelian.php(404): CodeIgniter\Debug\Exceptions->errorHandler(8, 'Trying to acces...', 'C:\\xampp\\htdocs...', 404, Array)
#1 C:\xampp\htdocs\ino\system\CodeIgniter.php(832): App\Controllers\Pembelian->edit('url')
#2 C:\xampp\htdocs\ino\system\CodeIgniter.php(419): CodeIgniter\CodeIgniter->runController(Object(App\Controllers\Pembelian))
#3 C:\xampp\htdocs\ino\system\CodeIgniter.php(326): CodeIgniter\CodeIgniter->handleRequest(NULL, Object(Config\Cache), false)
#4 C:\xampp\htdocs\ino\public\index.php(37): CodeIgniter\CodeIgniter->run()
#5 {main}
CRITICAL - 2022-08-01 10:35:24 --> Trying to access array offset on value of type null
#0 C:\xampp\htdocs\ino\app\Controllers\Pembelian.php(404): CodeIgniter\Debug\Exceptions->errorHandler(8, 'Trying to acces...', 'C:\\xampp\\htdocs...', 404, Array)
#1 C:\xampp\htdocs\ino\system\CodeIgniter.php(832): App\Controllers\Pembelian->edit('url')
#2 C:\xampp\htdocs\ino\system\CodeIgniter.php(419): CodeIgniter\CodeIgniter->runController(Object(App\Controllers\Pembelian))
#3 C:\xampp\htdocs\ino\system\CodeIgniter.php(326): CodeIgniter\CodeIgniter->handleRequest(NULL, Object(Config\Cache), false)
#4 C:\xampp\htdocs\ino\public\index.php(37): CodeIgniter\CodeIgniter->run()
#5 {main}
