ERROR - 2022-07-27 11:39:33 --> Unknown column 'subnama' in 'where clause'
CRITICAL - 2022-07-27 11:39:33 --> Unknown column 'subnama' in 'where clause'
#0 C:\xampp\htdocs\ino\system\Database\MySQLi\Connection.php(292): mysqli->query('SELECT *\nFROM `...', 0)
#1 C:\xampp\htdocs\ino\system\Database\BaseConnection.php(670): CodeIgniter\Database\MySQLi\Connection->execute('SELECT *\nFROM `...')
#2 C:\xampp\htdocs\ino\system\Database\BaseConnection.php(598): CodeIgniter\Database\BaseConnection->simpleQuery('SELECT *\nFROM `...')
#3 C:\xampp\htdocs\ino\system\Database\BaseBuilder.php(1455): CodeIgniter\Database\BaseConnection->query('SELECT *\nFROM `...', Array, false)
#4 C:\xampp\htdocs\ino\app\Models\ModelPembelianPagination.php(58): CodeIgniter\Database\BaseBuilder->get()
#5 C:\xampp\htdocs\ino\app\Controllers\Pembelian.php(44): App\Models\ModelPembelianPagination->get_datatables('', '')
#6 C:\xampp\htdocs\ino\system\CodeIgniter.php(832): App\Controllers\Pembelian->listData()
#7 C:\xampp\htdocs\ino\system\CodeIgniter.php(419): CodeIgniter\CodeIgniter->runController(Object(App\Controllers\Pembelian))
#8 C:\xampp\htdocs\ino\system\CodeIgniter.php(326): CodeIgniter\CodeIgniter->handleRequest(NULL, Object(Config\Cache), false)
#9 C:\xampp\htdocs\ino\public\index.php(37): CodeIgniter\CodeIgniter->run()
#10 {main}
ERROR - 2022-07-27 11:39:42 --> Unknown column 'subnama' in 'where clause'
CRITICAL - 2022-07-27 11:39:42 --> Unknown column 'subnama' in 'where clause'
#0 C:\xampp\htdocs\ino\system\Database\MySQLi\Connection.php(292): mysqli->query('SELECT *\nFROM `...', 0)
#1 C:\xampp\htdocs\ino\system\Database\BaseConnection.php(670): CodeIgniter\Database\MySQLi\Connection->execute('SELECT *\nFROM `...')
#2 C:\xampp\htdocs\ino\system\Database\BaseConnection.php(598): CodeIgniter\Database\BaseConnection->simpleQuery('SELECT *\nFROM `...')
#3 C:\xampp\htdocs\ino\system\Database\BaseBuilder.php(1455): CodeIgniter\Database\BaseConnection->query('SELECT *\nFROM `...', Array, false)
#4 C:\xampp\htdocs\ino\app\Models\ModelPembelianPagination.php(58): CodeIgniter\Database\BaseBuilder->get()
#5 C:\xampp\htdocs\ino\app\Controllers\Pembelian.php(44): App\Models\ModelPembelianPagination->get_datatables('', '')
#6 C:\xampp\htdocs\ino\system\CodeIgniter.php(832): App\Controllers\Pembelian->listData()
#7 C:\xampp\htdocs\ino\system\CodeIgniter.php(419): CodeIgniter\CodeIgniter->runController(Object(App\Controllers\Pembelian))
#8 C:\xampp\htdocs\ino\system\CodeIgniter.php(326): CodeIgniter\CodeIgniter->handleRequest(NULL, Object(Config\Cache), false)
#9 C:\xampp\htdocs\ino\public\index.php(37): CodeIgniter\CodeIgniter->run()
#10 {main}
ERROR - 2022-07-27 11:39:50 --> Unknown column 'subnama' in 'where clause'
CRITICAL - 2022-07-27 11:39:50 --> Unknown column 'subnama' in 'where clause'
#0 C:\xampp\htdocs\ino\system\Database\MySQLi\Connection.php(292): mysqli->query('SELECT *\nFROM `...', 0)
#1 C:\xampp\htdocs\ino\system\Database\BaseConnection.php(670): CodeIgniter\Database\MySQLi\Connection->execute('SELECT *\nFROM `...')
#2 C:\xampp\htdocs\ino\system\Database\BaseConnection.php(598): CodeIgniter\Database\BaseConnection->simpleQuery('SELECT *\nFROM `...')
#3 C:\xampp\htdocs\ino\system\Database\BaseBuilder.php(1455): CodeIgniter\Database\BaseConnection->query('SELECT *\nFROM `...', Array, false)
#4 C:\xampp\htdocs\ino\app\Models\ModelPembelianPagination.php(58): CodeIgniter\Database\BaseBuilder->get()
#5 C:\xampp\htdocs\ino\app\Controllers\Pembelian.php(44): App\Models\ModelPembelianPagination->get_datatables('', '')
#6 C:\xampp\htdocs\ino\system\CodeIgniter.php(832): App\Controllers\Pembelian->listData()
#7 C:\xampp\htdocs\ino\system\CodeIgniter.php(419): CodeIgniter\CodeIgniter->runController(Object(App\Controllers\Pembelian))
#8 C:\xampp\htdocs\ino\system\CodeIgniter.php(326): CodeIgniter\CodeIgniter->handleRequest(NULL, Object(Config\Cache), false)
#9 C:\xampp\htdocs\ino\public\index.php(37): CodeIgniter\CodeIgniter->run()
#10 {main}
