CRITICAL - 2023-01-05 08:28:55 --> Undefined array key "brgnama"
#0 C:\xampp\htdocs\ino\app\Controllers\Pengingat.php(157): CodeIgniter\Debug\Exceptions->errorHandler(2, 'Undefined array...', 'C:\\xampp\\htdocs...', 157)
#1 C:\xampp\htdocs\ino\system\CodeIgniter.php(832): App\Controllers\Pengingat->ambilDataBarang()
#2 C:\xampp\htdocs\ino\system\CodeIgniter.php(419): CodeIgniter\CodeIgniter->runController(Object(App\Controllers\Pengingat))
#3 C:\xampp\htdocs\ino\system\CodeIgniter.php(326): CodeIgniter\CodeIgniter->handleRequest(NULL, Object(Config\Cache), false)
#4 C:\xampp\htdocs\ino\public\index.php(37): CodeIgniter\CodeIgniter->run()
#5 {main}
CRITICAL - 2023-01-05 08:29:16 --> Undefined array key "brgnama"
#0 C:\xampp\htdocs\ino\app\Controllers\Pengingat.php(157): CodeIgniter\Debug\Exceptions->errorHandler(2, 'Undefined array...', 'C:\\xampp\\htdocs...', 157)
#1 C:\xampp\htdocs\ino\system\CodeIgniter.php(832): App\Controllers\Pengingat->ambilDataBarang()
#2 C:\xampp\htdocs\ino\system\CodeIgniter.php(419): CodeIgniter\CodeIgniter->runController(Object(App\Controllers\Pengingat))
#3 C:\xampp\htdocs\ino\system\CodeIgniter.php(326): CodeIgniter\CodeIgniter->handleRequest(NULL, Object(Config\Cache), false)
#4 C:\xampp\htdocs\ino\public\index.php(37): CodeIgniter\CodeIgniter->run()
#5 {main}
CRITICAL - 2023-01-05 09:06:11 --> Undefined array key "ingatid"
#0 C:\xampp\htdocs\ino\app\Views\pengingat\dataIngat.php(25): CodeIgniter\Debug\Exceptions->errorHandler(2, 'Undefined array...', 'C:\\xampp\\htdocs...', 25)
#1 C:\xampp\htdocs\ino\system\View\View.php(210): include('C:\\xampp\\htdocs...')
#2 C:\xampp\htdocs\ino\system\View\View.php(213): CodeIgniter\View\View->CodeIgniter\View\{closure}()
#3 C:\xampp\htdocs\ino\system\Common.php(1089): CodeIgniter\View\View->render('pengingat/dataI...', Array, true)
#4 C:\xampp\htdocs\ino\app\Controllers\Pengingat.php(280): view('pengingat/dataI...', Array)
#5 C:\xampp\htdocs\ino\system\CodeIgniter.php(832): App\Controllers\Pengingat->tampilDataPengingat()
#6 C:\xampp\htdocs\ino\system\CodeIgniter.php(419): CodeIgniter\CodeIgniter->runController(Object(App\Controllers\Pengingat))
#7 C:\xampp\htdocs\ino\system\CodeIgniter.php(326): CodeIgniter\CodeIgniter->handleRequest(NULL, Object(Config\Cache), false)
#8 C:\xampp\htdocs\ino\public\index.php(37): CodeIgniter\CodeIgniter->run()
#9 {main}
CRITICAL - 2023-01-05 14:20:29 --> Undefined array key "ingatkode"
#0 C:\xampp\htdocs\ino\app\Controllers\Pengingat.php(316): CodeIgniter\Debug\Exceptions->errorHandler(2, 'Undefined array...', 'C:\\xampp\\htdocs...', 316)
#1 C:\xampp\htdocs\ino\system\CodeIgniter.php(832): App\Controllers\Pengingat->ambilDataPengingat()
#2 C:\xampp\htdocs\ino\system\CodeIgniter.php(419): CodeIgniter\CodeIgniter->runController(Object(App\Controllers\Pengingat))
#3 C:\xampp\htdocs\ino\system\CodeIgniter.php(326): CodeIgniter\CodeIgniter->handleRequest(NULL, Object(Config\Cache), false)
#4 C:\xampp\htdocs\ino\public\index.php(37): CodeIgniter\CodeIgniter->run()
#5 {main}
CRITICAL - 2023-01-05 14:20:34 --> Deletes are not allowed unless they contain a "where" or "like" clause.
#0 C:\xampp\htdocs\ino\system\Model.php(359): CodeIgniter\Database\BaseBuilder->delete()
#1 C:\xampp\htdocs\ino\system\BaseModel.php(963): CodeIgniter\Model->doDelete(NULL, false)
#2 C:\xampp\htdocs\ino\app\Controllers\Pengingat.php(295): CodeIgniter\BaseModel->delete(NULL)
#3 C:\xampp\htdocs\ino\system\CodeIgniter.php(832): App\Controllers\Pengingat->hapusItemIngat()
#4 C:\xampp\htdocs\ino\system\CodeIgniter.php(419): CodeIgniter\CodeIgniter->runController(Object(App\Controllers\Pengingat))
#5 C:\xampp\htdocs\ino\system\CodeIgniter.php(326): CodeIgniter\CodeIgniter->handleRequest(NULL, Object(Config\Cache), false)
#6 C:\xampp\htdocs\ino\public\index.php(37): CodeIgniter\CodeIgniter->run()
#7 {main}
CRITICAL - 2023-01-05 14:21:04 --> Undefined array key "ingatkode"
#0 C:\xampp\htdocs\ino\app\Controllers\Pengingat.php(316): CodeIgniter\Debug\Exceptions->errorHandler(2, 'Undefined array...', 'C:\\xampp\\htdocs...', 316)
#1 C:\xampp\htdocs\ino\system\CodeIgniter.php(832): App\Controllers\Pengingat->ambilDataPengingat()
#2 C:\xampp\htdocs\ino\system\CodeIgniter.php(419): CodeIgniter\CodeIgniter->runController(Object(App\Controllers\Pengingat))
#3 C:\xampp\htdocs\ino\system\CodeIgniter.php(326): CodeIgniter\CodeIgniter->handleRequest(NULL, Object(Config\Cache), false)
#4 C:\xampp\htdocs\ino\public\index.php(37): CodeIgniter\CodeIgniter->run()
#5 {main}
CRITICAL - 2023-01-05 14:21:06 --> Undefined array key "ingatkode"
#0 C:\xampp\htdocs\ino\app\Controllers\Pengingat.php(316): CodeIgniter\Debug\Exceptions->errorHandler(2, 'Undefined array...', 'C:\\xampp\\htdocs...', 316)
#1 C:\xampp\htdocs\ino\system\CodeIgniter.php(832): App\Controllers\Pengingat->ambilDataPengingat()
#2 C:\xampp\htdocs\ino\system\CodeIgniter.php(419): CodeIgniter\CodeIgniter->runController(Object(App\Controllers\Pengingat))
#3 C:\xampp\htdocs\ino\system\CodeIgniter.php(326): CodeIgniter\CodeIgniter->handleRequest(NULL, Object(Config\Cache), false)
#4 C:\xampp\htdocs\ino\public\index.php(37): CodeIgniter\CodeIgniter->run()
#5 {main}
